20:28:47.528 [background-preinit] INFO  o.h.v.i.util.Version - [<clinit>,21] - HV000001: Hibernate Validator 6.2.3.Final
20:28:48.226 [main] INFO  c.a.n.c.r.client - [lambda$createClient$0,80] - [RpcClientFactory] create a new rpc client of f687e43b-d0fe-46d9-b03c-786f04c9ab0d_config-0
20:28:48.308 [main] INFO  o.r.Reflections - [scan,232] - Reflections took 60 ms to scan 1 urls, producing 3 keys and 6 values 
20:28:48.343 [main] INFO  o.r.Reflections - [scan,232] - Reflections took 18 ms to scan 1 urls, producing 4 keys and 9 values 
20:28:48.357 [main] INFO  o.r.Reflections - [scan,232] - Reflections took 11 ms to scan 1 urls, producing 3 keys and 10 values 
20:28:48.999 [main] INFO  o.r.Reflections - [scan,232] - Reflections took 640 ms to scan 173 urls, producing 0 keys and 0 values 
20:28:49.018 [main] INFO  o.r.Reflections - [scan,232] - Reflections took 17 ms to scan 1 urls, producing 1 keys and 5 values 
20:28:49.044 [main] INFO  o.r.Reflections - [scan,232] - Reflections took 23 ms to scan 1 urls, producing 1 keys and 7 values 
20:28:49.070 [main] INFO  o.r.Reflections - [scan,232] - Reflections took 20 ms to scan 1 urls, producing 2 keys and 8 values 
20:28:49.470 [main] INFO  o.r.Reflections - [scan,232] - Reflections took 397 ms to scan 173 urls, producing 0 keys and 0 values 
20:28:49.475 [main] INFO  c.a.n.c.r.client - [printIfInfoEnabled,60] - [f687e43b-d0fe-46d9-b03c-786f04c9ab0d_config-0] RpcClient init label, labels = {module=config, Vipserver-Tag=null, source=sdk, Amory-Tag=null, Location-Tag=null, taskId=0, AppName=unknown}
20:28:49.476 [main] INFO  c.a.n.c.r.client - [printIfInfoEnabled,60] - [f687e43b-d0fe-46d9-b03c-786f04c9ab0d_config-0] Register server push request handler:com.alibaba.nacos.client.config.impl.ClientWorker$ConfigRpcTransportClient$$Lambda$328/1115381650
20:28:49.477 [main] INFO  c.a.n.c.r.client - [printIfInfoEnabled,60] - [f687e43b-d0fe-46d9-b03c-786f04c9ab0d_config-0] Register server push request handler:com.alibaba.nacos.client.config.impl.ClientWorker$ConfigRpcTransportClient$$Lambda$329/616412281
20:28:49.477 [main] INFO  c.a.n.c.r.client - [printIfInfoEnabled,60] - [f687e43b-d0fe-46d9-b03c-786f04c9ab0d_config-0] Registry connection listener to current client:com.alibaba.nacos.client.config.impl.ClientWorker$ConfigRpcTransportClient$1
20:28:49.478 [main] INFO  c.a.n.c.r.client - [printIfInfoEnabled,60] - [f687e43b-d0fe-46d9-b03c-786f04c9ab0d_config-0] RpcClient init, ServerListFactory = com.alibaba.nacos.client.config.impl.ClientWorker$ConfigRpcTransportClient$2
20:28:49.489 [main] INFO  c.a.n.c.r.client - [printIfInfoEnabled,60] - [f687e43b-d0fe-46d9-b03c-786f04c9ab0d_config-0] Try to connect to server on start up, server: {serverIp = '192.168.2.11', server main port = 8848}
20:28:51.114 [main] INFO  c.a.n.c.r.client - [printIfInfoEnabled,60] - [f687e43b-d0fe-46d9-b03c-786f04c9ab0d_config-0] Success to connect to server [192.168.2.11:8848] on start up, connectionId = 1656159959754_192.168.2.2_52091
20:28:51.114 [com.alibaba.nacos.client.remote.worker] INFO  c.a.n.c.r.client - [printIfInfoEnabled,60] - [f687e43b-d0fe-46d9-b03c-786f04c9ab0d_config-0] Notify connected event to listeners.
20:28:51.115 [main] INFO  c.a.n.c.r.client - [printIfInfoEnabled,60] - [f687e43b-d0fe-46d9-b03c-786f04c9ab0d_config-0] Register server push request handler:com.alibaba.nacos.common.remote.client.RpcClient$ConnectResetRequestHandler
20:28:51.115 [main] INFO  c.a.n.c.r.client - [printIfInfoEnabled,60] - [f687e43b-d0fe-46d9-b03c-786f04c9ab0d_config-0] Register server push request handler:com.alibaba.nacos.common.remote.client.RpcClient$$Lambda$338/435175610
20:28:51.566 [main] INFO  c.r.a.RuoYiAuthApplication - [logStartupProfileInfo,646] - The following 1 profile is active: "dev"
20:28:54.663 [main] INFO  o.a.c.h.Http11NioProtocol - [log,173] - Initializing ProtocolHandler ["http-nio-9200"]
20:28:54.663 [main] INFO  o.a.c.c.StandardService - [log,173] - Starting service [Tomcat]
20:28:54.663 [main] INFO  o.a.c.c.StandardEngine - [log,173] - Starting Servlet engine: [Apache Tomcat/9.0.62]
20:28:54.845 [main] INFO  o.a.c.c.C.[.[.[/] - [log,173] - Initializing Spring embedded WebApplicationContext
20:28:55.688 [main] INFO  c.a.c.s.SentinelWebMvcConfigurer - [addInterceptors,52] - [Sentinel Starter] register SentinelWebInterceptor with urlPatterns: [/**].
20:28:56.015 [main] INFO  c.a.n.c.r.client - [lambda$createClient$0,80] - [RpcClientFactory] create a new rpc client of e1a6a22c-7ff5-4652-a1e7-24d2c14172c2
20:28:56.015 [main] INFO  c.a.n.c.r.client - [printIfInfoEnabled,60] - [e1a6a22c-7ff5-4652-a1e7-24d2c14172c2] RpcClient init label, labels = {module=naming, source=sdk}
20:28:56.017 [main] INFO  c.a.n.c.r.client - [printIfInfoEnabled,60] - [e1a6a22c-7ff5-4652-a1e7-24d2c14172c2] RpcClient init, ServerListFactory = com.alibaba.nacos.client.naming.core.ServerListManager
20:28:56.017 [main] INFO  c.a.n.c.r.client - [printIfInfoEnabled,60] - [e1a6a22c-7ff5-4652-a1e7-24d2c14172c2] Registry connection listener to current client:com.alibaba.nacos.client.naming.remote.gprc.redo.NamingGrpcRedoService
20:28:56.018 [main] INFO  c.a.n.c.r.client - [printIfInfoEnabled,60] - [e1a6a22c-7ff5-4652-a1e7-24d2c14172c2] Register server push request handler:com.alibaba.nacos.client.naming.remote.gprc.NamingPushRequestHandler
20:28:56.018 [main] INFO  c.a.n.c.r.client - [printIfInfoEnabled,60] - [e1a6a22c-7ff5-4652-a1e7-24d2c14172c2] Try to connect to server on start up, server: {serverIp = '192.168.2.11', server main port = 8848}
20:28:56.157 [main] INFO  c.a.n.c.r.client - [printIfInfoEnabled,60] - [e1a6a22c-7ff5-4652-a1e7-24d2c14172c2] Success to connect to server [192.168.2.11:8848] on start up, connectionId = 1656159965173_192.168.2.2_52112
20:28:56.157 [com.alibaba.nacos.client.remote.worker] INFO  c.a.n.c.r.client - [printIfInfoEnabled,60] - [e1a6a22c-7ff5-4652-a1e7-24d2c14172c2] Notify connected event to listeners.
20:28:56.157 [main] INFO  c.a.n.c.r.client - [printIfInfoEnabled,60] - [e1a6a22c-7ff5-4652-a1e7-24d2c14172c2] Register server push request handler:com.alibaba.nacos.common.remote.client.RpcClient$ConnectResetRequestHandler
20:28:56.157 [main] INFO  c.a.n.c.r.client - [printIfInfoEnabled,60] - [e1a6a22c-7ff5-4652-a1e7-24d2c14172c2] Register server push request handler:com.alibaba.nacos.common.remote.client.RpcClient$$Lambda$338/435175610
20:29:16.698 [background-preinit] INFO  o.h.v.i.util.Version - [<clinit>,21] - HV000001: Hibernate Validator 6.2.3.Final
20:29:17.525 [main] INFO  c.a.n.c.r.client - [lambda$createClient$0,80] - [RpcClientFactory] create a new rpc client of b2fdc417-6845-4880-904c-1a257502847a_config-0
20:29:17.615 [main] INFO  o.r.Reflections - [scan,232] - Reflections took 53 ms to scan 1 urls, producing 3 keys and 6 values 
20:29:17.648 [main] INFO  o.r.Reflections - [scan,232] - Reflections took 15 ms to scan 1 urls, producing 4 keys and 9 values 
20:29:17.663 [main] INFO  o.r.Reflections - [scan,232] - Reflections took 12 ms to scan 1 urls, producing 3 keys and 10 values 
20:29:17.868 [main] INFO  o.r.Reflections - [scan,232] - Reflections took 201 ms to scan 173 urls, producing 0 keys and 0 values 
20:29:17.879 [main] INFO  o.r.Reflections - [scan,232] - Reflections took 10 ms to scan 1 urls, producing 1 keys and 5 values 
20:29:17.892 [main] INFO  o.r.Reflections - [scan,232] - Reflections took 10 ms to scan 1 urls, producing 1 keys and 7 values 
20:29:17.909 [main] INFO  o.r.Reflections - [scan,232] - Reflections took 13 ms to scan 1 urls, producing 2 keys and 8 values 
20:29:18.082 [main] INFO  o.r.Reflections - [scan,232] - Reflections took 171 ms to scan 173 urls, producing 0 keys and 0 values 
20:29:18.084 [main] INFO  c.a.n.c.r.client - [printIfInfoEnabled,60] - [b2fdc417-6845-4880-904c-1a257502847a_config-0] RpcClient init label, labels = {module=config, Vipserver-Tag=null, source=sdk, Amory-Tag=null, Location-Tag=null, taskId=0, AppName=unknown}
20:29:18.085 [main] INFO  c.a.n.c.r.client - [printIfInfoEnabled,60] - [b2fdc417-6845-4880-904c-1a257502847a_config-0] Register server push request handler:com.alibaba.nacos.client.config.impl.ClientWorker$ConfigRpcTransportClient$$Lambda$380/46819639
20:29:18.085 [main] INFO  c.a.n.c.r.client - [printIfInfoEnabled,60] - [b2fdc417-6845-4880-904c-1a257502847a_config-0] Register server push request handler:com.alibaba.nacos.client.config.impl.ClientWorker$ConfigRpcTransportClient$$Lambda$381/1116768981
20:29:18.086 [main] INFO  c.a.n.c.r.client - [printIfInfoEnabled,60] - [b2fdc417-6845-4880-904c-1a257502847a_config-0] Registry connection listener to current client:com.alibaba.nacos.client.config.impl.ClientWorker$ConfigRpcTransportClient$1
20:29:18.087 [main] INFO  c.a.n.c.r.client - [printIfInfoEnabled,60] - [b2fdc417-6845-4880-904c-1a257502847a_config-0] RpcClient init, ServerListFactory = com.alibaba.nacos.client.config.impl.ClientWorker$ConfigRpcTransportClient$2
20:29:18.097 [main] INFO  c.a.n.c.r.client - [printIfInfoEnabled,60] - [b2fdc417-6845-4880-904c-1a257502847a_config-0] Try to connect to server on start up, server: {serverIp = '192.168.2.11', server main port = 8848}
20:29:19.621 [main] INFO  c.a.n.c.r.client - [printIfInfoEnabled,60] - [b2fdc417-6845-4880-904c-1a257502847a_config-0] Success to connect to server [192.168.2.11:8848] on start up, connectionId = 1656159988480_192.168.2.2_52254
20:29:19.624 [com.alibaba.nacos.client.remote.worker] INFO  c.a.n.c.r.client - [printIfInfoEnabled,60] - [b2fdc417-6845-4880-904c-1a257502847a_config-0] Notify connected event to listeners.
20:29:19.626 [main] INFO  c.a.n.c.r.client - [printIfInfoEnabled,60] - [b2fdc417-6845-4880-904c-1a257502847a_config-0] Register server push request handler:com.alibaba.nacos.common.remote.client.RpcClient$ConnectResetRequestHandler
20:29:19.627 [main] INFO  c.a.n.c.r.client - [printIfInfoEnabled,60] - [b2fdc417-6845-4880-904c-1a257502847a_config-0] Register server push request handler:com.alibaba.nacos.common.remote.client.RpcClient$$Lambda$390/659845181
20:29:19.814 [main] INFO  c.r.a.RuoYiAuthApplication - [logStartupProfileInfo,646] - The following 1 profile is active: "dev"
20:29:22.027 [main] INFO  o.a.c.h.Http11NioProtocol - [log,173] - Initializing ProtocolHandler ["http-nio-9200"]
20:29:22.027 [main] INFO  o.a.c.c.StandardService - [log,173] - Starting service [Tomcat]
20:29:22.028 [main] INFO  o.a.c.c.StandardEngine - [log,173] - Starting Servlet engine: [Apache Tomcat/9.0.62]
20:29:22.172 [main] INFO  o.a.c.c.C.[.[.[/] - [log,173] - Initializing Spring embedded WebApplicationContext
20:29:23.335 [main] INFO  c.a.c.s.SentinelWebMvcConfigurer - [addInterceptors,52] - [Sentinel Starter] register SentinelWebInterceptor with urlPatterns: [/**].
20:29:23.744 [main] INFO  c.a.n.c.r.client - [lambda$createClient$0,80] - [RpcClientFactory] create a new rpc client of 0bd5d3aa-7702-4cfa-96f3-123aecc21612
20:29:23.744 [main] INFO  c.a.n.c.r.client - [printIfInfoEnabled,60] - [0bd5d3aa-7702-4cfa-96f3-123aecc21612] RpcClient init label, labels = {module=naming, source=sdk}
20:29:23.747 [main] INFO  c.a.n.c.r.client - [printIfInfoEnabled,60] - [0bd5d3aa-7702-4cfa-96f3-123aecc21612] RpcClient init, ServerListFactory = com.alibaba.nacos.client.naming.core.ServerListManager
20:29:23.747 [main] INFO  c.a.n.c.r.client - [printIfInfoEnabled,60] - [0bd5d3aa-7702-4cfa-96f3-123aecc21612] Registry connection listener to current client:com.alibaba.nacos.client.naming.remote.gprc.redo.NamingGrpcRedoService
20:29:23.748 [main] INFO  c.a.n.c.r.client - [printIfInfoEnabled,60] - [0bd5d3aa-7702-4cfa-96f3-123aecc21612] Register server push request handler:com.alibaba.nacos.client.naming.remote.gprc.NamingPushRequestHandler
20:29:23.748 [main] INFO  c.a.n.c.r.client - [printIfInfoEnabled,60] - [0bd5d3aa-7702-4cfa-96f3-123aecc21612] Try to connect to server on start up, server: {serverIp = '192.168.2.11', server main port = 8848}
20:29:23.887 [main] INFO  c.a.n.c.r.client - [printIfInfoEnabled,60] - [0bd5d3aa-7702-4cfa-96f3-123aecc21612] Success to connect to server [192.168.2.11:8848] on start up, connectionId = 1656159992897_192.168.2.2_52268
20:29:23.887 [main] INFO  c.a.n.c.r.client - [printIfInfoEnabled,60] - [0bd5d3aa-7702-4cfa-96f3-123aecc21612] Register server push request handler:com.alibaba.nacos.common.remote.client.RpcClient$ConnectResetRequestHandler
20:29:23.887 [com.alibaba.nacos.client.remote.worker] INFO  c.a.n.c.r.client - [printIfInfoEnabled,60] - [0bd5d3aa-7702-4cfa-96f3-123aecc21612] Notify connected event to listeners.
20:29:23.887 [main] INFO  c.a.n.c.r.client - [printIfInfoEnabled,60] - [0bd5d3aa-7702-4cfa-96f3-123aecc21612] Register server push request handler:com.alibaba.nacos.common.remote.client.RpcClient$$Lambda$390/659845181
20:29:24.764 [main] INFO  o.a.c.h.Http11NioProtocol - [log,173] - Starting ProtocolHandler ["http-nio-9200"]
20:29:24.824 [main] INFO  c.a.c.n.r.NacosServiceRegistry - [register,75] - nacos registry, DEFAULT_GROUP ruoyi-auth 192.168.182.1:9200 register finished
20:29:24.997 [main] INFO  c.r.a.RuoYiAuthApplication - [logStarted,61] - Started RuoYiAuthApplication in 9.099 seconds (JVM running for 12.528)
20:29:25.008 [main] INFO  c.a.c.n.r.NacosContextRefresher - [registerNacosListenersForApplications,105] - listening config: dataId=ruoyi-auth.yml, group=DEFAULT_GROUP
20:29:25.013 [main] INFO  c.a.c.n.r.NacosContextRefresher - [registerNacosListenersForApplications,105] - listening config: dataId=ruoyi-auth-dev.yml, group=DEFAULT_GROUP
20:29:25.013 [main] INFO  c.a.c.n.r.NacosContextRefresher - [registerNacosListenersForApplications,105] - listening config: dataId=ruoyi-auth, group=DEFAULT_GROUP
20:29:25.292 [nacos-grpc-client-executor-9] INFO  c.a.n.c.r.client - [printIfInfoEnabled,60] - [0bd5d3aa-7702-4cfa-96f3-123aecc21612] Receive server push request, request = NotifySubscriberRequest, requestId = 1
20:29:25.299 [nacos-grpc-client-executor-9] INFO  c.a.n.c.r.client - [printIfInfoEnabled,60] - [0bd5d3aa-7702-4cfa-96f3-123aecc21612] Ack server push request, request = NotifySubscriberRequest, requestId = 1
20:29:35.383 [background-preinit] INFO  o.h.v.i.util.Version - [<clinit>,21] - HV000001: Hibernate Validator 6.2.3.Final
20:29:36.107 [main] INFO  c.a.n.c.r.client - [lambda$createClient$0,80] - [RpcClientFactory] create a new rpc client of c1494354-a2f8-438f-a1d4-d54477dcd1c7_config-0
20:29:36.161 [main] INFO  o.r.Reflections - [scan,232] - Reflections took 31 ms to scan 1 urls, producing 3 keys and 6 values 
20:29:36.192 [main] INFO  o.r.Reflections - [scan,232] - Reflections took 14 ms to scan 1 urls, producing 4 keys and 9 values 
20:29:36.209 [main] INFO  o.r.Reflections - [scan,232] - Reflections took 14 ms to scan 1 urls, producing 3 keys and 10 values 
20:29:36.412 [main] INFO  o.r.Reflections - [scan,232] - Reflections took 198 ms to scan 174 urls, producing 0 keys and 0 values 
20:29:36.440 [main] INFO  o.r.Reflections - [scan,232] - Reflections took 28 ms to scan 1 urls, producing 1 keys and 5 values 
20:29:36.465 [main] INFO  o.r.Reflections - [scan,232] - Reflections took 20 ms to scan 1 urls, producing 1 keys and 7 values 
20:29:36.479 [main] INFO  o.r.Reflections - [scan,232] - Reflections took 10 ms to scan 1 urls, producing 2 keys and 8 values 
20:29:36.651 [main] INFO  o.r.Reflections - [scan,232] - Reflections took 170 ms to scan 174 urls, producing 0 keys and 0 values 
20:29:36.656 [main] INFO  c.a.n.c.r.client - [printIfInfoEnabled,60] - [c1494354-a2f8-438f-a1d4-d54477dcd1c7_config-0] RpcClient init label, labels = {module=config, Vipserver-Tag=null, source=sdk, Amory-Tag=null, Location-Tag=null, taskId=0, AppName=unknown}
20:29:36.657 [main] INFO  c.a.n.c.r.client - [printIfInfoEnabled,60] - [c1494354-a2f8-438f-a1d4-d54477dcd1c7_config-0] Register server push request handler:com.alibaba.nacos.client.config.impl.ClientWorker$ConfigRpcTransportClient$$Lambda$380/1201324747
20:29:36.657 [main] INFO  c.a.n.c.r.client - [printIfInfoEnabled,60] - [c1494354-a2f8-438f-a1d4-d54477dcd1c7_config-0] Register server push request handler:com.alibaba.nacos.client.config.impl.ClientWorker$ConfigRpcTransportClient$$Lambda$381/571251299
20:29:36.658 [main] INFO  c.a.n.c.r.client - [printIfInfoEnabled,60] - [c1494354-a2f8-438f-a1d4-d54477dcd1c7_config-0] Registry connection listener to current client:com.alibaba.nacos.client.config.impl.ClientWorker$ConfigRpcTransportClient$1
20:29:36.659 [main] INFO  c.a.n.c.r.client - [printIfInfoEnabled,60] - [c1494354-a2f8-438f-a1d4-d54477dcd1c7_config-0] RpcClient init, ServerListFactory = com.alibaba.nacos.client.config.impl.ClientWorker$ConfigRpcTransportClient$2
20:29:36.670 [main] INFO  c.a.n.c.r.client - [printIfInfoEnabled,60] - [c1494354-a2f8-438f-a1d4-d54477dcd1c7_config-0] Try to connect to server on start up, server: {serverIp = '192.168.2.11', server main port = 8848}
20:29:37.877 [main] INFO  c.a.n.c.r.client - [printIfInfoEnabled,60] - [c1494354-a2f8-438f-a1d4-d54477dcd1c7_config-0] Success to connect to server [192.168.2.11:8848] on start up, connectionId = 1656160006810_192.168.2.2_52377
20:29:37.878 [com.alibaba.nacos.client.remote.worker] INFO  c.a.n.c.r.client - [printIfInfoEnabled,60] - [c1494354-a2f8-438f-a1d4-d54477dcd1c7_config-0] Notify connected event to listeners.
20:29:37.878 [main] INFO  c.a.n.c.r.client - [printIfInfoEnabled,60] - [c1494354-a2f8-438f-a1d4-d54477dcd1c7_config-0] Register server push request handler:com.alibaba.nacos.common.remote.client.RpcClient$ConnectResetRequestHandler
20:29:37.878 [main] INFO  c.a.n.c.r.client - [printIfInfoEnabled,60] - [c1494354-a2f8-438f-a1d4-d54477dcd1c7_config-0] Register server push request handler:com.alibaba.nacos.common.remote.client.RpcClient$$Lambda$390/1499437334
20:29:38.010 [main] INFO  c.r.a.RuoYiAuthApplication - [logStartupProfileInfo,646] - The following 1 profile is active: "dev"
20:29:40.338 [main] INFO  o.a.c.h.Http11NioProtocol - [log,173] - Initializing ProtocolHandler ["http-nio-9200"]
20:29:40.339 [main] INFO  o.a.c.c.StandardService - [log,173] - Starting service [Tomcat]
20:29:40.339 [main] INFO  o.a.c.c.StandardEngine - [log,173] - Starting Servlet engine: [Apache Tomcat/9.0.62]
20:29:40.520 [main] INFO  o.a.c.c.C.[.[.[/] - [log,173] - Initializing Spring embedded WebApplicationContext
20:29:41.874 [main] INFO  c.a.c.s.SentinelWebMvcConfigurer - [addInterceptors,52] - [Sentinel Starter] register SentinelWebInterceptor with urlPatterns: [/**].
20:29:42.228 [main] INFO  c.a.n.c.r.client - [lambda$createClient$0,80] - [RpcClientFactory] create a new rpc client of 698b1910-6d7c-4e24-8b55-3c3d573485a9
20:29:42.228 [main] INFO  c.a.n.c.r.client - [printIfInfoEnabled,60] - [698b1910-6d7c-4e24-8b55-3c3d573485a9] RpcClient init label, labels = {module=naming, source=sdk}
20:29:42.230 [main] INFO  c.a.n.c.r.client - [printIfInfoEnabled,60] - [698b1910-6d7c-4e24-8b55-3c3d573485a9] RpcClient init, ServerListFactory = com.alibaba.nacos.client.naming.core.ServerListManager
20:29:42.230 [main] INFO  c.a.n.c.r.client - [printIfInfoEnabled,60] - [698b1910-6d7c-4e24-8b55-3c3d573485a9] Registry connection listener to current client:com.alibaba.nacos.client.naming.remote.gprc.redo.NamingGrpcRedoService
20:29:42.231 [main] INFO  c.a.n.c.r.client - [printIfInfoEnabled,60] - [698b1910-6d7c-4e24-8b55-3c3d573485a9] Register server push request handler:com.alibaba.nacos.client.naming.remote.gprc.NamingPushRequestHandler
20:29:42.231 [main] INFO  c.a.n.c.r.client - [printIfInfoEnabled,60] - [698b1910-6d7c-4e24-8b55-3c3d573485a9] Try to connect to server on start up, server: {serverIp = '192.168.2.11', server main port = 8848}
20:29:42.361 [main] INFO  c.a.n.c.r.client - [printIfInfoEnabled,60] - [698b1910-6d7c-4e24-8b55-3c3d573485a9] Success to connect to server [192.168.2.11:8848] on start up, connectionId = 1656160011375_192.168.2.2_52405
20:29:42.362 [main] INFO  c.a.n.c.r.client - [printIfInfoEnabled,60] - [698b1910-6d7c-4e24-8b55-3c3d573485a9] Register server push request handler:com.alibaba.nacos.common.remote.client.RpcClient$ConnectResetRequestHandler
20:29:42.362 [com.alibaba.nacos.client.remote.worker] INFO  c.a.n.c.r.client - [printIfInfoEnabled,60] - [698b1910-6d7c-4e24-8b55-3c3d573485a9] Notify connected event to listeners.
20:29:42.363 [main] INFO  c.a.n.c.r.client - [printIfInfoEnabled,60] - [698b1910-6d7c-4e24-8b55-3c3d573485a9] Register server push request handler:com.alibaba.nacos.common.remote.client.RpcClient$$Lambda$390/1499437334
20:29:43.189 [main] INFO  o.a.c.h.Http11NioProtocol - [log,173] - Starting ProtocolHandler ["http-nio-9200"]
20:29:43.217 [main] INFO  c.a.c.n.r.NacosServiceRegistry - [register,75] - nacos registry, DEFAULT_GROUP ruoyi-auth 192.168.182.1:9200 register finished
20:29:43.385 [main] INFO  c.r.a.RuoYiAuthApplication - [logStarted,61] - Started RuoYiAuthApplication in 8.714 seconds (JVM running for 12.643)
20:29:43.396 [main] INFO  c.a.c.n.r.NacosContextRefresher - [registerNacosListenersForApplications,105] - listening config: dataId=ruoyi-auth.yml, group=DEFAULT_GROUP
20:29:43.398 [main] INFO  c.a.c.n.r.NacosContextRefresher - [registerNacosListenersForApplications,105] - listening config: dataId=ruoyi-auth-dev.yml, group=DEFAULT_GROUP
20:29:43.398 [main] INFO  c.a.c.n.r.NacosContextRefresher - [registerNacosListenersForApplications,105] - listening config: dataId=ruoyi-auth, group=DEFAULT_GROUP
20:29:43.674 [nacos-grpc-client-executor-8] INFO  c.a.n.c.r.client - [printIfInfoEnabled,60] - [698b1910-6d7c-4e24-8b55-3c3d573485a9] Receive server push request, request = NotifySubscriberRequest, requestId = 2
20:29:43.681 [nacos-grpc-client-executor-8] INFO  c.a.n.c.r.client - [printIfInfoEnabled,60] - [698b1910-6d7c-4e24-8b55-3c3d573485a9] Ack server push request, request = NotifySubscriberRequest, requestId = 2
20:30:48.812 [SpringApplicationShutdownHook] INFO  c.a.c.n.r.NacosServiceRegistry - [deregister,94] - De-registering from Nacos Server now...
20:30:48.818 [SpringApplicationShutdownHook] INFO  c.a.c.n.r.NacosServiceRegistry - [deregister,114] - De-registration finished.
20:30:49.146 [SpringApplicationShutdownHook] INFO  c.a.n.c.r.client - [shutdown,454] - Shutdown rpc client, set status to shutdown
20:30:49.146 [SpringApplicationShutdownHook] INFO  c.a.n.c.r.client - [shutdown,456] - Shutdown client event executor java.util.concurrent.ScheduledThreadPoolExecutor@345dcdc0[Running, pool size = 2, active threads = 2, queued tasks = 0, completed tasks = 0]
20:30:49.146 [SpringApplicationShutdownHook] INFO  c.a.n.c.r.client - [closeConnection,591] - Close current connection 1656160011375_192.168.2.2_52405
20:30:49.149 [nacos-grpc-client-executor-34] INFO  c.a.n.c.r.c.g.GrpcClient - [printIfInfoEnabled,60] - [1656160011375_192.168.2.2_52405]Ignore complete event,isRunning:false,isAbandon=false
20:30:49.153 [SpringApplicationShutdownHook] INFO  c.a.n.c.r.c.g.GrpcClient - [shutdown,85] - Shutdown grpc executor java.util.concurrent.ThreadPoolExecutor@aa05345[Running, pool size = 7, active threads = 0, queued tasks = 0, completed tasks = 35]
20:31:59.135 [background-preinit] INFO  o.h.v.i.util.Version - [<clinit>,21] - HV000001: Hibernate Validator 6.2.3.Final
20:31:59.805 [main] INFO  c.a.n.c.r.client - [lambda$createClient$0,80] - [RpcClientFactory] create a new rpc client of bc1bf5b2-aa38-4306-89ce-7c98b532b1f3_config-0
20:31:59.859 [main] INFO  o.r.Reflections - [scan,232] - Reflections took 31 ms to scan 1 urls, producing 3 keys and 6 values 
20:31:59.890 [main] INFO  o.r.Reflections - [scan,232] - Reflections took 13 ms to scan 1 urls, producing 4 keys and 9 values 
20:31:59.910 [main] INFO  o.r.Reflections - [scan,232] - Reflections took 18 ms to scan 1 urls, producing 3 keys and 10 values 
20:32:00.113 [main] INFO  o.r.Reflections - [scan,232] - Reflections took 199 ms to scan 174 urls, producing 0 keys and 0 values 
20:32:00.123 [main] INFO  o.r.Reflections - [scan,232] - Reflections took 9 ms to scan 1 urls, producing 1 keys and 5 values 
20:32:00.138 [main] INFO  o.r.Reflections - [scan,232] - Reflections took 13 ms to scan 1 urls, producing 1 keys and 7 values 
20:32:00.151 [main] INFO  o.r.Reflections - [scan,232] - Reflections took 10 ms to scan 1 urls, producing 2 keys and 8 values 
20:32:00.321 [main] INFO  o.r.Reflections - [scan,232] - Reflections took 168 ms to scan 174 urls, producing 0 keys and 0 values 
20:32:00.326 [main] INFO  c.a.n.c.r.client - [printIfInfoEnabled,60] - [bc1bf5b2-aa38-4306-89ce-7c98b532b1f3_config-0] RpcClient init label, labels = {module=config, Vipserver-Tag=null, source=sdk, Amory-Tag=null, Location-Tag=null, taskId=0, AppName=unknown}
20:32:00.326 [main] INFO  c.a.n.c.r.client - [printIfInfoEnabled,60] - [bc1bf5b2-aa38-4306-89ce-7c98b532b1f3_config-0] Register server push request handler:com.alibaba.nacos.client.config.impl.ClientWorker$ConfigRpcTransportClient$$Lambda$380/53301881
20:32:00.327 [main] INFO  c.a.n.c.r.client - [printIfInfoEnabled,60] - [bc1bf5b2-aa38-4306-89ce-7c98b532b1f3_config-0] Register server push request handler:com.alibaba.nacos.client.config.impl.ClientWorker$ConfigRpcTransportClient$$Lambda$381/470187021
20:32:00.327 [main] INFO  c.a.n.c.r.client - [printIfInfoEnabled,60] - [bc1bf5b2-aa38-4306-89ce-7c98b532b1f3_config-0] Registry connection listener to current client:com.alibaba.nacos.client.config.impl.ClientWorker$ConfigRpcTransportClient$1
20:32:00.328 [main] INFO  c.a.n.c.r.client - [printIfInfoEnabled,60] - [bc1bf5b2-aa38-4306-89ce-7c98b532b1f3_config-0] RpcClient init, ServerListFactory = com.alibaba.nacos.client.config.impl.ClientWorker$ConfigRpcTransportClient$2
20:32:00.338 [main] INFO  c.a.n.c.r.client - [printIfInfoEnabled,60] - [bc1bf5b2-aa38-4306-89ce-7c98b532b1f3_config-0] Try to connect to server on start up, server: {serverIp = '192.168.2.11', server main port = 8848}
20:32:01.535 [main] INFO  c.a.n.c.r.client - [printIfInfoEnabled,60] - [bc1bf5b2-aa38-4306-89ce-7c98b532b1f3_config-0] Success to connect to server [192.168.2.11:8848] on start up, connectionId = 1656160150459_192.168.2.2_52906
20:32:01.536 [com.alibaba.nacos.client.remote.worker] INFO  c.a.n.c.r.client - [printIfInfoEnabled,60] - [bc1bf5b2-aa38-4306-89ce-7c98b532b1f3_config-0] Notify connected event to listeners.
20:32:01.536 [main] INFO  c.a.n.c.r.client - [printIfInfoEnabled,60] - [bc1bf5b2-aa38-4306-89ce-7c98b532b1f3_config-0] Register server push request handler:com.alibaba.nacos.common.remote.client.RpcClient$ConnectResetRequestHandler
20:32:01.538 [main] INFO  c.a.n.c.r.client - [printIfInfoEnabled,60] - [bc1bf5b2-aa38-4306-89ce-7c98b532b1f3_config-0] Register server push request handler:com.alibaba.nacos.common.remote.client.RpcClient$$Lambda$390/1629292387
20:32:01.647 [main] INFO  c.r.a.RuoYiAuthApplication - [logStartupProfileInfo,646] - The following 1 profile is active: "dev"
20:32:03.642 [main] INFO  o.a.c.h.Http11NioProtocol - [log,173] - Initializing ProtocolHandler ["http-nio-9200"]
20:32:03.643 [main] INFO  o.a.c.c.StandardService - [log,173] - Starting service [Tomcat]
20:32:03.643 [main] INFO  o.a.c.c.StandardEngine - [log,173] - Starting Servlet engine: [Apache Tomcat/9.0.62]
20:32:03.788 [main] INFO  o.a.c.c.C.[.[.[/] - [log,173] - Initializing Spring embedded WebApplicationContext
20:32:04.870 [main] INFO  c.a.c.s.SentinelWebMvcConfigurer - [addInterceptors,52] - [Sentinel Starter] register SentinelWebInterceptor with urlPatterns: [/**].
20:32:05.216 [main] INFO  c.a.n.c.r.client - [lambda$createClient$0,80] - [RpcClientFactory] create a new rpc client of 20f2a95c-d404-432c-ae41-56c6bf228a90
20:32:05.216 [main] INFO  c.a.n.c.r.client - [printIfInfoEnabled,60] - [20f2a95c-d404-432c-ae41-56c6bf228a90] RpcClient init label, labels = {module=naming, source=sdk}
20:32:05.218 [main] INFO  c.a.n.c.r.client - [printIfInfoEnabled,60] - [20f2a95c-d404-432c-ae41-56c6bf228a90] RpcClient init, ServerListFactory = com.alibaba.nacos.client.naming.core.ServerListManager
20:32:05.218 [main] INFO  c.a.n.c.r.client - [printIfInfoEnabled,60] - [20f2a95c-d404-432c-ae41-56c6bf228a90] Registry connection listener to current client:com.alibaba.nacos.client.naming.remote.gprc.redo.NamingGrpcRedoService
20:32:05.218 [main] INFO  c.a.n.c.r.client - [printIfInfoEnabled,60] - [20f2a95c-d404-432c-ae41-56c6bf228a90] Register server push request handler:com.alibaba.nacos.client.naming.remote.gprc.NamingPushRequestHandler
20:32:05.219 [main] INFO  c.a.n.c.r.client - [printIfInfoEnabled,60] - [20f2a95c-d404-432c-ae41-56c6bf228a90] Try to connect to server on start up, server: {serverIp = '192.168.2.11', server main port = 8848}
20:32:05.335 [main] INFO  c.a.n.c.r.client - [printIfInfoEnabled,60] - [20f2a95c-d404-432c-ae41-56c6bf228a90] Success to connect to server [192.168.2.11:8848] on start up, connectionId = 1656160154360_192.168.2.2_52918
20:32:05.335 [main] INFO  c.a.n.c.r.client - [printIfInfoEnabled,60] - [20f2a95c-d404-432c-ae41-56c6bf228a90] Register server push request handler:com.alibaba.nacos.common.remote.client.RpcClient$ConnectResetRequestHandler
20:32:05.335 [com.alibaba.nacos.client.remote.worker] INFO  c.a.n.c.r.client - [printIfInfoEnabled,60] - [20f2a95c-d404-432c-ae41-56c6bf228a90] Notify connected event to listeners.
20:32:05.335 [main] INFO  c.a.n.c.r.client - [printIfInfoEnabled,60] - [20f2a95c-d404-432c-ae41-56c6bf228a90] Register server push request handler:com.alibaba.nacos.common.remote.client.RpcClient$$Lambda$390/1629292387
20:32:06.132 [main] INFO  o.a.c.h.Http11NioProtocol - [log,173] - Starting ProtocolHandler ["http-nio-9200"]
20:32:06.188 [main] INFO  c.a.c.n.r.NacosServiceRegistry - [register,75] - nacos registry, DEFAULT_GROUP ruoyi-auth 192.168.182.1:9200 register finished
20:32:06.371 [main] INFO  c.r.a.RuoYiAuthApplication - [logStarted,61] - Started RuoYiAuthApplication in 7.935 seconds (JVM running for 11.636)
20:32:06.382 [main] INFO  c.a.c.n.r.NacosContextRefresher - [registerNacosListenersForApplications,105] - listening config: dataId=ruoyi-auth.yml, group=DEFAULT_GROUP
20:32:06.384 [main] INFO  c.a.c.n.r.NacosContextRefresher - [registerNacosListenersForApplications,105] - listening config: dataId=ruoyi-auth-dev.yml, group=DEFAULT_GROUP
20:32:06.385 [main] INFO  c.a.c.n.r.NacosContextRefresher - [registerNacosListenersForApplications,105] - listening config: dataId=ruoyi-auth, group=DEFAULT_GROUP
20:32:06.696 [nacos-grpc-client-executor-8] INFO  c.a.n.c.r.client - [printIfInfoEnabled,60] - [20f2a95c-d404-432c-ae41-56c6bf228a90] Receive server push request, request = NotifySubscriberRequest, requestId = 3
20:32:06.703 [nacos-grpc-client-executor-8] INFO  c.a.n.c.r.client - [printIfInfoEnabled,60] - [20f2a95c-d404-432c-ae41-56c6bf228a90] Ack server push request, request = NotifySubscriberRequest, requestId = 3
20:37:56.675 [http-nio-9200-exec-1] INFO  o.a.c.c.C.[.[.[/] - [log,173] - Initializing Spring DispatcherServlet 'dispatcherServlet'
20:37:57.900 [nacos-grpc-client-executor-98] INFO  c.a.n.c.r.client - [printIfInfoEnabled,60] - [20f2a95c-d404-432c-ae41-56c6bf228a90] Receive server push request, request = NotifySubscriberRequest, requestId = 7
20:37:57.901 [nacos-grpc-client-executor-98] INFO  c.a.n.c.r.client - [printIfInfoEnabled,60] - [20f2a95c-d404-432c-ae41-56c6bf228a90] Ack server push request, request = NotifySubscriberRequest, requestId = 7
20:40:38.473 [nacos-grpc-client-executor-134] INFO  c.a.n.c.r.client - [printIfInfoEnabled,60] - [20f2a95c-d404-432c-ae41-56c6bf228a90] Receive server push request, request = NotifySubscriberRequest, requestId = 12
20:40:38.481 [nacos-grpc-client-executor-134] INFO  c.a.n.c.r.client - [printIfInfoEnabled,60] - [20f2a95c-d404-432c-ae41-56c6bf228a90] Ack server push request, request = NotifySubscriberRequest, requestId = 12
