22:49:06.950 [background-preinit] INFO  o.h.v.i.util.Version - [<clinit>,21] - HV000001: Hibernate Validator 6.2.3.Final
22:49:08.686 [main] INFO  c.a.n.c.r.client - [lambda$createClient$0,80] - [RpcClientFactory] create a new rpc client of f6bc8ae4-6f1d-41bc-8fb6-3f844b675840_config-0
22:49:08.830 [main] INFO  o.r.Reflections - [scan,232] - Reflections took 84 ms to scan 1 urls, producing 3 keys and 6 values 
22:49:08.894 [main] INFO  o.r.Reflections - [scan,232] - Reflections took 21 ms to scan 1 urls, producing 4 keys and 9 values 
22:49:08.915 [main] INFO  o.r.Reflections - [scan,232] - Reflections took 15 ms to scan 1 urls, producing 3 keys and 10 values 
22:49:09.204 [main] INFO  o.r.Reflections - [scan,232] - Reflections took 283 ms to scan 248 urls, producing 0 keys and 0 values 
22:49:09.216 [main] INFO  o.r.Reflections - [scan,232] - Reflections took 11 ms to scan 1 urls, producing 1 keys and 5 values 
22:49:09.238 [main] INFO  o.r.Reflections - [scan,232] - Reflections took 17 ms to scan 1 urls, producing 1 keys and 7 values 
22:49:09.256 [main] INFO  o.r.Reflections - [scan,232] - Reflections took 13 ms to scan 1 urls, producing 2 keys and 8 values 
22:49:09.533 [main] INFO  o.r.Reflections - [scan,232] - Reflections took 270 ms to scan 248 urls, producing 0 keys and 0 values 
22:49:09.541 [main] INFO  c.a.n.c.r.client - [printIfInfoEnabled,60] - [f6bc8ae4-6f1d-41bc-8fb6-3f844b675840_config-0] RpcClient init label, labels = {module=config, Vipserver-Tag=null, source=sdk, Amory-Tag=null, Location-Tag=null, taskId=0, AppName=unknown}
22:49:09.543 [main] INFO  c.a.n.c.r.client - [printIfInfoEnabled,60] - [f6bc8ae4-6f1d-41bc-8fb6-3f844b675840_config-0] Register server push request handler:com.alibaba.nacos.client.config.impl.ClientWorker$ConfigRpcTransportClient$$Lambda$383/1366771500
22:49:09.544 [main] INFO  c.a.n.c.r.client - [printIfInfoEnabled,60] - [f6bc8ae4-6f1d-41bc-8fb6-3f844b675840_config-0] Register server push request handler:com.alibaba.nacos.client.config.impl.ClientWorker$ConfigRpcTransportClient$$Lambda$384/1660569254
22:49:09.546 [main] INFO  c.a.n.c.r.client - [printIfInfoEnabled,60] - [f6bc8ae4-6f1d-41bc-8fb6-3f844b675840_config-0] Registry connection listener to current client:com.alibaba.nacos.client.config.impl.ClientWorker$ConfigRpcTransportClient$1
22:49:09.548 [main] INFO  c.a.n.c.r.client - [printIfInfoEnabled,60] - [f6bc8ae4-6f1d-41bc-8fb6-3f844b675840_config-0] RpcClient init, ServerListFactory = com.alibaba.nacos.client.config.impl.ClientWorker$ConfigRpcTransportClient$2
22:49:09.573 [main] INFO  c.a.n.c.r.client - [printIfInfoEnabled,60] - [f6bc8ae4-6f1d-41bc-8fb6-3f844b675840_config-0] Try to connect to server on start up, server: {serverIp = '192.168.2.11', server main port = 8848}
22:49:11.780 [main] INFO  c.a.n.c.r.client - [printIfInfoEnabled,60] - [f6bc8ae4-6f1d-41bc-8fb6-3f844b675840_config-0] Success to connect to server [192.168.2.11:8848] on start up, connectionId = 1655160405498_192.168.2.2_49268
22:49:11.781 [com.alibaba.nacos.client.remote.worker] INFO  c.a.n.c.r.client - [printIfInfoEnabled,60] - [f6bc8ae4-6f1d-41bc-8fb6-3f844b675840_config-0] Notify connected event to listeners.
22:49:11.782 [main] INFO  c.a.n.c.r.client - [printIfInfoEnabled,60] - [f6bc8ae4-6f1d-41bc-8fb6-3f844b675840_config-0] Register server push request handler:com.alibaba.nacos.common.remote.client.RpcClient$ConnectResetRequestHandler
22:49:11.783 [main] INFO  c.a.n.c.r.client - [printIfInfoEnabled,60] - [f6bc8ae4-6f1d-41bc-8fb6-3f844b675840_config-0] Register server push request handler:com.alibaba.nacos.common.remote.client.RpcClient$$Lambda$393/1977220491
22:49:11.986 [main] INFO  c.r.s.RuoYiSystemApplication - [logStartupProfileInfo,646] - The following 1 profile is active: "dev"
22:49:18.163 [main] INFO  o.a.c.h.Http11NioProtocol - [log,173] - Initializing ProtocolHandler ["http-nio-9201"]
22:49:18.164 [main] INFO  o.a.c.c.StandardService - [log,173] - Starting service [Tomcat]
22:49:18.164 [main] INFO  o.a.c.c.StandardEngine - [log,173] - Starting Servlet engine: [Apache Tomcat/9.0.62]
22:49:18.454 [main] INFO  o.a.c.c.C.[.[.[/] - [log,173] - Initializing Spring embedded WebApplicationContext
22:49:19.827 [main] INFO  c.a.d.p.DruidDataSource - [init,998] - {dataSource-1,master} inited
22:49:19.837 [main] INFO  o.a.c.c.StandardService - [log,173] - Stopping service [Tomcat]
22:49:19.871 [Druid-ConnectionPool-Create-1393340692] INFO  c.a.d.p.DruidAbstractDataSource - [setFailContinuous,1804] - {dataSource-1} failContinuous is true
22:50:34.057 [background-preinit] INFO  o.h.v.i.util.Version - [<clinit>,21] - HV000001: Hibernate Validator 6.2.3.Final
22:50:36.606 [main] INFO  c.a.n.c.r.client - [lambda$createClient$0,80] - [RpcClientFactory] create a new rpc client of 6a91972b-dc12-43e3-93c5-e6d27548373d_config-0
22:50:36.837 [main] INFO  o.r.Reflections - [scan,232] - Reflections took 136 ms to scan 1 urls, producing 3 keys and 6 values 
22:50:36.912 [main] INFO  o.r.Reflections - [scan,232] - Reflections took 31 ms to scan 1 urls, producing 4 keys and 9 values 
22:50:36.941 [main] INFO  o.r.Reflections - [scan,232] - Reflections took 23 ms to scan 1 urls, producing 3 keys and 10 values 
22:50:37.264 [main] INFO  o.r.Reflections - [scan,232] - Reflections took 317 ms to scan 248 urls, producing 0 keys and 0 values 
22:50:37.278 [main] INFO  o.r.Reflections - [scan,232] - Reflections took 13 ms to scan 1 urls, producing 1 keys and 5 values 
22:50:37.312 [main] INFO  o.r.Reflections - [scan,232] - Reflections took 28 ms to scan 1 urls, producing 1 keys and 7 values 
22:50:37.344 [main] INFO  o.r.Reflections - [scan,232] - Reflections took 23 ms to scan 1 urls, producing 2 keys and 8 values 
22:50:37.695 [main] INFO  o.r.Reflections - [scan,232] - Reflections took 341 ms to scan 248 urls, producing 0 keys and 0 values 
22:50:37.705 [main] INFO  c.a.n.c.r.client - [printIfInfoEnabled,60] - [6a91972b-dc12-43e3-93c5-e6d27548373d_config-0] RpcClient init label, labels = {module=config, Vipserver-Tag=null, source=sdk, Amory-Tag=null, Location-Tag=null, taskId=0, AppName=unknown}
22:50:37.707 [main] INFO  c.a.n.c.r.client - [printIfInfoEnabled,60] - [6a91972b-dc12-43e3-93c5-e6d27548373d_config-0] Register server push request handler:com.alibaba.nacos.client.config.impl.ClientWorker$ConfigRpcTransportClient$$Lambda$383/1878648075
22:50:37.708 [main] INFO  c.a.n.c.r.client - [printIfInfoEnabled,60] - [6a91972b-dc12-43e3-93c5-e6d27548373d_config-0] Register server push request handler:com.alibaba.nacos.client.config.impl.ClientWorker$ConfigRpcTransportClient$$Lambda$384/1118317972
22:50:37.710 [main] INFO  c.a.n.c.r.client - [printIfInfoEnabled,60] - [6a91972b-dc12-43e3-93c5-e6d27548373d_config-0] Registry connection listener to current client:com.alibaba.nacos.client.config.impl.ClientWorker$ConfigRpcTransportClient$1
22:50:37.713 [main] INFO  c.a.n.c.r.client - [printIfInfoEnabled,60] - [6a91972b-dc12-43e3-93c5-e6d27548373d_config-0] RpcClient init, ServerListFactory = com.alibaba.nacos.client.config.impl.ClientWorker$ConfigRpcTransportClient$2
22:50:37.739 [main] INFO  c.a.n.c.r.client - [printIfInfoEnabled,60] - [6a91972b-dc12-43e3-93c5-e6d27548373d_config-0] Try to connect to server on start up, server: {serverIp = '192.168.2.11', server main port = 8848}
22:50:39.950 [main] INFO  c.a.n.c.r.client - [printIfInfoEnabled,60] - [6a91972b-dc12-43e3-93c5-e6d27548373d_config-0] Success to connect to server [192.168.2.11:8848] on start up, connectionId = 1655160493673_192.168.2.2_49555
22:50:39.951 [com.alibaba.nacos.client.remote.worker] INFO  c.a.n.c.r.client - [printIfInfoEnabled,60] - [6a91972b-dc12-43e3-93c5-e6d27548373d_config-0] Notify connected event to listeners.
22:50:39.954 [main] INFO  c.a.n.c.r.client - [printIfInfoEnabled,60] - [6a91972b-dc12-43e3-93c5-e6d27548373d_config-0] Register server push request handler:com.alibaba.nacos.common.remote.client.RpcClient$ConnectResetRequestHandler
22:50:39.955 [main] INFO  c.a.n.c.r.client - [printIfInfoEnabled,60] - [6a91972b-dc12-43e3-93c5-e6d27548373d_config-0] Register server push request handler:com.alibaba.nacos.common.remote.client.RpcClient$$Lambda$393/1011142882
22:50:40.165 [main] INFO  c.r.s.RuoYiSystemApplication - [logStartupProfileInfo,646] - The following 1 profile is active: "dev"
22:50:46.398 [main] INFO  o.a.c.h.Http11NioProtocol - [log,173] - Initializing ProtocolHandler ["http-nio-9201"]
22:50:46.399 [main] INFO  o.a.c.c.StandardService - [log,173] - Starting service [Tomcat]
22:50:46.400 [main] INFO  o.a.c.c.StandardEngine - [log,173] - Starting Servlet engine: [Apache Tomcat/9.0.62]
22:50:46.705 [main] INFO  o.a.c.c.C.[.[.[/] - [log,173] - Initializing Spring embedded WebApplicationContext
22:50:49.346 [main] INFO  c.a.d.p.DruidDataSource - [init,998] - {dataSource-1,master} inited
22:50:49.350 [main] INFO  c.b.d.d.DynamicRoutingDataSource - [addDataSource,148] - dynamic-datasource - add a datasource named [master] success
22:50:49.350 [main] INFO  c.b.d.d.DynamicRoutingDataSource - [afterPropertiesSet,228] - dynamic-datasource initial loaded [1] datasource,primary datasource named [master]
22:50:53.585 [main] INFO  c.b.d.d.DynamicRoutingDataSource - [destroy,205] - dynamic-datasource start closing ....
22:50:53.591 [main] INFO  c.a.d.p.DruidDataSource - [close,2071] - {dataSource-1} closing ...
22:50:53.610 [main] INFO  c.a.d.p.DruidDataSource - [close,2144] - {dataSource-1} closed
22:50:53.611 [main] INFO  c.b.d.d.DynamicRoutingDataSource - [destroy,209] - dynamic-datasource all closed success,bye
22:50:53.616 [main] INFO  o.a.c.c.StandardService - [log,173] - Stopping service [Tomcat]
22:54:43.955 [background-preinit] INFO  o.h.v.i.util.Version - [<clinit>,21] - HV000001: Hibernate Validator 6.2.3.Final
22:54:45.623 [main] INFO  c.a.n.c.r.client - [lambda$createClient$0,80] - [RpcClientFactory] create a new rpc client of a5c1a0d9-9e4b-4f43-9ac0-b0791fd5eb53_config-0
22:54:45.774 [main] INFO  o.r.Reflections - [scan,232] - Reflections took 89 ms to scan 1 urls, producing 3 keys and 6 values 
22:54:45.827 [main] INFO  o.r.Reflections - [scan,232] - Reflections took 21 ms to scan 1 urls, producing 4 keys and 9 values 
22:54:45.845 [main] INFO  o.r.Reflections - [scan,232] - Reflections took 13 ms to scan 1 urls, producing 3 keys and 10 values 
22:54:46.132 [main] INFO  o.r.Reflections - [scan,232] - Reflections took 280 ms to scan 248 urls, producing 0 keys and 0 values 
22:54:46.145 [main] INFO  o.r.Reflections - [scan,232] - Reflections took 11 ms to scan 1 urls, producing 1 keys and 5 values 
22:54:46.166 [main] INFO  o.r.Reflections - [scan,232] - Reflections took 14 ms to scan 1 urls, producing 1 keys and 7 values 
22:54:46.190 [main] INFO  o.r.Reflections - [scan,232] - Reflections took 14 ms to scan 1 urls, producing 2 keys and 8 values 
22:54:46.469 [main] INFO  o.r.Reflections - [scan,232] - Reflections took 272 ms to scan 248 urls, producing 0 keys and 0 values 
22:54:46.477 [main] INFO  c.a.n.c.r.client - [printIfInfoEnabled,60] - [a5c1a0d9-9e4b-4f43-9ac0-b0791fd5eb53_config-0] RpcClient init label, labels = {module=config, Vipserver-Tag=null, source=sdk, Amory-Tag=null, Location-Tag=null, taskId=0, AppName=unknown}
22:54:46.479 [main] INFO  c.a.n.c.r.client - [printIfInfoEnabled,60] - [a5c1a0d9-9e4b-4f43-9ac0-b0791fd5eb53_config-0] Register server push request handler:com.alibaba.nacos.client.config.impl.ClientWorker$ConfigRpcTransportClient$$Lambda$383/1825122856
22:54:46.479 [main] INFO  c.a.n.c.r.client - [printIfInfoEnabled,60] - [a5c1a0d9-9e4b-4f43-9ac0-b0791fd5eb53_config-0] Register server push request handler:com.alibaba.nacos.client.config.impl.ClientWorker$ConfigRpcTransportClient$$Lambda$384/485139613
22:54:46.481 [main] INFO  c.a.n.c.r.client - [printIfInfoEnabled,60] - [a5c1a0d9-9e4b-4f43-9ac0-b0791fd5eb53_config-0] Registry connection listener to current client:com.alibaba.nacos.client.config.impl.ClientWorker$ConfigRpcTransportClient$1
22:54:46.483 [main] INFO  c.a.n.c.r.client - [printIfInfoEnabled,60] - [a5c1a0d9-9e4b-4f43-9ac0-b0791fd5eb53_config-0] RpcClient init, ServerListFactory = com.alibaba.nacos.client.config.impl.ClientWorker$ConfigRpcTransportClient$2
22:54:46.505 [main] INFO  c.a.n.c.r.client - [printIfInfoEnabled,60] - [a5c1a0d9-9e4b-4f43-9ac0-b0791fd5eb53_config-0] Try to connect to server on start up, server: {serverIp = '192.168.2.11', server main port = 8848}
22:54:48.702 [main] INFO  c.a.n.c.r.client - [printIfInfoEnabled,60] - [a5c1a0d9-9e4b-4f43-9ac0-b0791fd5eb53_config-0] Success to connect to server [192.168.2.11:8848] on start up, connectionId = 1655160742391_192.168.2.2_51015
22:54:48.704 [com.alibaba.nacos.client.remote.worker] INFO  c.a.n.c.r.client - [printIfInfoEnabled,60] - [a5c1a0d9-9e4b-4f43-9ac0-b0791fd5eb53_config-0] Notify connected event to listeners.
22:54:48.705 [main] INFO  c.a.n.c.r.client - [printIfInfoEnabled,60] - [a5c1a0d9-9e4b-4f43-9ac0-b0791fd5eb53_config-0] Register server push request handler:com.alibaba.nacos.common.remote.client.RpcClient$ConnectResetRequestHandler
22:54:48.706 [main] INFO  c.a.n.c.r.client - [printIfInfoEnabled,60] - [a5c1a0d9-9e4b-4f43-9ac0-b0791fd5eb53_config-0] Register server push request handler:com.alibaba.nacos.common.remote.client.RpcClient$$Lambda$393/661633811
22:54:48.906 [main] INFO  c.r.s.RuoYiSystemApplication - [logStartupProfileInfo,646] - The following 1 profile is active: "dev"
22:54:54.816 [main] INFO  o.a.c.h.Http11NioProtocol - [log,173] - Initializing ProtocolHandler ["http-nio-9201"]
22:54:54.818 [main] INFO  o.a.c.c.StandardService - [log,173] - Starting service [Tomcat]
22:54:54.819 [main] INFO  o.a.c.c.StandardEngine - [log,173] - Starting Servlet engine: [Apache Tomcat/9.0.62]
22:54:55.104 [main] INFO  o.a.c.c.C.[.[.[/] - [log,173] - Initializing Spring embedded WebApplicationContext
22:54:57.585 [main] INFO  c.a.d.p.DruidDataSource - [init,998] - {dataSource-1,master} inited
22:54:57.587 [main] INFO  c.b.d.d.DynamicRoutingDataSource - [addDataSource,148] - dynamic-datasource - add a datasource named [master] success
22:54:57.588 [main] INFO  c.b.d.d.DynamicRoutingDataSource - [afterPropertiesSet,228] - dynamic-datasource initial loaded [1] datasource,primary datasource named [master]
22:55:06.209 [main] INFO  c.a.c.s.SentinelWebMvcConfigurer - [addInterceptors,52] - [Sentinel Starter] register SentinelWebInterceptor with urlPatterns: [/**].
22:55:06.770 [main] INFO  c.a.n.c.r.client - [lambda$createClient$0,80] - [RpcClientFactory] create a new rpc client of b03c2b87-2857-4d15-9698-5fb46f71f967
22:55:06.770 [main] INFO  c.a.n.c.r.client - [printIfInfoEnabled,60] - [b03c2b87-2857-4d15-9698-5fb46f71f967] RpcClient init label, labels = {module=naming, source=sdk}
22:55:06.777 [main] INFO  c.a.n.c.r.client - [printIfInfoEnabled,60] - [b03c2b87-2857-4d15-9698-5fb46f71f967] RpcClient init, ServerListFactory = com.alibaba.nacos.client.naming.core.ServerListManager
22:55:06.778 [main] INFO  c.a.n.c.r.client - [printIfInfoEnabled,60] - [b03c2b87-2857-4d15-9698-5fb46f71f967] Registry connection listener to current client:com.alibaba.nacos.client.naming.remote.gprc.redo.NamingGrpcRedoService
22:55:06.781 [main] INFO  c.a.n.c.r.client - [printIfInfoEnabled,60] - [b03c2b87-2857-4d15-9698-5fb46f71f967] Register server push request handler:com.alibaba.nacos.client.naming.remote.gprc.NamingPushRequestHandler
22:55:06.782 [main] INFO  c.a.n.c.r.client - [printIfInfoEnabled,60] - [b03c2b87-2857-4d15-9698-5fb46f71f967] Try to connect to server on start up, server: {serverIp = '192.168.2.11', server main port = 8848}
22:55:06.898 [main] INFO  c.a.n.c.r.client - [printIfInfoEnabled,60] - [b03c2b87-2857-4d15-9698-5fb46f71f967] Success to connect to server [192.168.2.11:8848] on start up, connectionId = 1655160760886_192.168.2.2_51147
22:55:06.899 [com.alibaba.nacos.client.remote.worker] INFO  c.a.n.c.r.client - [printIfInfoEnabled,60] - [b03c2b87-2857-4d15-9698-5fb46f71f967] Notify connected event to listeners.
22:55:06.899 [main] INFO  c.a.n.c.r.client - [printIfInfoEnabled,60] - [b03c2b87-2857-4d15-9698-5fb46f71f967] Register server push request handler:com.alibaba.nacos.common.remote.client.RpcClient$ConnectResetRequestHandler
22:55:06.900 [main] INFO  c.a.n.c.r.client - [printIfInfoEnabled,60] - [b03c2b87-2857-4d15-9698-5fb46f71f967] Register server push request handler:com.alibaba.nacos.common.remote.client.RpcClient$$Lambda$393/661633811
22:55:09.348 [main] INFO  o.a.c.h.Http11NioProtocol - [log,173] - Starting ProtocolHandler ["http-nio-9201"]
22:55:09.391 [main] INFO  c.a.c.n.r.NacosServiceRegistry - [register,75] - nacos registry, DEFAULT_GROUP ruoyi-system 192.168.182.1:9201 register finished
22:55:09.885 [nacos-grpc-client-executor-8] INFO  c.a.n.c.r.client - [printIfInfoEnabled,60] - [b03c2b87-2857-4d15-9698-5fb46f71f967] Receive server push request, request = NotifySubscriberRequest, requestId = 5
22:55:09.892 [nacos-grpc-client-executor-8] INFO  c.a.n.c.r.client - [printIfInfoEnabled,60] - [b03c2b87-2857-4d15-9698-5fb46f71f967] Ack server push request, request = NotifySubscriberRequest, requestId = 5
22:55:10.470 [main] INFO  c.r.s.RuoYiSystemApplication - [logStarted,61] - Started RuoYiSystemApplication in 27.78 seconds (JVM running for 35.752)
22:55:10.492 [main] INFO  c.a.c.n.r.NacosContextRefresher - [registerNacosListenersForApplications,105] - listening config: dataId=ruoyi-system, group=DEFAULT_GROUP
22:55:10.493 [main] INFO  c.a.c.n.r.NacosContextRefresher - [registerNacosListenersForApplications,105] - listening config: dataId=ruoyi-system.yml, group=DEFAULT_GROUP
22:55:10.499 [main] INFO  c.a.c.n.r.NacosContextRefresher - [registerNacosListenersForApplications,105] - listening config: dataId=ruoyi-system-dev.yml, group=DEFAULT_GROUP
23:28:54.571 [http-nio-9201-exec-2] INFO  o.a.c.c.C.[.[.[/] - [log,173] - Initializing Spring DispatcherServlet 'dispatcherServlet'
23:29:00.077 [com.alibaba.nacos.client.remote.worker] INFO  c.a.n.c.r.client - [printIfInfoEnabled,60] - [a5c1a0d9-9e4b-4f43-9ac0-b0791fd5eb53_config-0] Server healthy check fail, currentConnection = 1655160742391_192.168.2.2_51015
23:29:00.077 [com.alibaba.nacos.client.remote.worker] INFO  c.a.n.c.r.client - [printIfInfoEnabled,60] - [a5c1a0d9-9e4b-4f43-9ac0-b0791fd5eb53_config-0] Try to reconnect to a new server, server is  not appointed, will choose a random server.
23:29:01.252 [com.alibaba.nacos.client.remote.worker] INFO  c.a.n.c.r.client - [printIfInfoEnabled,60] - [a5c1a0d9-9e4b-4f43-9ac0-b0791fd5eb53_config-0] Success to connect a server [192.168.2.11:8848], connectionId = 1655162795182_192.168.2.2_60889
23:29:01.252 [com.alibaba.nacos.client.remote.worker] INFO  c.a.n.c.r.client - [printIfInfoEnabled,60] - [a5c1a0d9-9e4b-4f43-9ac0-b0791fd5eb53_config-0] Abandon prev connection, server is 192.168.2.11:8848, connectionId is 1655160742391_192.168.2.2_51015
23:29:01.253 [com.alibaba.nacos.client.remote.worker] INFO  c.a.n.c.r.client - [closeConnection,591] - Close current connection 1655160742391_192.168.2.2_51015
23:29:01.256 [nacos-grpc-client-executor-440] INFO  c.a.n.c.r.c.g.GrpcClient - [printIfInfoEnabled,60] - [1655160742391_192.168.2.2_51015]Ignore complete event,isRunning:false,isAbandon=true
23:29:01.274 [com.alibaba.nacos.client.remote.worker] INFO  c.a.n.c.r.client - [printIfInfoEnabled,60] - [a5c1a0d9-9e4b-4f43-9ac0-b0791fd5eb53_config-0] Notify disconnected event to listeners
23:29:01.275 [com.alibaba.nacos.client.remote.worker] INFO  c.a.n.c.r.client - [printIfInfoEnabled,60] - [a5c1a0d9-9e4b-4f43-9ac0-b0791fd5eb53_config-0] Notify connected event to listeners.
