02:49:36.812 [SpringApplicationShutdownHook] INFO  c.a.c.n.r.NacosServiceRegistry - [deregister,94] - De-registering from Nacos Server now...
02:49:36.826 [SpringApplicationShutdownHook] INFO  c.a.c.n.r.NacosServiceRegistry - [deregister,114] - De-registration finished.
02:49:37.165 [SpringApplicationShutdownHook] INFO  c.a.n.c.r.client - [shutdown,454] - Shutdown rpc client, set status to shutdown
02:49:37.165 [SpringApplicationShutdownHook] INFO  c.a.n.c.r.client - [shutdown,456] - Shutdown client event executor java.util.concurrent.ScheduledThreadPoolExecutor@2ea97e2a[Running, pool size = 2, active threads = 2, queued tasks = 0, completed tasks = 0]
02:49:37.166 [SpringApplicationShutdownHook] INFO  c.a.n.c.r.client - [closeConnection,591] - Close current connection 1656160629856_192.168.2.2_54716
02:49:37.169 [nacos-grpc-client-executor-4542] INFO  c.a.n.c.r.c.g.GrpcClient - [printIfInfoEnabled,60] - [1656160629856_192.168.2.2_54716]Ignore complete event,isRunning:false,isAbandon=false
02:49:37.179 [SpringApplicationShutdownHook] INFO  c.a.n.c.r.c.g.GrpcClient - [shutdown,85] - Shutdown grpc executor java.util.concurrent.ThreadPoolExecutor@1fda9491[Running, pool size = 5, active threads = 0, queued tasks = 0, completed tasks = 4543]
02:49:37.340 [SpringApplicationShutdownHook] INFO  c.z.h.HikariDataSource - [close,350] - HikariPool-1 - Shutdown initiated...
02:49:37.348 [SpringApplicationShutdownHook] INFO  c.z.h.HikariDataSource - [close,352] - HikariPool-1 - Shutdown completed.
14:13:47.405 [background-preinit] INFO  o.h.v.i.util.Version - [<clinit>,21] - HV000001: Hibernate Validator 6.2.3.Final
14:13:51.066 [main] INFO  c.a.n.c.r.client - [lambda$createClient$0,80] - [RpcClientFactory] create a new rpc client of 2d942c76-e299-4660-b2e0-4caed1e2c28b_config-0
14:13:51.267 [main] INFO  o.r.Reflections - [scan,232] - Reflections took 100 ms to scan 1 urls, producing 3 keys and 6 values 
14:13:51.350 [main] INFO  o.r.Reflections - [scan,232] - Reflections took 32 ms to scan 1 urls, producing 4 keys and 9 values 
14:13:51.399 [main] INFO  o.r.Reflections - [scan,232] - Reflections took 41 ms to scan 1 urls, producing 3 keys and 10 values 
14:13:51.947 [main] INFO  o.r.Reflections - [scan,232] - Reflections took 539 ms to scan 195 urls, producing 0 keys and 0 values 
14:13:51.978 [main] INFO  o.r.Reflections - [scan,232] - Reflections took 29 ms to scan 1 urls, producing 1 keys and 5 values 
14:13:52.011 [main] INFO  o.r.Reflections - [scan,232] - Reflections took 26 ms to scan 1 urls, producing 1 keys and 7 values 
14:13:52.047 [main] INFO  o.r.Reflections - [scan,232] - Reflections took 29 ms to scan 1 urls, producing 2 keys and 8 values 
14:13:52.626 [main] INFO  o.r.Reflections - [scan,232] - Reflections took 571 ms to scan 195 urls, producing 0 keys and 0 values 
14:13:52.637 [main] INFO  c.a.n.c.r.client - [printIfInfoEnabled,60] - [2d942c76-e299-4660-b2e0-4caed1e2c28b_config-0] RpcClient init label, labels = {module=config, Vipserver-Tag=null, source=sdk, Amory-Tag=null, Location-Tag=null, taskId=0, AppName=unknown}
14:13:52.639 [main] INFO  c.a.n.c.r.client - [printIfInfoEnabled,60] - [2d942c76-e299-4660-b2e0-4caed1e2c28b_config-0] Register server push request handler:com.alibaba.nacos.client.config.impl.ClientWorker$ConfigRpcTransportClient$$Lambda$378/956968800
14:13:52.640 [main] INFO  c.a.n.c.r.client - [printIfInfoEnabled,60] - [2d942c76-e299-4660-b2e0-4caed1e2c28b_config-0] Register server push request handler:com.alibaba.nacos.client.config.impl.ClientWorker$ConfigRpcTransportClient$$Lambda$379/882022301
14:13:52.642 [main] INFO  c.a.n.c.r.client - [printIfInfoEnabled,60] - [2d942c76-e299-4660-b2e0-4caed1e2c28b_config-0] Registry connection listener to current client:com.alibaba.nacos.client.config.impl.ClientWorker$ConfigRpcTransportClient$1
14:13:52.644 [main] INFO  c.a.n.c.r.client - [printIfInfoEnabled,60] - [2d942c76-e299-4660-b2e0-4caed1e2c28b_config-0] RpcClient init, ServerListFactory = com.alibaba.nacos.client.config.impl.ClientWorker$ConfigRpcTransportClient$2
14:13:52.675 [main] INFO  c.a.n.c.r.client - [printIfInfoEnabled,60] - [2d942c76-e299-4660-b2e0-4caed1e2c28b_config-0] Try to connect to server on start up, server: {serverIp = '192.168.2.11', server main port = 8848}
14:13:56.661 [main] INFO  c.a.n.c.r.client - [printIfInfoEnabled,60] - [2d942c76-e299-4660-b2e0-4caed1e2c28b_config-0] Success to connect to server [192.168.2.11:8848] on start up, connectionId = 1656223863655_192.168.2.2_60138
14:13:56.663 [com.alibaba.nacos.client.remote.worker] INFO  c.a.n.c.r.client - [printIfInfoEnabled,60] - [2d942c76-e299-4660-b2e0-4caed1e2c28b_config-0] Notify connected event to listeners.
14:13:56.666 [main] INFO  c.a.n.c.r.client - [printIfInfoEnabled,60] - [2d942c76-e299-4660-b2e0-4caed1e2c28b_config-0] Register server push request handler:com.alibaba.nacos.common.remote.client.RpcClient$ConnectResetRequestHandler
14:13:56.667 [main] INFO  c.a.n.c.r.client - [printIfInfoEnabled,60] - [2d942c76-e299-4660-b2e0-4caed1e2c28b_config-0] Register server push request handler:com.alibaba.nacos.common.remote.client.RpcClient$$Lambda$388/752495736
14:13:56.959 [main] INFO  c.r.g.RuoYiGenApplication - [logStartupProfileInfo,646] - The following 1 profile is active: "dev"
14:14:07.839 [main] INFO  o.a.c.h.Http11NioProtocol - [log,173] - Initializing ProtocolHandler ["http-nio-9202"]
14:14:07.840 [main] INFO  o.a.c.c.StandardService - [log,173] - Starting service [Tomcat]
14:14:07.841 [main] INFO  o.a.c.c.StandardEngine - [log,173] - Starting Servlet engine: [Apache Tomcat/9.0.62]
14:14:08.330 [main] INFO  o.a.c.c.C.[.[.[/] - [log,173] - Initializing Spring embedded WebApplicationContext
14:14:12.146 [main] INFO  c.a.c.s.SentinelWebMvcConfigurer - [addInterceptors,52] - [Sentinel Starter] register SentinelWebInterceptor with urlPatterns: [/**].
14:14:13.542 [main] INFO  c.a.n.c.r.client - [lambda$createClient$0,80] - [RpcClientFactory] create a new rpc client of 71b52693-fd98-404f-b692-a761cf59466c
14:14:13.543 [main] INFO  c.a.n.c.r.client - [printIfInfoEnabled,60] - [71b52693-fd98-404f-b692-a761cf59466c] RpcClient init label, labels = {module=naming, source=sdk}
14:14:13.547 [main] INFO  c.a.n.c.r.client - [printIfInfoEnabled,60] - [71b52693-fd98-404f-b692-a761cf59466c] RpcClient init, ServerListFactory = com.alibaba.nacos.client.naming.core.ServerListManager
14:14:13.548 [main] INFO  c.a.n.c.r.client - [printIfInfoEnabled,60] - [71b52693-fd98-404f-b692-a761cf59466c] Registry connection listener to current client:com.alibaba.nacos.client.naming.remote.gprc.redo.NamingGrpcRedoService
14:14:13.549 [main] INFO  c.a.n.c.r.client - [printIfInfoEnabled,60] - [71b52693-fd98-404f-b692-a761cf59466c] Register server push request handler:com.alibaba.nacos.client.naming.remote.gprc.NamingPushRequestHandler
14:14:13.550 [main] INFO  c.a.n.c.r.client - [printIfInfoEnabled,60] - [71b52693-fd98-404f-b692-a761cf59466c] Try to connect to server on start up, server: {serverIp = '192.168.2.11', server main port = 8848}
14:14:13.683 [main] INFO  c.a.n.c.r.client - [printIfInfoEnabled,60] - [71b52693-fd98-404f-b692-a761cf59466c] Success to connect to server [192.168.2.11:8848] on start up, connectionId = 1656223881021_192.168.2.2_60378
14:14:13.683 [com.alibaba.nacos.client.remote.worker] INFO  c.a.n.c.r.client - [printIfInfoEnabled,60] - [71b52693-fd98-404f-b692-a761cf59466c] Notify connected event to listeners.
14:14:13.683 [main] INFO  c.a.n.c.r.client - [printIfInfoEnabled,60] - [71b52693-fd98-404f-b692-a761cf59466c] Register server push request handler:com.alibaba.nacos.common.remote.client.RpcClient$ConnectResetRequestHandler
14:14:13.685 [main] INFO  c.a.n.c.r.client - [printIfInfoEnabled,60] - [71b52693-fd98-404f-b692-a761cf59466c] Register server push request handler:com.alibaba.nacos.common.remote.client.RpcClient$$Lambda$388/752495736
14:14:17.869 [main] INFO  o.a.c.h.Http11NioProtocol - [log,173] - Starting ProtocolHandler ["http-nio-9202"]
14:14:17.972 [main] INFO  c.a.c.n.r.NacosServiceRegistry - [register,75] - nacos registry, DEFAULT_GROUP ruoyi-gen 192.168.182.1:9202 register finished
14:14:18.432 [nacos-grpc-client-executor-10] INFO  c.a.n.c.r.client - [printIfInfoEnabled,60] - [71b52693-fd98-404f-b692-a761cf59466c] Receive server push request, request = NotifySubscriberRequest, requestId = 4
14:14:18.453 [nacos-grpc-client-executor-10] INFO  c.a.n.c.r.client - [printIfInfoEnabled,60] - [71b52693-fd98-404f-b692-a761cf59466c] Ack server push request, request = NotifySubscriberRequest, requestId = 4
14:14:18.727 [main] INFO  c.r.g.RuoYiGenApplication - [logStarted,61] - Started RuoYiGenApplication in 34.502 seconds (JVM running for 45.374)
14:14:18.749 [main] INFO  c.a.c.n.r.NacosContextRefresher - [registerNacosListenersForApplications,105] - listening config: dataId=ruoyi-gen, group=DEFAULT_GROUP
14:14:18.759 [main] INFO  c.a.c.n.r.NacosContextRefresher - [registerNacosListenersForApplications,105] - listening config: dataId=ruoyi-gen-dev.yml, group=DEFAULT_GROUP
14:14:18.760 [main] INFO  c.a.c.n.r.NacosContextRefresher - [registerNacosListenersForApplications,105] - listening config: dataId=ruoyi-gen.yml, group=DEFAULT_GROUP
14:14:30.100 [http-nio-9202-exec-1] INFO  o.a.c.c.C.[.[.[/] - [log,173] - Initializing Spring DispatcherServlet 'dispatcherServlet'
14:14:30.383 [http-nio-9202-exec-1] INFO  c.z.h.HikariDataSource - [getConnection,110] - HikariPool-1 - Starting...
14:14:31.166 [http-nio-9202-exec-1] INFO  c.z.h.HikariDataSource - [getConnection,123] - HikariPool-1 - Start completed.
14:34:56.517 [SpringApplicationShutdownHook] INFO  c.a.c.n.r.NacosServiceRegistry - [deregister,94] - De-registering from Nacos Server now...
14:34:56.523 [SpringApplicationShutdownHook] INFO  c.a.c.n.r.NacosServiceRegistry - [deregister,114] - De-registration finished.
14:34:56.851 [SpringApplicationShutdownHook] INFO  c.a.n.c.r.client - [shutdown,454] - Shutdown rpc client, set status to shutdown
14:34:56.851 [SpringApplicationShutdownHook] INFO  c.a.n.c.r.client - [shutdown,456] - Shutdown client event executor java.util.concurrent.ScheduledThreadPoolExecutor@517548eb[Running, pool size = 2, active threads = 2, queued tasks = 0, completed tasks = 0]
14:34:56.851 [SpringApplicationShutdownHook] INFO  c.a.n.c.r.client - [closeConnection,591] - Close current connection 1656223881021_192.168.2.2_60378
14:34:56.854 [nacos-grpc-client-executor-273] INFO  c.a.n.c.r.c.g.GrpcClient - [printIfInfoEnabled,60] - [1656223881021_192.168.2.2_60378]Ignore complete event,isRunning:false,isAbandon=false
14:34:56.870 [SpringApplicationShutdownHook] INFO  c.a.n.c.r.c.g.GrpcClient - [shutdown,85] - Shutdown grpc executor java.util.concurrent.ThreadPoolExecutor@5741931f[Running, pool size = 5, active threads = 0, queued tasks = 0, completed tasks = 274]
14:34:57.022 [SpringApplicationShutdownHook] INFO  c.z.h.HikariDataSource - [close,350] - HikariPool-1 - Shutdown initiated...
14:34:57.038 [SpringApplicationShutdownHook] INFO  c.z.h.HikariDataSource - [close,352] - HikariPool-1 - Shutdown completed.
14:42:09.636 [background-preinit] INFO  o.h.v.i.util.Version - [<clinit>,21] - HV000001: Hibernate Validator 6.2.3.Final
14:42:13.944 [main] INFO  c.a.n.c.r.client - [lambda$createClient$0,80] - [RpcClientFactory] create a new rpc client of 1a0126e0-68c4-4bf1-a6c6-ea90018ee893_config-0
14:42:14.244 [main] INFO  o.r.Reflections - [scan,232] - Reflections took 152 ms to scan 1 urls, producing 3 keys and 6 values 
14:42:14.381 [main] INFO  o.r.Reflections - [scan,232] - Reflections took 50 ms to scan 1 urls, producing 4 keys and 9 values 
14:42:14.467 [main] INFO  o.r.Reflections - [scan,232] - Reflections took 71 ms to scan 1 urls, producing 3 keys and 10 values 
14:42:15.212 [main] INFO  o.r.Reflections - [scan,232] - Reflections took 734 ms to scan 195 urls, producing 0 keys and 0 values 
14:42:15.236 [main] INFO  o.r.Reflections - [scan,232] - Reflections took 22 ms to scan 1 urls, producing 1 keys and 5 values 
14:42:15.296 [main] INFO  o.r.Reflections - [scan,232] - Reflections took 53 ms to scan 1 urls, producing 1 keys and 7 values 
14:42:15.340 [main] INFO  o.r.Reflections - [scan,232] - Reflections took 36 ms to scan 1 urls, producing 2 keys and 8 values 
14:42:15.936 [main] INFO  o.r.Reflections - [scan,232] - Reflections took 572 ms to scan 195 urls, producing 0 keys and 0 values 
14:42:15.940 [main] INFO  c.a.n.c.r.client - [printIfInfoEnabled,60] - [1a0126e0-68c4-4bf1-a6c6-ea90018ee893_config-0] RpcClient init label, labels = {module=config, Vipserver-Tag=null, source=sdk, Amory-Tag=null, Location-Tag=null, taskId=0, AppName=unknown}
14:42:15.942 [main] INFO  c.a.n.c.r.client - [printIfInfoEnabled,60] - [1a0126e0-68c4-4bf1-a6c6-ea90018ee893_config-0] Register server push request handler:com.alibaba.nacos.client.config.impl.ClientWorker$ConfigRpcTransportClient$$Lambda$380/1299862766
14:42:15.944 [main] INFO  c.a.n.c.r.client - [printIfInfoEnabled,60] - [1a0126e0-68c4-4bf1-a6c6-ea90018ee893_config-0] Register server push request handler:com.alibaba.nacos.client.config.impl.ClientWorker$ConfigRpcTransportClient$$Lambda$381/718961312
14:42:15.948 [main] INFO  c.a.n.c.r.client - [printIfInfoEnabled,60] - [1a0126e0-68c4-4bf1-a6c6-ea90018ee893_config-0] Registry connection listener to current client:com.alibaba.nacos.client.config.impl.ClientWorker$ConfigRpcTransportClient$1
14:42:15.951 [main] INFO  c.a.n.c.r.client - [printIfInfoEnabled,60] - [1a0126e0-68c4-4bf1-a6c6-ea90018ee893_config-0] RpcClient init, ServerListFactory = com.alibaba.nacos.client.config.impl.ClientWorker$ConfigRpcTransportClient$2
14:42:15.988 [main] INFO  c.a.n.c.r.client - [printIfInfoEnabled,60] - [1a0126e0-68c4-4bf1-a6c6-ea90018ee893_config-0] Try to connect to server on start up, server: {serverIp = '192.168.2.11', server main port = 8848}
14:42:21.858 [main] INFO  c.a.n.c.r.client - [printIfInfoEnabled,60] - [1a0126e0-68c4-4bf1-a6c6-ea90018ee893_config-0] Try to connect to server on start up, server: {serverIp = '192.168.2.11', server main port = 8848}
14:42:22.439 [main] INFO  c.a.n.c.r.client - [printIfInfoEnabled,60] - [1a0126e0-68c4-4bf1-a6c6-ea90018ee893_config-0] Success to connect to server [192.168.2.11:8848] on start up, connectionId = 1656225569341_192.168.2.2_49818
14:42:22.442 [com.alibaba.nacos.client.remote.worker] INFO  c.a.n.c.r.client - [printIfInfoEnabled,60] - [1a0126e0-68c4-4bf1-a6c6-ea90018ee893_config-0] Notify connected event to listeners.
14:42:22.446 [main] INFO  c.a.n.c.r.client - [printIfInfoEnabled,60] - [1a0126e0-68c4-4bf1-a6c6-ea90018ee893_config-0] Register server push request handler:com.alibaba.nacos.common.remote.client.RpcClient$ConnectResetRequestHandler
14:42:22.447 [main] INFO  c.a.n.c.r.client - [printIfInfoEnabled,60] - [1a0126e0-68c4-4bf1-a6c6-ea90018ee893_config-0] Register server push request handler:com.alibaba.nacos.common.remote.client.RpcClient$$Lambda$390/1741839144
14:42:23.064 [main] INFO  c.r.g.RuoYiGenApplication - [logStartupProfileInfo,646] - The following 1 profile is active: "dev"
14:42:35.537 [main] INFO  o.a.c.h.Http11NioProtocol - [log,173] - Initializing ProtocolHandler ["http-nio-9202"]
14:42:35.539 [main] INFO  o.a.c.c.StandardService - [log,173] - Starting service [Tomcat]
14:42:35.539 [main] INFO  o.a.c.c.StandardEngine - [log,173] - Starting Servlet engine: [Apache Tomcat/9.0.62]
14:42:35.960 [main] INFO  o.a.c.c.C.[.[.[/] - [log,173] - Initializing Spring embedded WebApplicationContext
14:42:39.352 [main] INFO  c.a.c.s.SentinelWebMvcConfigurer - [addInterceptors,52] - [Sentinel Starter] register SentinelWebInterceptor with urlPatterns: [/**].
14:42:41.342 [main] INFO  c.a.n.c.r.client - [lambda$createClient$0,80] - [RpcClientFactory] create a new rpc client of 73ed5531-e3c1-4f06-82a2-60187eace4d1
14:42:41.343 [main] INFO  c.a.n.c.r.client - [printIfInfoEnabled,60] - [73ed5531-e3c1-4f06-82a2-60187eace4d1] RpcClient init label, labels = {module=naming, source=sdk}
14:42:41.352 [main] INFO  c.a.n.c.r.client - [printIfInfoEnabled,60] - [73ed5531-e3c1-4f06-82a2-60187eace4d1] RpcClient init, ServerListFactory = com.alibaba.nacos.client.naming.core.ServerListManager
14:42:41.353 [main] INFO  c.a.n.c.r.client - [printIfInfoEnabled,60] - [73ed5531-e3c1-4f06-82a2-60187eace4d1] Registry connection listener to current client:com.alibaba.nacos.client.naming.remote.gprc.redo.NamingGrpcRedoService
14:42:41.355 [main] INFO  c.a.n.c.r.client - [printIfInfoEnabled,60] - [73ed5531-e3c1-4f06-82a2-60187eace4d1] Register server push request handler:com.alibaba.nacos.client.naming.remote.gprc.NamingPushRequestHandler
14:42:41.356 [main] INFO  c.a.n.c.r.client - [printIfInfoEnabled,60] - [73ed5531-e3c1-4f06-82a2-60187eace4d1] Try to connect to server on start up, server: {serverIp = '192.168.2.11', server main port = 8848}
14:42:41.487 [main] INFO  c.a.n.c.r.client - [printIfInfoEnabled,60] - [73ed5531-e3c1-4f06-82a2-60187eace4d1] Success to connect to server [192.168.2.11:8848] on start up, connectionId = 1656225588809_192.168.2.2_50142
14:42:41.488 [com.alibaba.nacos.client.remote.worker] INFO  c.a.n.c.r.client - [printIfInfoEnabled,60] - [73ed5531-e3c1-4f06-82a2-60187eace4d1] Notify connected event to listeners.
14:42:41.488 [main] INFO  c.a.n.c.r.client - [printIfInfoEnabled,60] - [73ed5531-e3c1-4f06-82a2-60187eace4d1] Register server push request handler:com.alibaba.nacos.common.remote.client.RpcClient$ConnectResetRequestHandler
14:42:41.489 [main] INFO  c.a.n.c.r.client - [printIfInfoEnabled,60] - [73ed5531-e3c1-4f06-82a2-60187eace4d1] Register server push request handler:com.alibaba.nacos.common.remote.client.RpcClient$$Lambda$390/1741839144
14:42:45.396 [main] INFO  o.a.c.h.Http11NioProtocol - [log,173] - Starting ProtocolHandler ["http-nio-9202"]
14:42:45.481 [main] INFO  c.a.c.n.r.NacosServiceRegistry - [register,75] - nacos registry, DEFAULT_GROUP ruoyi-gen 192.168.182.1:9202 register finished
14:42:45.953 [nacos-grpc-client-executor-6] INFO  c.a.n.c.r.client - [printIfInfoEnabled,60] - [73ed5531-e3c1-4f06-82a2-60187eace4d1] Receive server push request, request = NotifySubscriberRequest, requestId = 37
14:42:45.967 [nacos-grpc-client-executor-6] INFO  c.a.n.c.r.client - [printIfInfoEnabled,60] - [73ed5531-e3c1-4f06-82a2-60187eace4d1] Ack server push request, request = NotifySubscriberRequest, requestId = 37
14:42:46.449 [main] INFO  c.r.g.RuoYiGenApplication - [logStarted,61] - Started RuoYiGenApplication in 39.325 seconds (JVM running for 49.086)
14:42:46.477 [main] INFO  c.a.c.n.r.NacosContextRefresher - [registerNacosListenersForApplications,105] - listening config: dataId=ruoyi-gen, group=DEFAULT_GROUP
14:42:46.482 [main] INFO  c.a.c.n.r.NacosContextRefresher - [registerNacosListenersForApplications,105] - listening config: dataId=ruoyi-gen-dev.yml, group=DEFAULT_GROUP
14:42:46.483 [main] INFO  c.a.c.n.r.NacosContextRefresher - [registerNacosListenersForApplications,105] - listening config: dataId=ruoyi-gen.yml, group=DEFAULT_GROUP
14:43:09.253 [http-nio-9202-exec-1] INFO  o.a.c.c.C.[.[.[/] - [log,173] - Initializing Spring DispatcherServlet 'dispatcherServlet'
14:43:09.752 [http-nio-9202-exec-1] INFO  c.z.h.HikariDataSource - [getConnection,110] - HikariPool-1 - Starting...
14:43:10.517 [http-nio-9202-exec-1] INFO  c.z.h.HikariDataSource - [getConnection,123] - HikariPool-1 - Start completed.
18:36:27.333 [SpringApplicationShutdownHook] INFO  c.a.c.n.r.NacosServiceRegistry - [deregister,94] - De-registering from Nacos Server now...
18:36:27.342 [SpringApplicationShutdownHook] INFO  c.a.c.n.r.NacosServiceRegistry - [deregister,114] - De-registration finished.
18:36:27.679 [SpringApplicationShutdownHook] INFO  c.a.n.c.r.client - [shutdown,454] - Shutdown rpc client, set status to shutdown
18:36:27.679 [SpringApplicationShutdownHook] INFO  c.a.n.c.r.client - [shutdown,456] - Shutdown client event executor java.util.concurrent.ScheduledThreadPoolExecutor@6d575503[Running, pool size = 2, active threads = 2, queued tasks = 0, completed tasks = 0]
18:36:27.679 [SpringApplicationShutdownHook] INFO  c.a.n.c.r.client - [closeConnection,591] - Close current connection 1656225588809_192.168.2.2_50142
18:36:27.681 [SpringApplicationShutdownHook] INFO  c.a.n.c.r.c.g.GrpcClient - [shutdown,85] - Shutdown grpc executor java.util.concurrent.ThreadPoolExecutor@7d822cca[Running, pool size = 5, active threads = 0, queued tasks = 0, completed tasks = 3014]
18:36:27.681 [com.alibaba.nacos.client.remote.worker] INFO  c.a.n.c.r.client - [printIfInfoEnabled,60] - [73ed5531-e3c1-4f06-82a2-60187eace4d1] Notify disconnected event to listeners
18:36:27.907 [SpringApplicationShutdownHook] INFO  c.z.h.HikariDataSource - [close,350] - HikariPool-1 - Shutdown initiated...
18:36:27.918 [SpringApplicationShutdownHook] INFO  c.z.h.HikariDataSource - [close,352] - HikariPool-1 - Shutdown completed.
18:36:54.480 [background-preinit] INFO  o.h.v.i.util.Version - [<clinit>,21] - HV000001: Hibernate Validator 6.2.3.Final
18:36:57.402 [main] INFO  c.a.n.c.r.client - [lambda$createClient$0,80] - [RpcClientFactory] create a new rpc client of 15e8b9ad-5d05-47bb-85c2-e1f27e2e420d_config-0
18:36:57.642 [main] INFO  o.r.Reflections - [scan,232] - Reflections took 131 ms to scan 1 urls, producing 3 keys and 6 values 
18:36:57.731 [main] INFO  o.r.Reflections - [scan,232] - Reflections took 32 ms to scan 1 urls, producing 4 keys and 9 values 
18:36:57.790 [main] INFO  o.r.Reflections - [scan,232] - Reflections took 50 ms to scan 1 urls, producing 3 keys and 10 values 
18:36:58.333 [main] INFO  o.r.Reflections - [scan,232] - Reflections took 533 ms to scan 196 urls, producing 0 keys and 0 values 
18:36:58.371 [main] INFO  o.r.Reflections - [scan,232] - Reflections took 36 ms to scan 1 urls, producing 1 keys and 5 values 
18:36:58.410 [main] INFO  o.r.Reflections - [scan,232] - Reflections took 29 ms to scan 1 urls, producing 1 keys and 7 values 
18:36:58.440 [main] INFO  o.r.Reflections - [scan,232] - Reflections took 21 ms to scan 1 urls, producing 2 keys and 8 values 
18:36:58.838 [main] INFO  o.r.Reflections - [scan,232] - Reflections took 392 ms to scan 196 urls, producing 0 keys and 0 values 
18:36:58.843 [main] INFO  c.a.n.c.r.client - [printIfInfoEnabled,60] - [15e8b9ad-5d05-47bb-85c2-e1f27e2e420d_config-0] RpcClient init label, labels = {module=config, Vipserver-Tag=null, source=sdk, Amory-Tag=null, Location-Tag=null, taskId=0, AppName=unknown}
18:36:58.846 [main] INFO  c.a.n.c.r.client - [printIfInfoEnabled,60] - [15e8b9ad-5d05-47bb-85c2-e1f27e2e420d_config-0] Register server push request handler:com.alibaba.nacos.client.config.impl.ClientWorker$ConfigRpcTransportClient$$Lambda$380/1517655665
18:36:58.847 [main] INFO  c.a.n.c.r.client - [printIfInfoEnabled,60] - [15e8b9ad-5d05-47bb-85c2-e1f27e2e420d_config-0] Register server push request handler:com.alibaba.nacos.client.config.impl.ClientWorker$ConfigRpcTransportClient$$Lambda$381/84844879
18:36:58.849 [main] INFO  c.a.n.c.r.client - [printIfInfoEnabled,60] - [15e8b9ad-5d05-47bb-85c2-e1f27e2e420d_config-0] Registry connection listener to current client:com.alibaba.nacos.client.config.impl.ClientWorker$ConfigRpcTransportClient$1
18:36:58.852 [main] INFO  c.a.n.c.r.client - [printIfInfoEnabled,60] - [15e8b9ad-5d05-47bb-85c2-e1f27e2e420d_config-0] RpcClient init, ServerListFactory = com.alibaba.nacos.client.config.impl.ClientWorker$ConfigRpcTransportClient$2
18:36:58.883 [main] INFO  c.a.n.c.r.client - [printIfInfoEnabled,60] - [15e8b9ad-5d05-47bb-85c2-e1f27e2e420d_config-0] Try to connect to server on start up, server: {serverIp = '192.168.2.11', server main port = 8848}
18:37:02.683 [main] INFO  c.a.n.c.r.client - [printIfInfoEnabled,60] - [15e8b9ad-5d05-47bb-85c2-e1f27e2e420d_config-0] Success to connect to server [192.168.2.11:8848] on start up, connectionId = 1656239649322_192.168.2.2_58988
18:37:02.685 [com.alibaba.nacos.client.remote.worker] INFO  c.a.n.c.r.client - [printIfInfoEnabled,60] - [15e8b9ad-5d05-47bb-85c2-e1f27e2e420d_config-0] Notify connected event to listeners.
18:37:02.687 [main] INFO  c.a.n.c.r.client - [printIfInfoEnabled,60] - [15e8b9ad-5d05-47bb-85c2-e1f27e2e420d_config-0] Register server push request handler:com.alibaba.nacos.common.remote.client.RpcClient$ConnectResetRequestHandler
18:37:02.688 [main] INFO  c.a.n.c.r.client - [printIfInfoEnabled,60] - [15e8b9ad-5d05-47bb-85c2-e1f27e2e420d_config-0] Register server push request handler:com.alibaba.nacos.common.remote.client.RpcClient$$Lambda$390/1358108505
18:37:02.962 [main] INFO  c.r.g.RuoYiGenApplication - [logStartupProfileInfo,646] - The following 1 profile is active: "dev"
18:37:11.852 [main] INFO  o.a.c.h.Http11NioProtocol - [log,173] - Initializing ProtocolHandler ["http-nio-9202"]
18:37:11.854 [main] INFO  o.a.c.c.StandardService - [log,173] - Starting service [Tomcat]
18:37:11.854 [main] INFO  o.a.c.c.StandardEngine - [log,173] - Starting Servlet engine: [Apache Tomcat/9.0.62]
18:37:12.364 [main] INFO  o.a.c.c.C.[.[.[/] - [log,173] - Initializing Spring embedded WebApplicationContext
18:37:15.260 [main] INFO  c.a.c.s.SentinelWebMvcConfigurer - [addInterceptors,52] - [Sentinel Starter] register SentinelWebInterceptor with urlPatterns: [/**].
18:37:16.514 [main] INFO  c.a.n.c.r.client - [lambda$createClient$0,80] - [RpcClientFactory] create a new rpc client of d21aec8d-e556-477f-aa01-4666c848d08d
18:37:16.515 [main] INFO  c.a.n.c.r.client - [printIfInfoEnabled,60] - [d21aec8d-e556-477f-aa01-4666c848d08d] RpcClient init label, labels = {module=naming, source=sdk}
18:37:16.520 [main] INFO  c.a.n.c.r.client - [printIfInfoEnabled,60] - [d21aec8d-e556-477f-aa01-4666c848d08d] RpcClient init, ServerListFactory = com.alibaba.nacos.client.naming.core.ServerListManager
18:37:16.521 [main] INFO  c.a.n.c.r.client - [printIfInfoEnabled,60] - [d21aec8d-e556-477f-aa01-4666c848d08d] Registry connection listener to current client:com.alibaba.nacos.client.naming.remote.gprc.redo.NamingGrpcRedoService
18:37:16.523 [main] INFO  c.a.n.c.r.client - [printIfInfoEnabled,60] - [d21aec8d-e556-477f-aa01-4666c848d08d] Register server push request handler:com.alibaba.nacos.client.naming.remote.gprc.NamingPushRequestHandler
18:37:16.524 [main] INFO  c.a.n.c.r.client - [printIfInfoEnabled,60] - [d21aec8d-e556-477f-aa01-4666c848d08d] Try to connect to server on start up, server: {serverIp = '192.168.2.11', server main port = 8848}
18:37:16.655 [main] INFO  c.a.n.c.r.client - [printIfInfoEnabled,60] - [d21aec8d-e556-477f-aa01-4666c848d08d] Success to connect to server [192.168.2.11:8848] on start up, connectionId = 1656239663786_192.168.2.2_59303
18:37:16.656 [com.alibaba.nacos.client.remote.worker] INFO  c.a.n.c.r.client - [printIfInfoEnabled,60] - [d21aec8d-e556-477f-aa01-4666c848d08d] Notify connected event to listeners.
18:37:16.656 [main] INFO  c.a.n.c.r.client - [printIfInfoEnabled,60] - [d21aec8d-e556-477f-aa01-4666c848d08d] Register server push request handler:com.alibaba.nacos.common.remote.client.RpcClient$ConnectResetRequestHandler
18:37:16.658 [main] INFO  c.a.n.c.r.client - [printIfInfoEnabled,60] - [d21aec8d-e556-477f-aa01-4666c848d08d] Register server push request handler:com.alibaba.nacos.common.remote.client.RpcClient$$Lambda$390/1358108505
18:37:20.972 [main] INFO  o.a.c.h.Http11NioProtocol - [log,173] - Starting ProtocolHandler ["http-nio-9202"]
18:37:21.026 [main] INFO  c.a.c.n.r.NacosServiceRegistry - [register,75] - nacos registry, DEFAULT_GROUP ruoyi-gen 192.168.182.1:9202 register finished
18:37:21.521 [nacos-grpc-client-executor-7] INFO  c.a.n.c.r.client - [printIfInfoEnabled,60] - [d21aec8d-e556-477f-aa01-4666c848d08d] Receive server push request, request = NotifySubscriberRequest, requestId = 74
18:37:21.546 [nacos-grpc-client-executor-7] INFO  c.a.n.c.r.client - [printIfInfoEnabled,60] - [d21aec8d-e556-477f-aa01-4666c848d08d] Ack server push request, request = NotifySubscriberRequest, requestId = 74
18:37:22.213 [main] INFO  c.r.g.RuoYiGenApplication - [logStarted,61] - Started RuoYiGenApplication in 29.635 seconds (JVM running for 37.309)
18:37:22.237 [main] INFO  c.a.c.n.r.NacosContextRefresher - [registerNacosListenersForApplications,105] - listening config: dataId=ruoyi-gen, group=DEFAULT_GROUP
18:37:22.247 [main] INFO  c.a.c.n.r.NacosContextRefresher - [registerNacosListenersForApplications,105] - listening config: dataId=ruoyi-gen-dev.yml, group=DEFAULT_GROUP
18:37:22.248 [main] INFO  c.a.c.n.r.NacosContextRefresher - [registerNacosListenersForApplications,105] - listening config: dataId=ruoyi-gen.yml, group=DEFAULT_GROUP
18:37:35.252 [http-nio-9202-exec-1] INFO  o.a.c.c.C.[.[.[/] - [log,173] - Initializing Spring DispatcherServlet 'dispatcherServlet'
18:37:35.470 [http-nio-9202-exec-1] INFO  c.z.h.HikariDataSource - [getConnection,110] - HikariPool-1 - Starting...
18:37:36.159 [http-nio-9202-exec-1] INFO  c.z.h.HikariDataSource - [getConnection,123] - HikariPool-1 - Start completed.
23:53:56.594 [SpringApplicationShutdownHook] INFO  c.a.c.n.r.NacosServiceRegistry - [deregister,94] - De-registering from Nacos Server now...
23:53:56.603 [SpringApplicationShutdownHook] INFO  c.a.c.n.r.NacosServiceRegistry - [deregister,114] - De-registration finished.
23:53:56.937 [SpringApplicationShutdownHook] INFO  c.a.n.c.r.client - [shutdown,454] - Shutdown rpc client, set status to shutdown
23:53:56.937 [SpringApplicationShutdownHook] INFO  c.a.n.c.r.client - [shutdown,456] - Shutdown client event executor java.util.concurrent.ScheduledThreadPoolExecutor@4b29a02d[Running, pool size = 2, active threads = 2, queued tasks = 0, completed tasks = 0]
23:53:56.937 [SpringApplicationShutdownHook] INFO  c.a.n.c.r.client - [closeConnection,591] - Close current connection 1656239663786_192.168.2.2_59303
23:53:56.941 [nacos-grpc-client-executor-3834] INFO  c.a.n.c.r.c.g.GrpcClient - [printIfInfoEnabled,60] - [1656239663786_192.168.2.2_59303]Ignore complete event,isRunning:false,isAbandon=false
23:53:56.947 [SpringApplicationShutdownHook] INFO  c.a.n.c.r.c.g.GrpcClient - [shutdown,85] - Shutdown grpc executor java.util.concurrent.ThreadPoolExecutor@99b49f2[Running, pool size = 6, active threads = 0, queued tasks = 0, completed tasks = 3835]
23:53:57.142 [SpringApplicationShutdownHook] INFO  c.z.h.HikariDataSource - [close,350] - HikariPool-1 - Shutdown initiated...
23:53:57.154 [SpringApplicationShutdownHook] INFO  c.z.h.HikariDataSource - [close,352] - HikariPool-1 - Shutdown completed.
23:54:10.458 [background-preinit] INFO  o.h.v.i.util.Version - [<clinit>,21] - HV000001: Hibernate Validator 6.2.3.Final
23:54:12.705 [main] INFO  c.a.n.c.r.client - [lambda$createClient$0,80] - [RpcClientFactory] create a new rpc client of ca032f0a-cd23-4b4d-a6f7-fd29f4cf06ef_config-0
23:54:12.873 [main] INFO  o.r.Reflections - [scan,232] - Reflections took 87 ms to scan 1 urls, producing 3 keys and 6 values 
23:54:12.944 [main] INFO  o.r.Reflections - [scan,232] - Reflections took 24 ms to scan 1 urls, producing 4 keys and 9 values 
23:54:12.993 [main] INFO  o.r.Reflections - [scan,232] - Reflections took 42 ms to scan 1 urls, producing 3 keys and 10 values 
23:54:13.271 [main] INFO  o.r.Reflections - [scan,232] - Reflections took 273 ms to scan 196 urls, producing 0 keys and 0 values 
23:54:13.288 [main] INFO  o.r.Reflections - [scan,232] - Reflections took 16 ms to scan 1 urls, producing 1 keys and 5 values 
23:54:13.304 [main] INFO  o.r.Reflections - [scan,232] - Reflections took 12 ms to scan 1 urls, producing 1 keys and 7 values 
23:54:13.327 [main] INFO  o.r.Reflections - [scan,232] - Reflections took 17 ms to scan 1 urls, producing 2 keys and 8 values 
23:54:13.623 [main] INFO  o.r.Reflections - [scan,232] - Reflections took 291 ms to scan 196 urls, producing 0 keys and 0 values 
23:54:13.630 [main] INFO  c.a.n.c.r.client - [printIfInfoEnabled,60] - [ca032f0a-cd23-4b4d-a6f7-fd29f4cf06ef_config-0] RpcClient init label, labels = {module=config, Vipserver-Tag=null, source=sdk, Amory-Tag=null, Location-Tag=null, taskId=0, AppName=unknown}
23:54:13.631 [main] INFO  c.a.n.c.r.client - [printIfInfoEnabled,60] - [ca032f0a-cd23-4b4d-a6f7-fd29f4cf06ef_config-0] Register server push request handler:com.alibaba.nacos.client.config.impl.ClientWorker$ConfigRpcTransportClient$$Lambda$379/834358418
23:54:13.632 [main] INFO  c.a.n.c.r.client - [printIfInfoEnabled,60] - [ca032f0a-cd23-4b4d-a6f7-fd29f4cf06ef_config-0] Register server push request handler:com.alibaba.nacos.client.config.impl.ClientWorker$ConfigRpcTransportClient$$Lambda$380/1609335162
23:54:13.633 [main] INFO  c.a.n.c.r.client - [printIfInfoEnabled,60] - [ca032f0a-cd23-4b4d-a6f7-fd29f4cf06ef_config-0] Registry connection listener to current client:com.alibaba.nacos.client.config.impl.ClientWorker$ConfigRpcTransportClient$1
23:54:13.634 [main] INFO  c.a.n.c.r.client - [printIfInfoEnabled,60] - [ca032f0a-cd23-4b4d-a6f7-fd29f4cf06ef_config-0] RpcClient init, ServerListFactory = com.alibaba.nacos.client.config.impl.ClientWorker$ConfigRpcTransportClient$2
23:54:13.654 [main] INFO  c.a.n.c.r.client - [printIfInfoEnabled,60] - [ca032f0a-cd23-4b4d-a6f7-fd29f4cf06ef_config-0] Try to connect to server on start up, server: {serverIp = '192.168.2.11', server main port = 8848}
23:54:16.848 [main] INFO  c.a.n.c.r.client - [printIfInfoEnabled,60] - [ca032f0a-cd23-4b4d-a6f7-fd29f4cf06ef_config-0] Success to connect to server [192.168.2.11:8848] on start up, connectionId = 1656258683380_192.168.2.2_62590
23:54:16.849 [com.alibaba.nacos.client.remote.worker] INFO  c.a.n.c.r.client - [printIfInfoEnabled,60] - [ca032f0a-cd23-4b4d-a6f7-fd29f4cf06ef_config-0] Notify connected event to listeners.
23:54:16.851 [main] INFO  c.a.n.c.r.client - [printIfInfoEnabled,60] - [ca032f0a-cd23-4b4d-a6f7-fd29f4cf06ef_config-0] Register server push request handler:com.alibaba.nacos.common.remote.client.RpcClient$ConnectResetRequestHandler
23:54:16.853 [main] INFO  c.a.n.c.r.client - [printIfInfoEnabled,60] - [ca032f0a-cd23-4b4d-a6f7-fd29f4cf06ef_config-0] Register server push request handler:com.alibaba.nacos.common.remote.client.RpcClient$$Lambda$389/510425169
23:54:17.111 [main] INFO  c.r.g.RuoYiGenApplication - [logStartupProfileInfo,646] - The following 1 profile is active: "dev"
23:54:26.294 [main] INFO  o.a.c.h.Http11NioProtocol - [log,173] - Initializing ProtocolHandler ["http-nio-9202"]
23:54:26.295 [main] INFO  o.a.c.c.StandardService - [log,173] - Starting service [Tomcat]
23:54:26.296 [main] INFO  o.a.c.c.StandardEngine - [log,173] - Starting Servlet engine: [Apache Tomcat/9.0.62]
23:54:26.724 [main] INFO  o.a.c.c.C.[.[.[/] - [log,173] - Initializing Spring embedded WebApplicationContext
23:54:30.545 [main] INFO  c.a.c.s.SentinelWebMvcConfigurer - [addInterceptors,52] - [Sentinel Starter] register SentinelWebInterceptor with urlPatterns: [/**].
23:54:32.125 [main] INFO  c.a.n.c.r.client - [lambda$createClient$0,80] - [RpcClientFactory] create a new rpc client of 080b014e-b915-4e44-be32-73de7dfd77f8
23:54:32.126 [main] INFO  c.a.n.c.r.client - [printIfInfoEnabled,60] - [080b014e-b915-4e44-be32-73de7dfd77f8] RpcClient init label, labels = {module=naming, source=sdk}
23:54:32.133 [main] INFO  c.a.n.c.r.client - [printIfInfoEnabled,60] - [080b014e-b915-4e44-be32-73de7dfd77f8] RpcClient init, ServerListFactory = com.alibaba.nacos.client.naming.core.ServerListManager
23:54:32.134 [main] INFO  c.a.n.c.r.client - [printIfInfoEnabled,60] - [080b014e-b915-4e44-be32-73de7dfd77f8] Registry connection listener to current client:com.alibaba.nacos.client.naming.remote.gprc.redo.NamingGrpcRedoService
23:54:32.136 [main] INFO  c.a.n.c.r.client - [printIfInfoEnabled,60] - [080b014e-b915-4e44-be32-73de7dfd77f8] Register server push request handler:com.alibaba.nacos.client.naming.remote.gprc.NamingPushRequestHandler
23:54:32.138 [main] INFO  c.a.n.c.r.client - [printIfInfoEnabled,60] - [080b014e-b915-4e44-be32-73de7dfd77f8] Try to connect to server on start up, server: {serverIp = '192.168.2.11', server main port = 8848}
23:54:32.265 [main] INFO  c.a.n.c.r.client - [printIfInfoEnabled,60] - [080b014e-b915-4e44-be32-73de7dfd77f8] Success to connect to server [192.168.2.11:8848] on start up, connectionId = 1656258699137_192.168.2.2_62862
23:54:32.266 [com.alibaba.nacos.client.remote.worker] INFO  c.a.n.c.r.client - [printIfInfoEnabled,60] - [080b014e-b915-4e44-be32-73de7dfd77f8] Notify connected event to listeners.
23:54:32.266 [main] INFO  c.a.n.c.r.client - [printIfInfoEnabled,60] - [080b014e-b915-4e44-be32-73de7dfd77f8] Register server push request handler:com.alibaba.nacos.common.remote.client.RpcClient$ConnectResetRequestHandler
23:54:32.268 [main] INFO  c.a.n.c.r.client - [printIfInfoEnabled,60] - [080b014e-b915-4e44-be32-73de7dfd77f8] Register server push request handler:com.alibaba.nacos.common.remote.client.RpcClient$$Lambda$389/510425169
23:54:36.109 [main] INFO  o.a.c.h.Http11NioProtocol - [log,173] - Starting ProtocolHandler ["http-nio-9202"]
23:54:36.160 [main] INFO  c.a.c.n.r.NacosServiceRegistry - [register,75] - nacos registry, DEFAULT_GROUP ruoyi-gen 192.168.182.1:9202 register finished
23:54:36.656 [nacos-grpc-client-executor-7] INFO  c.a.n.c.r.client - [printIfInfoEnabled,60] - [080b014e-b915-4e44-be32-73de7dfd77f8] Receive server push request, request = NotifySubscriberRequest, requestId = 98
23:54:36.670 [nacos-grpc-client-executor-7] INFO  c.a.n.c.r.client - [printIfInfoEnabled,60] - [080b014e-b915-4e44-be32-73de7dfd77f8] Ack server push request, request = NotifySubscriberRequest, requestId = 98
23:54:37.090 [main] INFO  c.r.g.RuoYiGenApplication - [logStarted,61] - Started RuoYiGenApplication in 28.107 seconds (JVM running for 33.606)
23:54:37.115 [main] INFO  c.a.c.n.r.NacosContextRefresher - [registerNacosListenersForApplications,105] - listening config: dataId=ruoyi-gen, group=DEFAULT_GROUP
23:54:37.126 [main] INFO  c.a.c.n.r.NacosContextRefresher - [registerNacosListenersForApplications,105] - listening config: dataId=ruoyi-gen-dev.yml, group=DEFAULT_GROUP
23:54:37.127 [main] INFO  c.a.c.n.r.NacosContextRefresher - [registerNacosListenersForApplications,105] - listening config: dataId=ruoyi-gen.yml, group=DEFAULT_GROUP
23:54:48.288 [http-nio-9202-exec-2] INFO  o.a.c.c.C.[.[.[/] - [log,173] - Initializing Spring DispatcherServlet 'dispatcherServlet'
23:54:48.584 [http-nio-9202-exec-2] INFO  c.z.h.HikariDataSource - [getConnection,110] - HikariPool-1 - Starting...
23:54:49.153 [http-nio-9202-exec-2] INFO  c.z.h.HikariDataSource - [getConnection,123] - HikariPool-1 - Start completed.
23:59:00.242 [SpringApplicationShutdownHook] INFO  c.a.c.n.r.NacosServiceRegistry - [deregister,94] - De-registering from Nacos Server now...
23:59:00.249 [SpringApplicationShutdownHook] INFO  c.a.c.n.r.NacosServiceRegistry - [deregister,114] - De-registration finished.
23:59:00.583 [SpringApplicationShutdownHook] INFO  c.a.n.c.r.client - [shutdown,454] - Shutdown rpc client, set status to shutdown
23:59:00.584 [SpringApplicationShutdownHook] INFO  c.a.n.c.r.client - [shutdown,456] - Shutdown client event executor java.util.concurrent.ScheduledThreadPoolExecutor@606925b9[Running, pool size = 2, active threads = 2, queued tasks = 0, completed tasks = 0]
23:59:00.584 [SpringApplicationShutdownHook] INFO  c.a.n.c.r.client - [closeConnection,591] - Close current connection 1656258699137_192.168.2.2_62862
23:59:00.586 [nacos-grpc-client-executor-65] INFO  c.a.n.c.r.c.g.GrpcClient - [printIfInfoEnabled,60] - [1656258699137_192.168.2.2_62862]Ignore complete event,isRunning:false,isAbandon=false
23:59:00.589 [SpringApplicationShutdownHook] INFO  c.a.n.c.r.c.g.GrpcClient - [shutdown,85] - Shutdown grpc executor java.util.concurrent.ThreadPoolExecutor@7dfdd9ac[Running, pool size = 5, active threads = 0, queued tasks = 0, completed tasks = 66]
23:59:00.739 [SpringApplicationShutdownHook] INFO  c.z.h.HikariDataSource - [close,350] - HikariPool-1 - Shutdown initiated...
23:59:00.753 [SpringApplicationShutdownHook] INFO  c.z.h.HikariDataSource - [close,352] - HikariPool-1 - Shutdown completed.
23:59:28.823 [background-preinit] INFO  o.h.v.i.util.Version - [<clinit>,21] - HV000001: Hibernate Validator 6.2.3.Final
23:59:31.801 [main] INFO  c.a.n.c.r.client - [lambda$createClient$0,80] - [RpcClientFactory] create a new rpc client of 5c407a9a-3473-47ac-a389-51cd95a1f6d0_config-0
23:59:32.093 [main] INFO  o.r.Reflections - [scan,232] - Reflections took 189 ms to scan 1 urls, producing 3 keys and 6 values 
23:59:32.246 [main] INFO  o.r.Reflections - [scan,232] - Reflections took 44 ms to scan 1 urls, producing 4 keys and 9 values 
23:59:32.392 [main] INFO  o.r.Reflections - [scan,232] - Reflections took 95 ms to scan 1 urls, producing 3 keys and 10 values 
23:59:33.068 [main] INFO  o.r.Reflections - [scan,232] - Reflections took 666 ms to scan 196 urls, producing 0 keys and 0 values 
23:59:33.092 [main] INFO  o.r.Reflections - [scan,232] - Reflections took 21 ms to scan 1 urls, producing 1 keys and 5 values 
23:59:33.125 [main] INFO  o.r.Reflections - [scan,232] - Reflections took 25 ms to scan 1 urls, producing 1 keys and 7 values 
23:59:33.162 [main] INFO  o.r.Reflections - [scan,232] - Reflections took 25 ms to scan 1 urls, producing 2 keys and 8 values 
23:59:33.600 [main] INFO  o.r.Reflections - [scan,232] - Reflections took 431 ms to scan 196 urls, producing 0 keys and 0 values 
23:59:33.602 [main] INFO  c.a.n.c.r.client - [printIfInfoEnabled,60] - [5c407a9a-3473-47ac-a389-51cd95a1f6d0_config-0] RpcClient init label, labels = {module=config, Vipserver-Tag=null, source=sdk, Amory-Tag=null, Location-Tag=null, taskId=0, AppName=unknown}
23:59:33.604 [main] INFO  c.a.n.c.r.client - [printIfInfoEnabled,60] - [5c407a9a-3473-47ac-a389-51cd95a1f6d0_config-0] Register server push request handler:com.alibaba.nacos.client.config.impl.ClientWorker$ConfigRpcTransportClient$$Lambda$378/374971187
23:59:33.605 [main] INFO  c.a.n.c.r.client - [printIfInfoEnabled,60] - [5c407a9a-3473-47ac-a389-51cd95a1f6d0_config-0] Register server push request handler:com.alibaba.nacos.client.config.impl.ClientWorker$ConfigRpcTransportClient$$Lambda$379/1895980020
23:59:33.607 [main] INFO  c.a.n.c.r.client - [printIfInfoEnabled,60] - [5c407a9a-3473-47ac-a389-51cd95a1f6d0_config-0] Registry connection listener to current client:com.alibaba.nacos.client.config.impl.ClientWorker$ConfigRpcTransportClient$1
23:59:33.608 [main] INFO  c.a.n.c.r.client - [printIfInfoEnabled,60] - [5c407a9a-3473-47ac-a389-51cd95a1f6d0_config-0] RpcClient init, ServerListFactory = com.alibaba.nacos.client.config.impl.ClientWorker$ConfigRpcTransportClient$2
23:59:33.634 [main] INFO  c.a.n.c.r.client - [printIfInfoEnabled,60] - [5c407a9a-3473-47ac-a389-51cd95a1f6d0_config-0] Try to connect to server on start up, server: {serverIp = '192.168.2.11', server main port = 8848}
23:59:36.874 [main] INFO  c.a.n.c.r.client - [printIfInfoEnabled,60] - [5c407a9a-3473-47ac-a389-51cd95a1f6d0_config-0] Success to connect to server [192.168.2.11:8848] on start up, connectionId = 1656259003427_192.168.2.2_64535
23:59:36.876 [com.alibaba.nacos.client.remote.worker] INFO  c.a.n.c.r.client - [printIfInfoEnabled,60] - [5c407a9a-3473-47ac-a389-51cd95a1f6d0_config-0] Notify connected event to listeners.
23:59:36.878 [main] INFO  c.a.n.c.r.client - [printIfInfoEnabled,60] - [5c407a9a-3473-47ac-a389-51cd95a1f6d0_config-0] Register server push request handler:com.alibaba.nacos.common.remote.client.RpcClient$ConnectResetRequestHandler
23:59:36.880 [main] INFO  c.a.n.c.r.client - [printIfInfoEnabled,60] - [5c407a9a-3473-47ac-a389-51cd95a1f6d0_config-0] Register server push request handler:com.alibaba.nacos.common.remote.client.RpcClient$$Lambda$388/831886259
23:59:37.118 [main] INFO  c.r.g.RuoYiGenApplication - [logStartupProfileInfo,646] - The following 1 profile is active: "dev"
23:59:45.428 [main] INFO  o.a.c.h.Http11NioProtocol - [log,173] - Initializing ProtocolHandler ["http-nio-9202"]
23:59:45.429 [main] INFO  o.a.c.c.StandardService - [log,173] - Starting service [Tomcat]
23:59:45.429 [main] INFO  o.a.c.c.StandardEngine - [log,173] - Starting Servlet engine: [Apache Tomcat/9.0.62]
23:59:45.927 [main] INFO  o.a.c.c.C.[.[.[/] - [log,173] - Initializing Spring embedded WebApplicationContext
