23:30:10.305 [background-preinit] INFO  o.h.v.i.util.Version - [<clinit>,21] - HV000001: Hibernate Validator 6.2.3.Final
23:30:11.945 [main] INFO  c.a.n.c.r.client - [lambda$createClient$0,80] - [RpcClientFactory] create a new rpc client of 99051e74-93a3-4b58-98ef-f1b334f678e0_config-0
23:30:12.094 [main] INFO  o.r.Reflections - [scan,232] - Reflections took 86 ms to scan 1 urls, producing 3 keys and 6 values 
23:30:12.157 [main] INFO  o.r.Reflections - [scan,232] - Reflections took 20 ms to scan 1 urls, producing 4 keys and 9 values 
23:30:12.176 [main] INFO  o.r.Reflections - [scan,232] - Reflections took 14 ms to scan 1 urls, producing 3 keys and 10 values 
23:30:12.432 [main] INFO  o.r.Reflections - [scan,232] - Reflections took 250 ms to scan 196 urls, producing 0 keys and 0 values 
23:30:12.445 [main] INFO  o.r.Reflections - [scan,232] - Reflections took 12 ms to scan 1 urls, producing 1 keys and 5 values 
23:30:12.469 [main] INFO  o.r.Reflections - [scan,232] - Reflections took 20 ms to scan 1 urls, producing 1 keys and 7 values 
23:30:12.485 [main] INFO  o.r.Reflections - [scan,232] - Reflections took 11 ms to scan 1 urls, producing 2 keys and 8 values 
23:30:12.712 [main] INFO  o.r.Reflections - [scan,232] - Reflections took 222 ms to scan 196 urls, producing 0 keys and 0 values 
23:30:12.720 [main] INFO  c.a.n.c.r.client - [printIfInfoEnabled,60] - [99051e74-93a3-4b58-98ef-f1b334f678e0_config-0] RpcClient init label, labels = {module=config, Vipserver-Tag=null, source=sdk, Amory-Tag=null, Location-Tag=null, taskId=0, AppName=unknown}
23:30:12.721 [main] INFO  c.a.n.c.r.client - [printIfInfoEnabled,60] - [99051e74-93a3-4b58-98ef-f1b334f678e0_config-0] Register server push request handler:com.alibaba.nacos.client.config.impl.ClientWorker$ConfigRpcTransportClient$$Lambda$383/797399017
23:30:12.722 [main] INFO  c.a.n.c.r.client - [printIfInfoEnabled,60] - [99051e74-93a3-4b58-98ef-f1b334f678e0_config-0] Register server push request handler:com.alibaba.nacos.client.config.impl.ClientWorker$ConfigRpcTransportClient$$Lambda$384/859894924
23:30:12.724 [main] INFO  c.a.n.c.r.client - [printIfInfoEnabled,60] - [99051e74-93a3-4b58-98ef-f1b334f678e0_config-0] Registry connection listener to current client:com.alibaba.nacos.client.config.impl.ClientWorker$ConfigRpcTransportClient$1
23:30:12.725 [main] INFO  c.a.n.c.r.client - [printIfInfoEnabled,60] - [99051e74-93a3-4b58-98ef-f1b334f678e0_config-0] RpcClient init, ServerListFactory = com.alibaba.nacos.client.config.impl.ClientWorker$ConfigRpcTransportClient$2
23:30:12.746 [main] INFO  c.a.n.c.r.client - [printIfInfoEnabled,60] - [99051e74-93a3-4b58-98ef-f1b334f678e0_config-0] Try to connect to server on start up, server: {serverIp = '192.168.2.11', server main port = 8848}
23:30:15.023 [main] INFO  c.a.n.c.r.client - [printIfInfoEnabled,60] - [99051e74-93a3-4b58-98ef-f1b334f678e0_config-0] Success to connect to server [192.168.2.11:8848] on start up, connectionId = 1655162868691_192.168.2.2_61214
23:30:15.025 [com.alibaba.nacos.client.remote.worker] INFO  c.a.n.c.r.client - [printIfInfoEnabled,60] - [99051e74-93a3-4b58-98ef-f1b334f678e0_config-0] Notify connected event to listeners.
23:30:15.025 [main] INFO  c.a.n.c.r.client - [printIfInfoEnabled,60] - [99051e74-93a3-4b58-98ef-f1b334f678e0_config-0] Register server push request handler:com.alibaba.nacos.common.remote.client.RpcClient$ConnectResetRequestHandler
23:30:15.026 [main] INFO  c.a.n.c.r.client - [printIfInfoEnabled,60] - [99051e74-93a3-4b58-98ef-f1b334f678e0_config-0] Register server push request handler:com.alibaba.nacos.common.remote.client.RpcClient$$Lambda$393/937926606
23:30:15.225 [main] INFO  c.r.g.RuoYiGenApplication - [logStartupProfileInfo,646] - The following 1 profile is active: "dev"
23:30:22.536 [main] INFO  o.a.c.h.Http11NioProtocol - [log,173] - Initializing ProtocolHandler ["http-nio-9202"]
23:30:22.537 [main] INFO  o.a.c.c.StandardService - [log,173] - Starting service [Tomcat]
23:30:22.537 [main] INFO  o.a.c.c.StandardEngine - [log,173] - Starting Servlet engine: [Apache Tomcat/9.0.62]
23:30:22.822 [main] INFO  o.a.c.c.C.[.[.[/] - [log,173] - Initializing Spring embedded WebApplicationContext
23:30:25.141 [main] INFO  c.a.c.s.SentinelWebMvcConfigurer - [addInterceptors,52] - [Sentinel Starter] register SentinelWebInterceptor with urlPatterns: [/**].
23:30:26.358 [main] INFO  c.a.n.c.r.client - [lambda$createClient$0,80] - [RpcClientFactory] create a new rpc client of a0a6adc7-2128-486c-89d8-99316d054fb2
23:30:26.359 [main] INFO  c.a.n.c.r.client - [printIfInfoEnabled,60] - [a0a6adc7-2128-486c-89d8-99316d054fb2] RpcClient init label, labels = {module=naming, source=sdk}
23:30:26.367 [main] INFO  c.a.n.c.r.client - [printIfInfoEnabled,60] - [a0a6adc7-2128-486c-89d8-99316d054fb2] RpcClient init, ServerListFactory = com.alibaba.nacos.client.naming.core.ServerListManager
23:30:26.368 [main] INFO  c.a.n.c.r.client - [printIfInfoEnabled,60] - [a0a6adc7-2128-486c-89d8-99316d054fb2] Registry connection listener to current client:com.alibaba.nacos.client.naming.remote.gprc.redo.NamingGrpcRedoService
23:30:26.370 [main] INFO  c.a.n.c.r.client - [printIfInfoEnabled,60] - [a0a6adc7-2128-486c-89d8-99316d054fb2] Register server push request handler:com.alibaba.nacos.client.naming.remote.gprc.NamingPushRequestHandler
23:30:26.371 [main] INFO  c.a.n.c.r.client - [printIfInfoEnabled,60] - [a0a6adc7-2128-486c-89d8-99316d054fb2] Try to connect to server on start up, server: {serverIp = '192.168.2.11', server main port = 8848}
23:30:26.496 [main] INFO  c.a.n.c.r.client - [printIfInfoEnabled,60] - [a0a6adc7-2128-486c-89d8-99316d054fb2] Success to connect to server [192.168.2.11:8848] on start up, connectionId = 1655162880427_192.168.2.2_61244
23:30:26.497 [com.alibaba.nacos.client.remote.worker] INFO  c.a.n.c.r.client - [printIfInfoEnabled,60] - [a0a6adc7-2128-486c-89d8-99316d054fb2] Notify connected event to listeners.
23:30:26.497 [main] INFO  c.a.n.c.r.client - [printIfInfoEnabled,60] - [a0a6adc7-2128-486c-89d8-99316d054fb2] Register server push request handler:com.alibaba.nacos.common.remote.client.RpcClient$ConnectResetRequestHandler
23:30:26.498 [main] INFO  c.a.n.c.r.client - [printIfInfoEnabled,60] - [a0a6adc7-2128-486c-89d8-99316d054fb2] Register server push request handler:com.alibaba.nacos.common.remote.client.RpcClient$$Lambda$393/937926606
23:30:29.322 [main] INFO  o.a.c.h.Http11NioProtocol - [log,173] - Starting ProtocolHandler ["http-nio-9202"]
23:30:29.361 [main] INFO  c.a.c.n.r.NacosServiceRegistry - [register,75] - nacos registry, DEFAULT_GROUP ruoyi-gen 192.168.182.1:9202 register finished
23:30:29.847 [nacos-grpc-client-executor-8] INFO  c.a.n.c.r.client - [printIfInfoEnabled,60] - [a0a6adc7-2128-486c-89d8-99316d054fb2] Receive server push request, request = NotifySubscriberRequest, requestId = 19
23:30:29.854 [nacos-grpc-client-executor-8] INFO  c.a.n.c.r.client - [printIfInfoEnabled,60] - [a0a6adc7-2128-486c-89d8-99316d054fb2] Ack server push request, request = NotifySubscriberRequest, requestId = 19
23:30:30.037 [main] INFO  c.r.g.RuoYiGenApplication - [logStarted,61] - Started RuoYiGenApplication in 21.031 seconds (JVM running for 28.801)
23:30:30.061 [main] INFO  c.a.c.n.r.NacosContextRefresher - [registerNacosListenersForApplications,105] - listening config: dataId=ruoyi-gen, group=DEFAULT_GROUP
23:30:30.068 [main] INFO  c.a.c.n.r.NacosContextRefresher - [registerNacosListenersForApplications,105] - listening config: dataId=ruoyi-gen-dev.yml, group=DEFAULT_GROUP
23:30:30.069 [main] INFO  c.a.c.n.r.NacosContextRefresher - [registerNacosListenersForApplications,105] - listening config: dataId=ruoyi-gen.yml, group=DEFAULT_GROUP
23:30:54.010 [http-nio-9202-exec-1] INFO  o.a.c.c.C.[.[.[/] - [log,173] - Initializing Spring DispatcherServlet 'dispatcherServlet'
23:30:54.229 [http-nio-9202-exec-1] INFO  c.z.h.HikariDataSource - [getConnection,110] - HikariPool-1 - Starting...
23:30:56.267 [http-nio-9202-exec-1] INFO  c.z.h.HikariDataSource - [getConnection,123] - HikariPool-1 - Start completed.
