20:42:24.046 [background-preinit] INFO  o.h.v.i.util.Version - [<clinit>,21] - HV000001: Hibernate Validator 6.2.3.Final
20:42:25.397 [main] INFO  c.a.n.c.r.client - [lambda$createClient$0,80] - [RpcClientFactory] create a new rpc client of d3ecfa79-d966-46f3-805b-7b329e174200_config-0
20:42:25.499 [main] INFO  o.r.Reflections - [scan,232] - Reflections took 55 ms to scan 1 urls, producing 3 keys and 6 values 
20:42:25.542 [main] INFO  o.r.Reflections - [scan,232] - Reflections took 15 ms to scan 1 urls, producing 4 keys and 9 values 
20:42:25.566 [main] INFO  o.r.Reflections - [scan,232] - Reflections took 20 ms to scan 1 urls, producing 3 keys and 10 values 
20:42:25.829 [main] INFO  o.r.Reflections - [scan,232] - Reflections took 258 ms to scan 195 urls, producing 0 keys and 0 values 
20:42:25.841 [main] INFO  o.r.Reflections - [scan,232] - Reflections took 11 ms to scan 1 urls, producing 1 keys and 5 values 
20:42:25.860 [main] INFO  o.r.Reflections - [scan,232] - Reflections took 15 ms to scan 1 urls, producing 1 keys and 7 values 
20:42:25.875 [main] INFO  o.r.Reflections - [scan,232] - Reflections took 10 ms to scan 1 urls, producing 2 keys and 8 values 
20:42:26.120 [main] INFO  o.r.Reflections - [scan,232] - Reflections took 240 ms to scan 195 urls, producing 0 keys and 0 values 
20:42:26.122 [main] INFO  c.a.n.c.r.client - [printIfInfoEnabled,60] - [d3ecfa79-d966-46f3-805b-7b329e174200_config-0] RpcClient init label, labels = {module=config, Vipserver-Tag=null, source=sdk, Amory-Tag=null, Location-Tag=null, taskId=0, AppName=unknown}
20:42:26.123 [main] INFO  c.a.n.c.r.client - [printIfInfoEnabled,60] - [d3ecfa79-d966-46f3-805b-7b329e174200_config-0] Register server push request handler:com.alibaba.nacos.client.config.impl.ClientWorker$ConfigRpcTransportClient$$Lambda$380/744830242
20:42:26.123 [main] INFO  c.a.n.c.r.client - [printIfInfoEnabled,60] - [d3ecfa79-d966-46f3-805b-7b329e174200_config-0] Register server push request handler:com.alibaba.nacos.client.config.impl.ClientWorker$ConfigRpcTransportClient$$Lambda$381/828031951
20:42:26.124 [main] INFO  c.a.n.c.r.client - [printIfInfoEnabled,60] - [d3ecfa79-d966-46f3-805b-7b329e174200_config-0] Registry connection listener to current client:com.alibaba.nacos.client.config.impl.ClientWorker$ConfigRpcTransportClient$1
20:42:26.125 [main] INFO  c.a.n.c.r.client - [printIfInfoEnabled,60] - [d3ecfa79-d966-46f3-805b-7b329e174200_config-0] RpcClient init, ServerListFactory = com.alibaba.nacos.client.config.impl.ClientWorker$ConfigRpcTransportClient$2
20:42:26.143 [main] INFO  c.a.n.c.r.client - [printIfInfoEnabled,60] - [d3ecfa79-d966-46f3-805b-7b329e174200_config-0] Try to connect to server on start up, server: {serverIp = '192.168.2.11', server main port = 8848}
20:42:27.986 [main] INFO  c.a.n.c.r.client - [printIfInfoEnabled,60] - [d3ecfa79-d966-46f3-805b-7b329e174200_config-0] Success to connect to server [192.168.2.11:8848] on start up, connectionId = 1656160776817_192.168.2.2_55575
20:42:27.987 [com.alibaba.nacos.client.remote.worker] INFO  c.a.n.c.r.client - [printIfInfoEnabled,60] - [d3ecfa79-d966-46f3-805b-7b329e174200_config-0] Notify connected event to listeners.
20:42:27.987 [main] INFO  c.a.n.c.r.client - [printIfInfoEnabled,60] - [d3ecfa79-d966-46f3-805b-7b329e174200_config-0] Register server push request handler:com.alibaba.nacos.common.remote.client.RpcClient$ConnectResetRequestHandler
20:42:27.988 [main] INFO  c.a.n.c.r.client - [printIfInfoEnabled,60] - [d3ecfa79-d966-46f3-805b-7b329e174200_config-0] Register server push request handler:com.alibaba.nacos.common.remote.client.RpcClient$$Lambda$390/1395738631
20:42:28.134 [main] INFO  c.r.j.RuoYiJobApplication - [logStartupProfileInfo,646] - The following 1 profile is active: "dev"
20:42:32.418 [main] INFO  o.a.c.h.Http11NioProtocol - [log,173] - Initializing ProtocolHandler ["http-nio-9203"]
20:42:32.418 [main] INFO  o.a.c.c.StandardService - [log,173] - Starting service [Tomcat]
20:42:32.419 [main] INFO  o.a.c.c.StandardEngine - [log,173] - Starting Servlet engine: [Apache Tomcat/9.0.62]
20:42:32.673 [main] INFO  o.a.c.c.C.[.[.[/] - [log,173] - Initializing Spring embedded WebApplicationContext
20:42:33.251 [main] INFO  o.q.i.StdSchedulerFactory - [instantiate,1220] - Using default implementation for ThreadExecutor
20:42:33.279 [main] INFO  o.q.c.SchedulerSignalerImpl - [<init>,61] - Initialized Scheduler Signaller of type: class org.quartz.core.SchedulerSignalerImpl
20:42:33.279 [main] INFO  o.q.c.QuartzScheduler - [<init>,229] - Quartz Scheduler v.2.3.2 created.
20:42:33.295 [main] INFO  c.z.h.HikariDataSource - [getConnection,110] - HikariPool-1 - Starting...
20:42:33.602 [main] INFO  c.z.h.HikariDataSource - [getConnection,123] - HikariPool-1 - Start completed.
20:42:33.624 [main] INFO  o.q.c.QuartzScheduler - [initialize,294] - Scheduler meta-data: Quartz Scheduler (v2.3.2) 'RuoyiScheduler' with instanceId 'xujianfeng1656160953253'
  Scheduler class: 'org.quartz.core.QuartzScheduler' - running locally.
  NOT STARTED.
  Currently in standby mode.
  Number of jobs executed: 0
  Using thread pool 'org.quartz.simpl.SimpleThreadPool' - with 20 threads.
  Using job-store 'org.springframework.scheduling.quartz.LocalDataSourceJobStore' - which supports persistence. and is clustered.

20:42:33.624 [main] INFO  o.q.i.StdSchedulerFactory - [instantiate,1374] - Quartz scheduler 'RuoyiScheduler' initialized from an externally provided properties instance.
20:42:33.624 [main] INFO  o.q.i.StdSchedulerFactory - [instantiate,1378] - Quartz scheduler version: 2.3.2
20:42:33.627 [main] INFO  o.q.c.QuartzScheduler - [setJobFactory,2293] - JobFactory set to: org.springframework.scheduling.quartz.AdaptableJobFactory@41b0c6fa
20:42:35.306 [main] INFO  c.a.c.s.SentinelWebMvcConfigurer - [addInterceptors,52] - [Sentinel Starter] register SentinelWebInterceptor with urlPatterns: [/**].
20:42:36.030 [main] INFO  c.a.n.c.r.client - [lambda$createClient$0,80] - [RpcClientFactory] create a new rpc client of c4d081d3-a257-48bc-b0d9-b155b7d35bdf
20:42:36.030 [main] INFO  c.a.n.c.r.client - [printIfInfoEnabled,60] - [c4d081d3-a257-48bc-b0d9-b155b7d35bdf] RpcClient init label, labels = {module=naming, source=sdk}
20:42:36.034 [main] INFO  c.a.n.c.r.client - [printIfInfoEnabled,60] - [c4d081d3-a257-48bc-b0d9-b155b7d35bdf] RpcClient init, ServerListFactory = com.alibaba.nacos.client.naming.core.ServerListManager
20:42:36.034 [main] INFO  c.a.n.c.r.client - [printIfInfoEnabled,60] - [c4d081d3-a257-48bc-b0d9-b155b7d35bdf] Registry connection listener to current client:com.alibaba.nacos.client.naming.remote.gprc.redo.NamingGrpcRedoService
20:42:36.035 [main] INFO  c.a.n.c.r.client - [printIfInfoEnabled,60] - [c4d081d3-a257-48bc-b0d9-b155b7d35bdf] Register server push request handler:com.alibaba.nacos.client.naming.remote.gprc.NamingPushRequestHandler
20:42:36.036 [main] INFO  c.a.n.c.r.client - [printIfInfoEnabled,60] - [c4d081d3-a257-48bc-b0d9-b155b7d35bdf] Try to connect to server on start up, server: {serverIp = '192.168.2.11', server main port = 8848}
20:42:36.156 [main] INFO  c.a.n.c.r.client - [printIfInfoEnabled,60] - [c4d081d3-a257-48bc-b0d9-b155b7d35bdf] Success to connect to server [192.168.2.11:8848] on start up, connectionId = 1656160785169_192.168.2.2_55621
20:42:36.157 [com.alibaba.nacos.client.remote.worker] INFO  c.a.n.c.r.client - [printIfInfoEnabled,60] - [c4d081d3-a257-48bc-b0d9-b155b7d35bdf] Notify connected event to listeners.
20:42:36.157 [main] INFO  c.a.n.c.r.client - [printIfInfoEnabled,60] - [c4d081d3-a257-48bc-b0d9-b155b7d35bdf] Register server push request handler:com.alibaba.nacos.common.remote.client.RpcClient$ConnectResetRequestHandler
20:42:36.157 [main] INFO  c.a.n.c.r.client - [printIfInfoEnabled,60] - [c4d081d3-a257-48bc-b0d9-b155b7d35bdf] Register server push request handler:com.alibaba.nacos.common.remote.client.RpcClient$$Lambda$390/1395738631
20:42:38.144 [main] INFO  o.a.c.h.Http11NioProtocol - [log,173] - Starting ProtocolHandler ["http-nio-9203"]
20:42:38.180 [main] INFO  c.a.c.n.r.NacosServiceRegistry - [register,75] - nacos registry, DEFAULT_GROUP ruoyi-job 192.168.182.1:9203 register finished
20:42:38.695 [main] INFO  c.r.j.RuoYiJobApplication - [logStarted,61] - Started RuoYiJobApplication in 15.666 seconds (JVM running for 19.725)
20:42:38.701 [nacos-grpc-client-executor-7] INFO  c.a.n.c.r.client - [printIfInfoEnabled,60] - [c4d081d3-a257-48bc-b0d9-b155b7d35bdf] Receive server push request, request = NotifySubscriberRequest, requestId = 22
20:42:38.710 [nacos-grpc-client-executor-7] INFO  c.a.n.c.r.client - [printIfInfoEnabled,60] - [c4d081d3-a257-48bc-b0d9-b155b7d35bdf] Ack server push request, request = NotifySubscriberRequest, requestId = 22
20:42:38.714 [main] INFO  c.a.c.n.r.NacosContextRefresher - [registerNacosListenersForApplications,105] - listening config: dataId=ruoyi-job, group=DEFAULT_GROUP
20:42:38.719 [main] INFO  c.a.c.n.r.NacosContextRefresher - [registerNacosListenersForApplications,105] - listening config: dataId=ruoyi-job-dev.yml, group=DEFAULT_GROUP
20:42:38.720 [main] INFO  c.a.c.n.r.NacosContextRefresher - [registerNacosListenersForApplications,105] - listening config: dataId=ruoyi-job.yml, group=DEFAULT_GROUP
20:42:39.759 [Quartz Scheduler [RuoyiScheduler]] INFO  o.q.c.QuartzScheduler - [start,547] - Scheduler RuoyiScheduler_$_xujianfeng1656160953253 started.
20:42:51.726 [http-nio-9203-exec-1] INFO  o.a.c.c.C.[.[.[/] - [log,173] - Initializing Spring DispatcherServlet 'dispatcherServlet'
20:58:53.657 [nacos-grpc-client-executor-213] INFO  c.a.n.c.r.client - [printIfInfoEnabled,60] - [c4d081d3-a257-48bc-b0d9-b155b7d35bdf] Receive server push request, request = NotifySubscriberRequest, requestId = 35
20:58:53.657 [nacos-grpc-client-executor-213] INFO  c.a.n.c.r.client - [printIfInfoEnabled,60] - [c4d081d3-a257-48bc-b0d9-b155b7d35bdf] Ack server push request, request = NotifySubscriberRequest, requestId = 35
