02:49:38.709 [nacos-grpc-client-executor-4475] INFO  c.a.n.c.r.client - [printIfInfoEnabled,60] - [c4d081d3-a257-48bc-b0d9-b155b7d35bdf] Receive server push request, request = NotifySubscriberRequest, requestId = 41
02:49:38.715 [nacos-grpc-client-executor-4475] INFO  c.a.n.c.r.client - [printIfInfoEnabled,60] - [c4d081d3-a257-48bc-b0d9-b155b7d35bdf] Ack server push request, request = NotifySubscriberRequest, requestId = 41
02:49:42.618 [SpringApplicationShutdownHook] INFO  o.q.c.QuartzScheduler - [standby,585] - Scheduler RuoyiScheduler_$_xujianfeng1656160953253 paused.
02:49:42.801 [SpringApplicationShutdownHook] INFO  c.a.c.n.r.NacosServiceRegistry - [deregister,94] - De-registering from Nacos Server now...
02:49:42.804 [SpringApplicationShutdownHook] INFO  c.a.c.n.r.NacosServiceRegistry - [deregister,114] - De-registration finished.
02:49:43.110 [SpringApplicationShutdownHook] INFO  c.a.n.c.r.client - [shutdown,454] - Shutdown rpc client, set status to shutdown
02:49:43.110 [SpringApplicationShutdownHook] INFO  c.a.n.c.r.client - [shutdown,456] - Shutdown client event executor java.util.concurrent.ScheduledThreadPoolExecutor@6e793713[Running, pool size = 2, active threads = 2, queued tasks = 0, completed tasks = 0]
02:49:43.110 [SpringApplicationShutdownHook] INFO  c.a.n.c.r.client - [closeConnection,591] - Close current connection 1656160785169_192.168.2.2_55621
02:49:43.114 [nacos-grpc-client-executor-4479] INFO  c.a.n.c.r.c.g.GrpcClient - [printIfInfoEnabled,60] - [1656160785169_192.168.2.2_55621]Ignore complete event,isRunning:false,isAbandon=false
02:49:43.118 [SpringApplicationShutdownHook] INFO  c.a.n.c.r.c.g.GrpcClient - [shutdown,85] - Shutdown grpc executor java.util.concurrent.ThreadPoolExecutor@3e096652[Running, pool size = 6, active threads = 0, queued tasks = 0, completed tasks = 4480]
02:49:43.361 [SpringApplicationShutdownHook] INFO  o.q.c.QuartzScheduler - [shutdown,666] - Scheduler RuoyiScheduler_$_xujianfeng1656160953253 shutting down.
02:49:43.361 [SpringApplicationShutdownHook] INFO  o.q.c.QuartzScheduler - [standby,585] - Scheduler RuoyiScheduler_$_xujianfeng1656160953253 paused.
02:49:43.363 [SpringApplicationShutdownHook] INFO  o.q.c.QuartzScheduler - [shutdown,740] - Scheduler RuoyiScheduler_$_xujianfeng1656160953253 shutdown complete.
02:49:43.363 [SpringApplicationShutdownHook] INFO  c.z.h.HikariDataSource - [close,350] - HikariPool-1 - Shutdown initiated...
02:49:43.368 [SpringApplicationShutdownHook] INFO  c.z.h.HikariDataSource - [close,352] - HikariPool-1 - Shutdown completed.
14:13:52.191 [background-preinit] INFO  o.h.v.i.util.Version - [<clinit>,21] - HV000001: Hibernate Validator 6.2.3.Final
14:13:55.373 [main] INFO  c.a.n.c.r.client - [lambda$createClient$0,80] - [RpcClientFactory] create a new rpc client of fbb58044-a12a-4bd2-a9dd-78d73aab6482_config-0
14:13:55.649 [main] INFO  o.r.Reflections - [scan,232] - Reflections took 155 ms to scan 1 urls, producing 3 keys and 6 values 
14:13:55.745 [main] INFO  o.r.Reflections - [scan,232] - Reflections took 37 ms to scan 1 urls, producing 4 keys and 9 values 
14:13:55.815 [main] INFO  o.r.Reflections - [scan,232] - Reflections took 62 ms to scan 1 urls, producing 3 keys and 10 values 
14:13:56.293 [main] INFO  o.r.Reflections - [scan,232] - Reflections took 465 ms to scan 195 urls, producing 0 keys and 0 values 
14:13:56.318 [main] INFO  o.r.Reflections - [scan,232] - Reflections took 23 ms to scan 1 urls, producing 1 keys and 5 values 
14:13:56.368 [main] INFO  o.r.Reflections - [scan,232] - Reflections took 33 ms to scan 1 urls, producing 1 keys and 7 values 
14:13:56.397 [main] INFO  o.r.Reflections - [scan,232] - Reflections took 21 ms to scan 1 urls, producing 2 keys and 8 values 
14:13:56.804 [main] INFO  o.r.Reflections - [scan,232] - Reflections took 399 ms to scan 195 urls, producing 0 keys and 0 values 
14:13:56.817 [main] INFO  c.a.n.c.r.client - [printIfInfoEnabled,60] - [fbb58044-a12a-4bd2-a9dd-78d73aab6482_config-0] RpcClient init label, labels = {module=config, Vipserver-Tag=null, source=sdk, Amory-Tag=null, Location-Tag=null, taskId=0, AppName=unknown}
14:13:56.820 [main] INFO  c.a.n.c.r.client - [printIfInfoEnabled,60] - [fbb58044-a12a-4bd2-a9dd-78d73aab6482_config-0] Register server push request handler:com.alibaba.nacos.client.config.impl.ClientWorker$ConfigRpcTransportClient$$Lambda$380/1879919011
14:13:56.821 [main] INFO  c.a.n.c.r.client - [printIfInfoEnabled,60] - [fbb58044-a12a-4bd2-a9dd-78d73aab6482_config-0] Register server push request handler:com.alibaba.nacos.client.config.impl.ClientWorker$ConfigRpcTransportClient$$Lambda$381/1849645183
14:13:56.823 [main] INFO  c.a.n.c.r.client - [printIfInfoEnabled,60] - [fbb58044-a12a-4bd2-a9dd-78d73aab6482_config-0] Registry connection listener to current client:com.alibaba.nacos.client.config.impl.ClientWorker$ConfigRpcTransportClient$1
14:13:56.833 [main] INFO  c.a.n.c.r.client - [printIfInfoEnabled,60] - [fbb58044-a12a-4bd2-a9dd-78d73aab6482_config-0] RpcClient init, ServerListFactory = com.alibaba.nacos.client.config.impl.ClientWorker$ConfigRpcTransportClient$2
14:13:56.878 [main] INFO  c.a.n.c.r.client - [printIfInfoEnabled,60] - [fbb58044-a12a-4bd2-a9dd-78d73aab6482_config-0] Try to connect to server on start up, server: {serverIp = '192.168.2.11', server main port = 8848}
14:14:00.296 [main] INFO  c.a.n.c.r.client - [printIfInfoEnabled,60] - [fbb58044-a12a-4bd2-a9dd-78d73aab6482_config-0] Success to connect to server [192.168.2.11:8848] on start up, connectionId = 1656223867298_192.168.2.2_60275
14:14:00.299 [com.alibaba.nacos.client.remote.worker] INFO  c.a.n.c.r.client - [printIfInfoEnabled,60] - [fbb58044-a12a-4bd2-a9dd-78d73aab6482_config-0] Notify connected event to listeners.
14:14:00.302 [main] INFO  c.a.n.c.r.client - [printIfInfoEnabled,60] - [fbb58044-a12a-4bd2-a9dd-78d73aab6482_config-0] Register server push request handler:com.alibaba.nacos.common.remote.client.RpcClient$ConnectResetRequestHandler
14:14:00.303 [main] INFO  c.a.n.c.r.client - [printIfInfoEnabled,60] - [fbb58044-a12a-4bd2-a9dd-78d73aab6482_config-0] Register server push request handler:com.alibaba.nacos.common.remote.client.RpcClient$$Lambda$390/261915823
14:14:00.575 [main] INFO  c.r.j.RuoYiJobApplication - [logStartupProfileInfo,646] - The following 1 profile is active: "dev"
14:14:09.649 [main] INFO  o.a.c.h.Http11NioProtocol - [log,173] - Initializing ProtocolHandler ["http-nio-9203"]
14:14:09.650 [main] INFO  o.a.c.c.StandardService - [log,173] - Starting service [Tomcat]
14:14:09.651 [main] INFO  o.a.c.c.StandardEngine - [log,173] - Starting Servlet engine: [Apache Tomcat/9.0.62]
14:14:10.201 [main] INFO  o.a.c.c.C.[.[.[/] - [log,173] - Initializing Spring embedded WebApplicationContext
14:14:11.805 [main] INFO  o.q.i.StdSchedulerFactory - [instantiate,1220] - Using default implementation for ThreadExecutor
14:14:11.856 [main] INFO  o.q.c.SchedulerSignalerImpl - [<init>,61] - Initialized Scheduler Signaller of type: class org.quartz.core.SchedulerSignalerImpl
14:14:11.856 [main] INFO  o.q.c.QuartzScheduler - [<init>,229] - Quartz Scheduler v.2.3.2 created.
14:14:11.887 [main] INFO  c.z.h.HikariDataSource - [getConnection,110] - HikariPool-1 - Starting...
14:14:12.468 [main] INFO  c.z.h.HikariDataSource - [getConnection,123] - HikariPool-1 - Start completed.
14:14:12.499 [main] INFO  o.q.c.QuartzScheduler - [initialize,294] - Scheduler meta-data: Quartz Scheduler (v2.3.2) 'RuoyiScheduler' with instanceId 'xujianfeng1656224051808'
  Scheduler class: 'org.quartz.core.QuartzScheduler' - running locally.
  NOT STARTED.
  Currently in standby mode.
  Number of jobs executed: 0
  Using thread pool 'org.quartz.simpl.SimpleThreadPool' - with 20 threads.
  Using job-store 'org.springframework.scheduling.quartz.LocalDataSourceJobStore' - which supports persistence. and is clustered.

14:14:12.500 [main] INFO  o.q.i.StdSchedulerFactory - [instantiate,1374] - Quartz scheduler 'RuoyiScheduler' initialized from an externally provided properties instance.
14:14:12.500 [main] INFO  o.q.i.StdSchedulerFactory - [instantiate,1378] - Quartz scheduler version: 2.3.2
14:14:12.504 [main] INFO  o.q.c.QuartzScheduler - [setJobFactory,2293] - JobFactory set to: org.springframework.scheduling.quartz.AdaptableJobFactory@66228b5f
14:14:15.759 [main] INFO  c.a.c.s.SentinelWebMvcConfigurer - [addInterceptors,52] - [Sentinel Starter] register SentinelWebInterceptor with urlPatterns: [/**].
14:14:17.104 [main] INFO  c.a.n.c.r.client - [lambda$createClient$0,80] - [RpcClientFactory] create a new rpc client of 783b5643-f12c-43f1-9426-d7b7d262cc16
14:14:17.105 [main] INFO  c.a.n.c.r.client - [printIfInfoEnabled,60] - [783b5643-f12c-43f1-9426-d7b7d262cc16] RpcClient init label, labels = {module=naming, source=sdk}
14:14:17.110 [main] INFO  c.a.n.c.r.client - [printIfInfoEnabled,60] - [783b5643-f12c-43f1-9426-d7b7d262cc16] RpcClient init, ServerListFactory = com.alibaba.nacos.client.naming.core.ServerListManager
14:14:17.111 [main] INFO  c.a.n.c.r.client - [printIfInfoEnabled,60] - [783b5643-f12c-43f1-9426-d7b7d262cc16] Registry connection listener to current client:com.alibaba.nacos.client.naming.remote.gprc.redo.NamingGrpcRedoService
14:14:17.114 [main] INFO  c.a.n.c.r.client - [printIfInfoEnabled,60] - [783b5643-f12c-43f1-9426-d7b7d262cc16] Register server push request handler:com.alibaba.nacos.client.naming.remote.gprc.NamingPushRequestHandler
14:14:17.115 [main] INFO  c.a.n.c.r.client - [printIfInfoEnabled,60] - [783b5643-f12c-43f1-9426-d7b7d262cc16] Try to connect to server on start up, server: {serverIp = '192.168.2.11', server main port = 8848}
14:14:17.247 [main] INFO  c.a.n.c.r.client - [printIfInfoEnabled,60] - [783b5643-f12c-43f1-9426-d7b7d262cc16] Success to connect to server [192.168.2.11:8848] on start up, connectionId = 1656223884582_192.168.2.2_60395
14:14:17.248 [com.alibaba.nacos.client.remote.worker] INFO  c.a.n.c.r.client - [printIfInfoEnabled,60] - [783b5643-f12c-43f1-9426-d7b7d262cc16] Notify connected event to listeners.
14:14:17.248 [main] INFO  c.a.n.c.r.client - [printIfInfoEnabled,60] - [783b5643-f12c-43f1-9426-d7b7d262cc16] Register server push request handler:com.alibaba.nacos.common.remote.client.RpcClient$ConnectResetRequestHandler
14:14:17.258 [main] INFO  c.a.n.c.r.client - [printIfInfoEnabled,60] - [783b5643-f12c-43f1-9426-d7b7d262cc16] Register server push request handler:com.alibaba.nacos.common.remote.client.RpcClient$$Lambda$390/261915823
14:14:20.341 [main] INFO  o.a.c.h.Http11NioProtocol - [log,173] - Starting ProtocolHandler ["http-nio-9203"]
14:14:20.387 [main] INFO  c.a.c.n.r.NacosServiceRegistry - [register,75] - nacos registry, DEFAULT_GROUP ruoyi-job 192.168.182.1:9203 register finished
14:14:20.861 [nacos-grpc-client-executor-9] INFO  c.a.n.c.r.client - [printIfInfoEnabled,60] - [783b5643-f12c-43f1-9426-d7b7d262cc16] Receive server push request, request = NotifySubscriberRequest, requestId = 5
14:14:20.873 [nacos-grpc-client-executor-9] INFO  c.a.n.c.r.client - [printIfInfoEnabled,60] - [783b5643-f12c-43f1-9426-d7b7d262cc16] Ack server push request, request = NotifySubscriberRequest, requestId = 5
14:14:21.003 [main] INFO  c.r.j.RuoYiJobApplication - [logStarted,61] - Started RuoYiJobApplication in 31.462 seconds (JVM running for 43.039)
14:14:21.024 [main] INFO  c.a.c.n.r.NacosContextRefresher - [registerNacosListenersForApplications,105] - listening config: dataId=ruoyi-job, group=DEFAULT_GROUP
14:14:21.034 [main] INFO  c.a.c.n.r.NacosContextRefresher - [registerNacosListenersForApplications,105] - listening config: dataId=ruoyi-job-dev.yml, group=DEFAULT_GROUP
14:14:21.035 [main] INFO  c.a.c.n.r.NacosContextRefresher - [registerNacosListenersForApplications,105] - listening config: dataId=ruoyi-job.yml, group=DEFAULT_GROUP
14:14:22.149 [Quartz Scheduler [RuoyiScheduler]] INFO  o.q.c.QuartzScheduler - [start,547] - Scheduler RuoyiScheduler_$_xujianfeng1656224051808 started.
14:14:30.112 [http-nio-9203-exec-1] INFO  o.a.c.c.C.[.[.[/] - [log,173] - Initializing Spring DispatcherServlet 'dispatcherServlet'
14:34:56.262 [SpringApplicationShutdownHook] INFO  o.q.c.QuartzScheduler - [standby,585] - Scheduler RuoyiScheduler_$_xujianfeng1656224051808 paused.
14:34:56.574 [SpringApplicationShutdownHook] INFO  c.a.c.n.r.NacosServiceRegistry - [deregister,94] - De-registering from Nacos Server now...
14:34:56.584 [SpringApplicationShutdownHook] INFO  c.a.c.n.r.NacosServiceRegistry - [deregister,114] - De-registration finished.
14:34:56.893 [SpringApplicationShutdownHook] INFO  c.a.n.c.r.client - [shutdown,454] - Shutdown rpc client, set status to shutdown
14:34:56.894 [SpringApplicationShutdownHook] INFO  c.a.n.c.r.client - [shutdown,456] - Shutdown client event executor java.util.concurrent.ScheduledThreadPoolExecutor@4f8fc816[Running, pool size = 2, active threads = 2, queued tasks = 0, completed tasks = 0]
14:34:56.895 [SpringApplicationShutdownHook] INFO  c.a.n.c.r.client - [closeConnection,591] - Close current connection 1656223884582_192.168.2.2_60395
14:34:56.899 [nacos-grpc-client-executor-272] INFO  c.a.n.c.r.c.g.GrpcClient - [printIfInfoEnabled,60] - [1656223884582_192.168.2.2_60395]Ignore complete event,isRunning:false,isAbandon=false
14:34:56.910 [SpringApplicationShutdownHook] INFO  c.a.n.c.r.c.g.GrpcClient - [shutdown,85] - Shutdown grpc executor java.util.concurrent.ThreadPoolExecutor@5cd57480[Running, pool size = 6, active threads = 0, queued tasks = 0, completed tasks = 273]
14:34:57.157 [SpringApplicationShutdownHook] INFO  o.q.c.QuartzScheduler - [shutdown,666] - Scheduler RuoyiScheduler_$_xujianfeng1656224051808 shutting down.
14:34:57.158 [SpringApplicationShutdownHook] INFO  o.q.c.QuartzScheduler - [standby,585] - Scheduler RuoyiScheduler_$_xujianfeng1656224051808 paused.
14:34:57.160 [SpringApplicationShutdownHook] INFO  o.q.c.QuartzScheduler - [shutdown,740] - Scheduler RuoyiScheduler_$_xujianfeng1656224051808 shutdown complete.
14:34:57.162 [SpringApplicationShutdownHook] INFO  c.z.h.HikariDataSource - [close,350] - HikariPool-1 - Shutdown initiated...
14:34:57.178 [SpringApplicationShutdownHook] INFO  c.z.h.HikariDataSource - [close,352] - HikariPool-1 - Shutdown completed.
14:42:17.149 [background-preinit] INFO  o.h.v.i.util.Version - [<clinit>,21] - HV000001: Hibernate Validator 6.2.3.Final
14:42:21.874 [main] INFO  c.a.n.c.r.client - [lambda$createClient$0,80] - [RpcClientFactory] create a new rpc client of dc692c05-18c5-460d-a30c-5e3d333f29bf_config-0
14:42:22.279 [main] INFO  o.r.Reflections - [scan,232] - Reflections took 254 ms to scan 1 urls, producing 3 keys and 6 values 
14:42:22.463 [main] INFO  o.r.Reflections - [scan,232] - Reflections took 54 ms to scan 1 urls, producing 4 keys and 9 values 
14:42:22.554 [main] INFO  o.r.Reflections - [scan,232] - Reflections took 75 ms to scan 1 urls, producing 3 keys and 10 values 
14:42:23.334 [main] INFO  o.r.Reflections - [scan,232] - Reflections took 765 ms to scan 195 urls, producing 0 keys and 0 values 
14:42:23.381 [main] INFO  o.r.Reflections - [scan,232] - Reflections took 41 ms to scan 1 urls, producing 1 keys and 5 values 
14:42:23.425 [main] INFO  o.r.Reflections - [scan,232] - Reflections took 36 ms to scan 1 urls, producing 1 keys and 7 values 
14:42:23.455 [main] INFO  o.r.Reflections - [scan,232] - Reflections took 22 ms to scan 1 urls, producing 2 keys and 8 values 
14:42:24.092 [main] INFO  o.r.Reflections - [scan,232] - Reflections took 624 ms to scan 195 urls, producing 0 keys and 0 values 
14:42:24.097 [main] INFO  c.a.n.c.r.client - [printIfInfoEnabled,60] - [dc692c05-18c5-460d-a30c-5e3d333f29bf_config-0] RpcClient init label, labels = {module=config, Vipserver-Tag=null, source=sdk, Amory-Tag=null, Location-Tag=null, taskId=0, AppName=unknown}
14:42:24.099 [main] INFO  c.a.n.c.r.client - [printIfInfoEnabled,60] - [dc692c05-18c5-460d-a30c-5e3d333f29bf_config-0] Register server push request handler:com.alibaba.nacos.client.config.impl.ClientWorker$ConfigRpcTransportClient$$Lambda$378/1830016302
14:42:24.114 [main] INFO  c.a.n.c.r.client - [printIfInfoEnabled,60] - [dc692c05-18c5-460d-a30c-5e3d333f29bf_config-0] Register server push request handler:com.alibaba.nacos.client.config.impl.ClientWorker$ConfigRpcTransportClient$$Lambda$379/1618504655
14:42:24.117 [main] INFO  c.a.n.c.r.client - [printIfInfoEnabled,60] - [dc692c05-18c5-460d-a30c-5e3d333f29bf_config-0] Registry connection listener to current client:com.alibaba.nacos.client.config.impl.ClientWorker$ConfigRpcTransportClient$1
14:42:24.119 [main] INFO  c.a.n.c.r.client - [printIfInfoEnabled,60] - [dc692c05-18c5-460d-a30c-5e3d333f29bf_config-0] RpcClient init, ServerListFactory = com.alibaba.nacos.client.config.impl.ClientWorker$ConfigRpcTransportClient$2
14:42:24.155 [main] INFO  c.a.n.c.r.client - [printIfInfoEnabled,60] - [dc692c05-18c5-460d-a30c-5e3d333f29bf_config-0] Try to connect to server on start up, server: {serverIp = '192.168.2.11', server main port = 8848}
14:42:29.809 [main] INFO  c.a.n.c.r.client - [printIfInfoEnabled,60] - [dc692c05-18c5-460d-a30c-5e3d333f29bf_config-0] Success to connect to server [192.168.2.11:8848] on start up, connectionId = 1656225576638_192.168.2.2_49898
14:42:29.811 [com.alibaba.nacos.client.remote.worker] INFO  c.a.n.c.r.client - [printIfInfoEnabled,60] - [dc692c05-18c5-460d-a30c-5e3d333f29bf_config-0] Notify connected event to listeners.
14:42:29.814 [main] INFO  c.a.n.c.r.client - [printIfInfoEnabled,60] - [dc692c05-18c5-460d-a30c-5e3d333f29bf_config-0] Register server push request handler:com.alibaba.nacos.common.remote.client.RpcClient$ConnectResetRequestHandler
14:42:29.815 [main] INFO  c.a.n.c.r.client - [printIfInfoEnabled,60] - [dc692c05-18c5-460d-a30c-5e3d333f29bf_config-0] Register server push request handler:com.alibaba.nacos.common.remote.client.RpcClient$$Lambda$388/1969566183
14:42:30.417 [main] INFO  c.r.j.RuoYiJobApplication - [logStartupProfileInfo,646] - The following 1 profile is active: "dev"
14:42:39.942 [main] INFO  o.a.c.h.Http11NioProtocol - [log,173] - Initializing ProtocolHandler ["http-nio-9203"]
14:42:39.943 [main] INFO  o.a.c.c.StandardService - [log,173] - Starting service [Tomcat]
14:42:39.944 [main] INFO  o.a.c.c.StandardEngine - [log,173] - Starting Servlet engine: [Apache Tomcat/9.0.62]
14:42:40.443 [main] INFO  o.a.c.c.C.[.[.[/] - [log,173] - Initializing Spring embedded WebApplicationContext
14:42:41.911 [main] INFO  o.q.i.StdSchedulerFactory - [instantiate,1220] - Using default implementation for ThreadExecutor
14:42:41.969 [main] INFO  o.q.c.SchedulerSignalerImpl - [<init>,61] - Initialized Scheduler Signaller of type: class org.quartz.core.SchedulerSignalerImpl
14:42:41.970 [main] INFO  o.q.c.QuartzScheduler - [<init>,229] - Quartz Scheduler v.2.3.2 created.
14:42:42.002 [main] INFO  c.z.h.HikariDataSource - [getConnection,110] - HikariPool-1 - Starting...
14:42:42.612 [main] INFO  c.z.h.HikariDataSource - [getConnection,123] - HikariPool-1 - Start completed.
14:42:42.653 [main] INFO  o.q.c.QuartzScheduler - [initialize,294] - Scheduler meta-data: Quartz Scheduler (v2.3.2) 'RuoyiScheduler' with instanceId 'xujianfeng1656225761914'
  Scheduler class: 'org.quartz.core.QuartzScheduler' - running locally.
  NOT STARTED.
  Currently in standby mode.
  Number of jobs executed: 0
  Using thread pool 'org.quartz.simpl.SimpleThreadPool' - with 20 threads.
  Using job-store 'org.springframework.scheduling.quartz.LocalDataSourceJobStore' - which supports persistence. and is clustered.

14:42:42.654 [main] INFO  o.q.i.StdSchedulerFactory - [instantiate,1374] - Quartz scheduler 'RuoyiScheduler' initialized from an externally provided properties instance.
14:42:42.654 [main] INFO  o.q.i.StdSchedulerFactory - [instantiate,1378] - Quartz scheduler version: 2.3.2
14:42:42.659 [main] INFO  o.q.c.QuartzScheduler - [setJobFactory,2293] - JobFactory set to: org.springframework.scheduling.quartz.AdaptableJobFactory@19692f85
14:42:45.619 [main] INFO  c.a.c.s.SentinelWebMvcConfigurer - [addInterceptors,52] - [Sentinel Starter] register SentinelWebInterceptor with urlPatterns: [/**].
14:42:47.099 [main] INFO  c.a.n.c.r.client - [lambda$createClient$0,80] - [RpcClientFactory] create a new rpc client of d054fbc1-d309-48d9-aabb-da44016aef34
14:42:47.100 [main] INFO  c.a.n.c.r.client - [printIfInfoEnabled,60] - [d054fbc1-d309-48d9-aabb-da44016aef34] RpcClient init label, labels = {module=naming, source=sdk}
14:42:47.107 [main] INFO  c.a.n.c.r.client - [printIfInfoEnabled,60] - [d054fbc1-d309-48d9-aabb-da44016aef34] RpcClient init, ServerListFactory = com.alibaba.nacos.client.naming.core.ServerListManager
14:42:47.107 [main] INFO  c.a.n.c.r.client - [printIfInfoEnabled,60] - [d054fbc1-d309-48d9-aabb-da44016aef34] Registry connection listener to current client:com.alibaba.nacos.client.naming.remote.gprc.redo.NamingGrpcRedoService
14:42:47.109 [main] INFO  c.a.n.c.r.client - [printIfInfoEnabled,60] - [d054fbc1-d309-48d9-aabb-da44016aef34] Register server push request handler:com.alibaba.nacos.client.naming.remote.gprc.NamingPushRequestHandler
14:42:47.110 [main] INFO  c.a.n.c.r.client - [printIfInfoEnabled,60] - [d054fbc1-d309-48d9-aabb-da44016aef34] Try to connect to server on start up, server: {serverIp = '192.168.2.11', server main port = 8848}
14:42:47.231 [main] INFO  c.a.n.c.r.client - [printIfInfoEnabled,60] - [d054fbc1-d309-48d9-aabb-da44016aef34] Success to connect to server [192.168.2.11:8848] on start up, connectionId = 1656225594554_192.168.2.2_50173
14:42:47.232 [com.alibaba.nacos.client.remote.worker] INFO  c.a.n.c.r.client - [printIfInfoEnabled,60] - [d054fbc1-d309-48d9-aabb-da44016aef34] Notify connected event to listeners.
14:42:47.232 [main] INFO  c.a.n.c.r.client - [printIfInfoEnabled,60] - [d054fbc1-d309-48d9-aabb-da44016aef34] Register server push request handler:com.alibaba.nacos.common.remote.client.RpcClient$ConnectResetRequestHandler
14:42:47.234 [main] INFO  c.a.n.c.r.client - [printIfInfoEnabled,60] - [d054fbc1-d309-48d9-aabb-da44016aef34] Register server push request handler:com.alibaba.nacos.common.remote.client.RpcClient$$Lambda$388/1969566183
14:42:52.120 [main] INFO  o.a.c.h.Http11NioProtocol - [log,173] - Starting ProtocolHandler ["http-nio-9203"]
14:42:52.205 [main] INFO  c.a.c.n.r.NacosServiceRegistry - [register,75] - nacos registry, DEFAULT_GROUP ruoyi-job 192.168.182.1:9203 register finished
14:42:52.597 [nacos-grpc-client-executor-6] INFO  c.a.n.c.r.client - [printIfInfoEnabled,60] - [d054fbc1-d309-48d9-aabb-da44016aef34] Receive server push request, request = NotifySubscriberRequest, requestId = 38
14:42:52.615 [nacos-grpc-client-executor-6] INFO  c.a.n.c.r.client - [printIfInfoEnabled,60] - [d054fbc1-d309-48d9-aabb-da44016aef34] Ack server push request, request = NotifySubscriberRequest, requestId = 38
14:42:53.390 [main] INFO  c.r.j.RuoYiJobApplication - [logStarted,61] - Started RuoYiJobApplication in 39.495 seconds (JVM running for 50.79)
14:42:53.420 [main] INFO  c.a.c.n.r.NacosContextRefresher - [registerNacosListenersForApplications,105] - listening config: dataId=ruoyi-job, group=DEFAULT_GROUP
14:42:53.432 [main] INFO  c.a.c.n.r.NacosContextRefresher - [registerNacosListenersForApplications,105] - listening config: dataId=ruoyi-job-dev.yml, group=DEFAULT_GROUP
14:42:53.433 [main] INFO  c.a.c.n.r.NacosContextRefresher - [registerNacosListenersForApplications,105] - listening config: dataId=ruoyi-job.yml, group=DEFAULT_GROUP
14:42:54.415 [Quartz Scheduler [RuoyiScheduler]] INFO  o.q.c.QuartzScheduler - [start,547] - Scheduler RuoyiScheduler_$_xujianfeng1656225761914 started.
14:43:09.160 [http-nio-9203-exec-1] INFO  o.a.c.c.C.[.[.[/] - [log,173] - Initializing Spring DispatcherServlet 'dispatcherServlet'
18:36:26.912 [SpringApplicationShutdownHook] INFO  o.q.c.QuartzScheduler - [standby,585] - Scheduler RuoyiScheduler_$_xujianfeng1656225761914 paused.
18:36:27.338 [SpringApplicationShutdownHook] INFO  c.a.c.n.r.NacosServiceRegistry - [deregister,94] - De-registering from Nacos Server now...
18:36:27.346 [SpringApplicationShutdownHook] INFO  c.a.c.n.r.NacosServiceRegistry - [deregister,114] - De-registration finished.
18:36:27.660 [SpringApplicationShutdownHook] INFO  c.a.n.c.r.client - [shutdown,454] - Shutdown rpc client, set status to shutdown
18:36:27.660 [SpringApplicationShutdownHook] INFO  c.a.n.c.r.client - [shutdown,456] - Shutdown client event executor java.util.concurrent.ScheduledThreadPoolExecutor@740b9de9[Running, pool size = 2, active threads = 2, queued tasks = 0, completed tasks = 0]
18:36:27.660 [SpringApplicationShutdownHook] INFO  c.a.n.c.r.client - [closeConnection,591] - Close current connection 1656225594554_192.168.2.2_50173
18:36:27.664 [nacos-grpc-client-executor-2854] INFO  c.a.n.c.r.c.g.GrpcClient - [printIfInfoEnabled,60] - [1656225594554_192.168.2.2_50173]Ignore complete event,isRunning:false,isAbandon=false
18:36:27.683 [SpringApplicationShutdownHook] INFO  c.a.n.c.r.c.g.GrpcClient - [shutdown,85] - Shutdown grpc executor java.util.concurrent.ThreadPoolExecutor@162da7b4[Running, pool size = 6, active threads = 0, queued tasks = 0, completed tasks = 2855]
18:36:27.880 [SpringApplicationShutdownHook] INFO  o.q.c.QuartzScheduler - [shutdown,666] - Scheduler RuoyiScheduler_$_xujianfeng1656225761914 shutting down.
18:36:27.881 [SpringApplicationShutdownHook] INFO  o.q.c.QuartzScheduler - [standby,585] - Scheduler RuoyiScheduler_$_xujianfeng1656225761914 paused.
18:36:27.883 [SpringApplicationShutdownHook] INFO  o.q.c.QuartzScheduler - [shutdown,740] - Scheduler RuoyiScheduler_$_xujianfeng1656225761914 shutdown complete.
18:36:27.884 [SpringApplicationShutdownHook] INFO  c.z.h.HikariDataSource - [close,350] - HikariPool-1 - Shutdown initiated...
18:36:27.896 [SpringApplicationShutdownHook] INFO  c.z.h.HikariDataSource - [close,352] - HikariPool-1 - Shutdown completed.
18:36:59.488 [background-preinit] INFO  o.h.v.i.util.Version - [<clinit>,21] - HV000001: Hibernate Validator 6.2.3.Final
18:37:02.650 [main] INFO  c.a.n.c.r.client - [lambda$createClient$0,80] - [RpcClientFactory] create a new rpc client of db844d55-178c-4761-b0ab-fafdfed7c35d_config-0
18:37:02.851 [main] INFO  o.r.Reflections - [scan,232] - Reflections took 122 ms to scan 1 urls, producing 3 keys and 6 values 
18:37:02.938 [main] INFO  o.r.Reflections - [scan,232] - Reflections took 37 ms to scan 1 urls, producing 4 keys and 9 values 
18:37:02.986 [main] INFO  o.r.Reflections - [scan,232] - Reflections took 41 ms to scan 1 urls, producing 3 keys and 10 values 
18:37:03.475 [main] INFO  o.r.Reflections - [scan,232] - Reflections took 480 ms to scan 196 urls, producing 0 keys and 0 values 
18:37:03.495 [main] INFO  o.r.Reflections - [scan,232] - Reflections took 19 ms to scan 1 urls, producing 1 keys and 5 values 
18:37:03.529 [main] INFO  o.r.Reflections - [scan,232] - Reflections took 28 ms to scan 1 urls, producing 1 keys and 7 values 
18:37:03.557 [main] INFO  o.r.Reflections - [scan,232] - Reflections took 20 ms to scan 1 urls, producing 2 keys and 8 values 
18:37:03.928 [main] INFO  o.r.Reflections - [scan,232] - Reflections took 365 ms to scan 196 urls, producing 0 keys and 0 values 
18:37:03.930 [main] INFO  c.a.n.c.r.client - [printIfInfoEnabled,60] - [db844d55-178c-4761-b0ab-fafdfed7c35d_config-0] RpcClient init label, labels = {module=config, Vipserver-Tag=null, source=sdk, Amory-Tag=null, Location-Tag=null, taskId=0, AppName=unknown}
18:37:03.932 [main] INFO  c.a.n.c.r.client - [printIfInfoEnabled,60] - [db844d55-178c-4761-b0ab-fafdfed7c35d_config-0] Register server push request handler:com.alibaba.nacos.client.config.impl.ClientWorker$ConfigRpcTransportClient$$Lambda$378/1523298618
18:37:03.933 [main] INFO  c.a.n.c.r.client - [printIfInfoEnabled,60] - [db844d55-178c-4761-b0ab-fafdfed7c35d_config-0] Register server push request handler:com.alibaba.nacos.client.config.impl.ClientWorker$ConfigRpcTransportClient$$Lambda$379/1673345337
18:37:03.935 [main] INFO  c.a.n.c.r.client - [printIfInfoEnabled,60] - [db844d55-178c-4761-b0ab-fafdfed7c35d_config-0] Registry connection listener to current client:com.alibaba.nacos.client.config.impl.ClientWorker$ConfigRpcTransportClient$1
18:37:03.936 [main] INFO  c.a.n.c.r.client - [printIfInfoEnabled,60] - [db844d55-178c-4761-b0ab-fafdfed7c35d_config-0] RpcClient init, ServerListFactory = com.alibaba.nacos.client.config.impl.ClientWorker$ConfigRpcTransportClient$2
18:37:03.957 [main] INFO  c.a.n.c.r.client - [printIfInfoEnabled,60] - [db844d55-178c-4761-b0ab-fafdfed7c35d_config-0] Try to connect to server on start up, server: {serverIp = '192.168.2.11', server main port = 8848}
18:37:07.444 [main] INFO  c.a.n.c.r.client - [printIfInfoEnabled,60] - [db844d55-178c-4761-b0ab-fafdfed7c35d_config-0] Success to connect to server [192.168.2.11:8848] on start up, connectionId = 1656239654325_192.168.2.2_59059
18:37:07.446 [com.alibaba.nacos.client.remote.worker] INFO  c.a.n.c.r.client - [printIfInfoEnabled,60] - [db844d55-178c-4761-b0ab-fafdfed7c35d_config-0] Notify connected event to listeners.
18:37:07.449 [main] INFO  c.a.n.c.r.client - [printIfInfoEnabled,60] - [db844d55-178c-4761-b0ab-fafdfed7c35d_config-0] Register server push request handler:com.alibaba.nacos.common.remote.client.RpcClient$ConnectResetRequestHandler
18:37:07.450 [main] INFO  c.a.n.c.r.client - [printIfInfoEnabled,60] - [db844d55-178c-4761-b0ab-fafdfed7c35d_config-0] Register server push request handler:com.alibaba.nacos.common.remote.client.RpcClient$$Lambda$388/569297636
18:37:07.681 [main] INFO  c.r.j.RuoYiJobApplication - [logStartupProfileInfo,646] - The following 1 profile is active: "dev"
18:37:15.193 [main] INFO  o.a.c.h.Http11NioProtocol - [log,173] - Initializing ProtocolHandler ["http-nio-9203"]
18:37:15.194 [main] INFO  o.a.c.c.StandardService - [log,173] - Starting service [Tomcat]
18:37:15.195 [main] INFO  o.a.c.c.StandardEngine - [log,173] - Starting Servlet engine: [Apache Tomcat/9.0.62]
18:37:15.543 [main] INFO  o.a.c.c.C.[.[.[/] - [log,173] - Initializing Spring embedded WebApplicationContext
18:37:16.421 [main] INFO  o.q.i.StdSchedulerFactory - [instantiate,1220] - Using default implementation for ThreadExecutor
18:37:16.479 [main] INFO  o.q.c.SchedulerSignalerImpl - [<init>,61] - Initialized Scheduler Signaller of type: class org.quartz.core.SchedulerSignalerImpl
18:37:16.479 [main] INFO  o.q.c.QuartzScheduler - [<init>,229] - Quartz Scheduler v.2.3.2 created.
18:37:16.507 [main] INFO  c.z.h.HikariDataSource - [getConnection,110] - HikariPool-1 - Starting...
18:37:16.938 [main] INFO  c.z.h.HikariDataSource - [getConnection,123] - HikariPool-1 - Start completed.
18:37:16.970 [main] INFO  o.q.c.QuartzScheduler - [initialize,294] - Scheduler meta-data: Quartz Scheduler (v2.3.2) 'RuoyiScheduler' with instanceId 'xujianfeng1656239836424'
  Scheduler class: 'org.quartz.core.QuartzScheduler' - running locally.
  NOT STARTED.
  Currently in standby mode.
  Number of jobs executed: 0
  Using thread pool 'org.quartz.simpl.SimpleThreadPool' - with 20 threads.
  Using job-store 'org.springframework.scheduling.quartz.LocalDataSourceJobStore' - which supports persistence. and is clustered.

18:37:16.970 [main] INFO  o.q.i.StdSchedulerFactory - [instantiate,1374] - Quartz scheduler 'RuoyiScheduler' initialized from an externally provided properties instance.
18:37:16.971 [main] INFO  o.q.i.StdSchedulerFactory - [instantiate,1378] - Quartz scheduler version: 2.3.2
18:37:16.976 [main] INFO  o.q.c.QuartzScheduler - [setJobFactory,2293] - JobFactory set to: org.springframework.scheduling.quartz.AdaptableJobFactory@5b65ac8a
18:37:20.270 [main] INFO  c.a.c.s.SentinelWebMvcConfigurer - [addInterceptors,52] - [Sentinel Starter] register SentinelWebInterceptor with urlPatterns: [/**].
18:37:22.124 [main] INFO  c.a.n.c.r.client - [lambda$createClient$0,80] - [RpcClientFactory] create a new rpc client of c9814093-26d7-43c6-b8c7-4c78ce101050
18:37:22.125 [main] INFO  c.a.n.c.r.client - [printIfInfoEnabled,60] - [c9814093-26d7-43c6-b8c7-4c78ce101050] RpcClient init label, labels = {module=naming, source=sdk}
18:37:22.132 [main] INFO  c.a.n.c.r.client - [printIfInfoEnabled,60] - [c9814093-26d7-43c6-b8c7-4c78ce101050] RpcClient init, ServerListFactory = com.alibaba.nacos.client.naming.core.ServerListManager
18:37:22.133 [main] INFO  c.a.n.c.r.client - [printIfInfoEnabled,60] - [c9814093-26d7-43c6-b8c7-4c78ce101050] Registry connection listener to current client:com.alibaba.nacos.client.naming.remote.gprc.redo.NamingGrpcRedoService
18:37:22.136 [main] INFO  c.a.n.c.r.client - [printIfInfoEnabled,60] - [c9814093-26d7-43c6-b8c7-4c78ce101050] Register server push request handler:com.alibaba.nacos.client.naming.remote.gprc.NamingPushRequestHandler
18:37:22.137 [main] INFO  c.a.n.c.r.client - [printIfInfoEnabled,60] - [c9814093-26d7-43c6-b8c7-4c78ce101050] Try to connect to server on start up, server: {serverIp = '192.168.2.11', server main port = 8848}
18:37:22.272 [main] INFO  c.a.n.c.r.client - [printIfInfoEnabled,60] - [c9814093-26d7-43c6-b8c7-4c78ce101050] Success to connect to server [192.168.2.11:8848] on start up, connectionId = 1656239669405_192.168.2.2_59439
18:37:22.272 [com.alibaba.nacos.client.remote.worker] INFO  c.a.n.c.r.client - [printIfInfoEnabled,60] - [c9814093-26d7-43c6-b8c7-4c78ce101050] Notify connected event to listeners.
18:37:22.272 [main] INFO  c.a.n.c.r.client - [printIfInfoEnabled,60] - [c9814093-26d7-43c6-b8c7-4c78ce101050] Register server push request handler:com.alibaba.nacos.common.remote.client.RpcClient$ConnectResetRequestHandler
18:37:22.274 [main] INFO  c.a.n.c.r.client - [printIfInfoEnabled,60] - [c9814093-26d7-43c6-b8c7-4c78ce101050] Register server push request handler:com.alibaba.nacos.common.remote.client.RpcClient$$Lambda$388/569297636
18:37:25.265 [main] INFO  o.a.c.h.Http11NioProtocol - [log,173] - Starting ProtocolHandler ["http-nio-9203"]
18:37:25.313 [main] INFO  c.a.c.n.r.NacosServiceRegistry - [register,75] - nacos registry, DEFAULT_GROUP ruoyi-job 192.168.182.1:9203 register finished
18:37:25.818 [nacos-grpc-client-executor-9] INFO  c.a.n.c.r.client - [printIfInfoEnabled,60] - [c9814093-26d7-43c6-b8c7-4c78ce101050] Receive server push request, request = NotifySubscriberRequest, requestId = 80
18:37:25.828 [nacos-grpc-client-executor-9] INFO  c.a.n.c.r.client - [printIfInfoEnabled,60] - [c9814093-26d7-43c6-b8c7-4c78ce101050] Ack server push request, request = NotifySubscriberRequest, requestId = 80
18:37:25.947 [main] INFO  c.r.j.RuoYiJobApplication - [logStarted,61] - Started RuoYiJobApplication in 28.636 seconds (JVM running for 36.493)
18:37:25.973 [main] INFO  c.a.c.n.r.NacosContextRefresher - [registerNacosListenersForApplications,105] - listening config: dataId=ruoyi-job, group=DEFAULT_GROUP
18:37:25.982 [main] INFO  c.a.c.n.r.NacosContextRefresher - [registerNacosListenersForApplications,105] - listening config: dataId=ruoyi-job-dev.yml, group=DEFAULT_GROUP
18:37:25.984 [main] INFO  c.a.c.n.r.NacosContextRefresher - [registerNacosListenersForApplications,105] - listening config: dataId=ruoyi-job.yml, group=DEFAULT_GROUP
18:37:26.988 [Quartz Scheduler [RuoyiScheduler]] INFO  o.q.c.QuartzScheduler - [start,547] - Scheduler RuoyiScheduler_$_xujianfeng1656239836424 started.
18:37:35.238 [http-nio-9203-exec-2] INFO  o.a.c.c.C.[.[.[/] - [log,173] - Initializing Spring DispatcherServlet 'dispatcherServlet'
23:53:56.379 [SpringApplicationShutdownHook] INFO  o.q.c.QuartzScheduler - [standby,585] - Scheduler RuoyiScheduler_$_xujianfeng1656239836424 paused.
23:53:56.631 [SpringApplicationShutdownHook] INFO  c.a.c.n.r.NacosServiceRegistry - [deregister,94] - De-registering from Nacos Server now...
23:53:56.644 [SpringApplicationShutdownHook] INFO  c.a.c.n.r.NacosServiceRegistry - [deregister,114] - De-registration finished.
23:53:56.954 [SpringApplicationShutdownHook] INFO  c.a.n.c.r.client - [shutdown,454] - Shutdown rpc client, set status to shutdown
23:53:56.955 [SpringApplicationShutdownHook] INFO  c.a.n.c.r.client - [shutdown,456] - Shutdown client event executor java.util.concurrent.ScheduledThreadPoolExecutor@6af0c652[Running, pool size = 2, active threads = 2, queued tasks = 0, completed tasks = 0]
23:53:56.955 [SpringApplicationShutdownHook] INFO  c.a.n.c.r.client - [closeConnection,591] - Close current connection 1656239669405_192.168.2.2_59439
23:53:56.959 [nacos-grpc-client-executor-3842] INFO  c.a.n.c.r.c.g.GrpcClient - [printIfInfoEnabled,60] - [1656239669405_192.168.2.2_59439]Ignore complete event,isRunning:false,isAbandon=false
23:53:56.969 [SpringApplicationShutdownHook] INFO  c.a.n.c.r.c.g.GrpcClient - [shutdown,85] - Shutdown grpc executor java.util.concurrent.ThreadPoolExecutor@75e4ba8e[Running, pool size = 5, active threads = 0, queued tasks = 0, completed tasks = 3843]
23:53:57.140 [SpringApplicationShutdownHook] INFO  o.q.c.QuartzScheduler - [shutdown,666] - Scheduler RuoyiScheduler_$_xujianfeng1656239836424 shutting down.
23:53:57.140 [SpringApplicationShutdownHook] INFO  o.q.c.QuartzScheduler - [standby,585] - Scheduler RuoyiScheduler_$_xujianfeng1656239836424 paused.
23:53:57.142 [SpringApplicationShutdownHook] INFO  o.q.c.QuartzScheduler - [shutdown,740] - Scheduler RuoyiScheduler_$_xujianfeng1656239836424 shutdown complete.
23:53:57.143 [SpringApplicationShutdownHook] INFO  c.z.h.HikariDataSource - [close,350] - HikariPool-1 - Shutdown initiated...
23:53:57.149 [SpringApplicationShutdownHook] INFO  c.z.h.HikariDataSource - [close,352] - HikariPool-1 - Shutdown completed.
23:54:18.104 [background-preinit] INFO  o.h.v.i.util.Version - [<clinit>,21] - HV000001: Hibernate Validator 6.2.3.Final
23:54:20.743 [main] INFO  c.a.n.c.r.client - [lambda$createClient$0,80] - [RpcClientFactory] create a new rpc client of 9c45f01c-9117-4d4f-941e-86d6fab2b8ea_config-0
23:54:20.958 [main] INFO  o.r.Reflections - [scan,232] - Reflections took 122 ms to scan 1 urls, producing 3 keys and 6 values 
23:54:21.069 [main] INFO  o.r.Reflections - [scan,232] - Reflections took 45 ms to scan 1 urls, producing 4 keys and 9 values 
23:54:21.123 [main] INFO  o.r.Reflections - [scan,232] - Reflections took 47 ms to scan 1 urls, producing 3 keys and 10 values 
23:54:21.576 [main] INFO  o.r.Reflections - [scan,232] - Reflections took 445 ms to scan 196 urls, producing 0 keys and 0 values 
23:54:21.595 [main] INFO  o.r.Reflections - [scan,232] - Reflections took 16 ms to scan 1 urls, producing 1 keys and 5 values 
23:54:21.628 [main] INFO  o.r.Reflections - [scan,232] - Reflections took 28 ms to scan 1 urls, producing 1 keys and 7 values 
23:54:21.650 [main] INFO  o.r.Reflections - [scan,232] - Reflections took 17 ms to scan 1 urls, producing 2 keys and 8 values 
23:54:21.984 [main] INFO  o.r.Reflections - [scan,232] - Reflections took 328 ms to scan 196 urls, producing 0 keys and 0 values 
23:54:21.986 [main] INFO  c.a.n.c.r.client - [printIfInfoEnabled,60] - [9c45f01c-9117-4d4f-941e-86d6fab2b8ea_config-0] RpcClient init label, labels = {module=config, Vipserver-Tag=null, source=sdk, Amory-Tag=null, Location-Tag=null, taskId=0, AppName=unknown}
23:54:21.987 [main] INFO  c.a.n.c.r.client - [printIfInfoEnabled,60] - [9c45f01c-9117-4d4f-941e-86d6fab2b8ea_config-0] Register server push request handler:com.alibaba.nacos.client.config.impl.ClientWorker$ConfigRpcTransportClient$$Lambda$380/548150920
23:54:21.988 [main] INFO  c.a.n.c.r.client - [printIfInfoEnabled,60] - [9c45f01c-9117-4d4f-941e-86d6fab2b8ea_config-0] Register server push request handler:com.alibaba.nacos.client.config.impl.ClientWorker$ConfigRpcTransportClient$$Lambda$381/1547946250
23:54:21.990 [main] INFO  c.a.n.c.r.client - [printIfInfoEnabled,60] - [9c45f01c-9117-4d4f-941e-86d6fab2b8ea_config-0] Registry connection listener to current client:com.alibaba.nacos.client.config.impl.ClientWorker$ConfigRpcTransportClient$1
23:54:21.992 [main] INFO  c.a.n.c.r.client - [printIfInfoEnabled,60] - [9c45f01c-9117-4d4f-941e-86d6fab2b8ea_config-0] RpcClient init, ServerListFactory = com.alibaba.nacos.client.config.impl.ClientWorker$ConfigRpcTransportClient$2
23:54:22.014 [main] INFO  c.a.n.c.r.client - [printIfInfoEnabled,60] - [9c45f01c-9117-4d4f-941e-86d6fab2b8ea_config-0] Try to connect to server on start up, server: {serverIp = '192.168.2.11', server main port = 8848}
23:54:25.641 [main] INFO  c.a.n.c.r.client - [printIfInfoEnabled,60] - [9c45f01c-9117-4d4f-941e-86d6fab2b8ea_config-0] Success to connect to server [192.168.2.11:8848] on start up, connectionId = 1656258692085_192.168.2.2_62720
23:54:25.643 [com.alibaba.nacos.client.remote.worker] INFO  c.a.n.c.r.client - [printIfInfoEnabled,60] - [9c45f01c-9117-4d4f-941e-86d6fab2b8ea_config-0] Notify connected event to listeners.
23:54:25.648 [main] INFO  c.a.n.c.r.client - [printIfInfoEnabled,60] - [9c45f01c-9117-4d4f-941e-86d6fab2b8ea_config-0] Register server push request handler:com.alibaba.nacos.common.remote.client.RpcClient$ConnectResetRequestHandler
23:54:25.649 [main] INFO  c.a.n.c.r.client - [printIfInfoEnabled,60] - [9c45f01c-9117-4d4f-941e-86d6fab2b8ea_config-0] Register server push request handler:com.alibaba.nacos.common.remote.client.RpcClient$$Lambda$390/1262169546
23:54:25.918 [main] INFO  c.r.j.RuoYiJobApplication - [logStartupProfileInfo,646] - The following 1 profile is active: "dev"
23:54:34.511 [main] INFO  o.a.c.h.Http11NioProtocol - [log,173] - Initializing ProtocolHandler ["http-nio-9203"]
23:54:34.512 [main] INFO  o.a.c.c.StandardService - [log,173] - Starting service [Tomcat]
23:54:34.512 [main] INFO  o.a.c.c.StandardEngine - [log,173] - Starting Servlet engine: [Apache Tomcat/9.0.62]
23:54:34.894 [main] INFO  o.a.c.c.C.[.[.[/] - [log,173] - Initializing Spring embedded WebApplicationContext
23:54:35.977 [main] INFO  o.q.i.StdSchedulerFactory - [instantiate,1220] - Using default implementation for ThreadExecutor
23:54:36.018 [main] INFO  o.q.c.SchedulerSignalerImpl - [<init>,61] - Initialized Scheduler Signaller of type: class org.quartz.core.SchedulerSignalerImpl
23:54:36.019 [main] INFO  o.q.c.QuartzScheduler - [<init>,229] - Quartz Scheduler v.2.3.2 created.
23:54:36.047 [main] INFO  c.z.h.HikariDataSource - [getConnection,110] - HikariPool-1 - Starting...
23:54:36.590 [main] INFO  c.z.h.HikariDataSource - [getConnection,123] - HikariPool-1 - Start completed.
23:54:36.634 [main] INFO  o.q.c.QuartzScheduler - [initialize,294] - Scheduler meta-data: Quartz Scheduler (v2.3.2) 'RuoyiScheduler' with instanceId 'xujianfeng1656258875979'
  Scheduler class: 'org.quartz.core.QuartzScheduler' - running locally.
  NOT STARTED.
  Currently in standby mode.
  Number of jobs executed: 0
  Using thread pool 'org.quartz.simpl.SimpleThreadPool' - with 20 threads.
  Using job-store 'org.springframework.scheduling.quartz.LocalDataSourceJobStore' - which supports persistence. and is clustered.

23:54:36.635 [main] INFO  o.q.i.StdSchedulerFactory - [instantiate,1374] - Quartz scheduler 'RuoyiScheduler' initialized from an externally provided properties instance.
23:54:36.635 [main] INFO  o.q.i.StdSchedulerFactory - [instantiate,1378] - Quartz scheduler version: 2.3.2
23:54:36.640 [main] INFO  o.q.c.QuartzScheduler - [setJobFactory,2293] - JobFactory set to: org.springframework.scheduling.quartz.AdaptableJobFactory@592be60c
23:54:39.386 [main] INFO  c.a.c.s.SentinelWebMvcConfigurer - [addInterceptors,52] - [Sentinel Starter] register SentinelWebInterceptor with urlPatterns: [/**].
23:54:40.611 [main] INFO  c.a.n.c.r.client - [lambda$createClient$0,80] - [RpcClientFactory] create a new rpc client of 42fe07fe-227c-4bb3-8069-7f86ecf3ef2d
23:54:40.612 [main] INFO  c.a.n.c.r.client - [printIfInfoEnabled,60] - [42fe07fe-227c-4bb3-8069-7f86ecf3ef2d] RpcClient init label, labels = {module=naming, source=sdk}
23:54:40.618 [main] INFO  c.a.n.c.r.client - [printIfInfoEnabled,60] - [42fe07fe-227c-4bb3-8069-7f86ecf3ef2d] RpcClient init, ServerListFactory = com.alibaba.nacos.client.naming.core.ServerListManager
23:54:40.619 [main] INFO  c.a.n.c.r.client - [printIfInfoEnabled,60] - [42fe07fe-227c-4bb3-8069-7f86ecf3ef2d] Registry connection listener to current client:com.alibaba.nacos.client.naming.remote.gprc.redo.NamingGrpcRedoService
23:54:40.621 [main] INFO  c.a.n.c.r.client - [printIfInfoEnabled,60] - [42fe07fe-227c-4bb3-8069-7f86ecf3ef2d] Register server push request handler:com.alibaba.nacos.client.naming.remote.gprc.NamingPushRequestHandler
23:54:40.622 [main] INFO  c.a.n.c.r.client - [printIfInfoEnabled,60] - [42fe07fe-227c-4bb3-8069-7f86ecf3ef2d] Try to connect to server on start up, server: {serverIp = '192.168.2.11', server main port = 8848}
23:54:40.750 [main] INFO  c.a.n.c.r.client - [printIfInfoEnabled,60] - [42fe07fe-227c-4bb3-8069-7f86ecf3ef2d] Success to connect to server [192.168.2.11:8848] on start up, connectionId = 1656258707623_192.168.2.2_62996
23:54:40.751 [com.alibaba.nacos.client.remote.worker] INFO  c.a.n.c.r.client - [printIfInfoEnabled,60] - [42fe07fe-227c-4bb3-8069-7f86ecf3ef2d] Notify connected event to listeners.
23:54:40.751 [main] INFO  c.a.n.c.r.client - [printIfInfoEnabled,60] - [42fe07fe-227c-4bb3-8069-7f86ecf3ef2d] Register server push request handler:com.alibaba.nacos.common.remote.client.RpcClient$ConnectResetRequestHandler
23:54:40.753 [main] INFO  c.a.n.c.r.client - [printIfInfoEnabled,60] - [42fe07fe-227c-4bb3-8069-7f86ecf3ef2d] Register server push request handler:com.alibaba.nacos.common.remote.client.RpcClient$$Lambda$390/1262169546
23:54:44.236 [main] INFO  o.a.c.h.Http11NioProtocol - [log,173] - Starting ProtocolHandler ["http-nio-9203"]
23:54:44.284 [main] INFO  c.a.c.n.r.NacosServiceRegistry - [register,75] - nacos registry, DEFAULT_GROUP ruoyi-job 192.168.182.1:9203 register finished
23:54:44.720 [nacos-grpc-client-executor-8] INFO  c.a.n.c.r.client - [printIfInfoEnabled,60] - [42fe07fe-227c-4bb3-8069-7f86ecf3ef2d] Receive server push request, request = NotifySubscriberRequest, requestId = 99
23:54:44.733 [nacos-grpc-client-executor-8] INFO  c.a.n.c.r.client - [printIfInfoEnabled,60] - [42fe07fe-227c-4bb3-8069-7f86ecf3ef2d] Ack server push request, request = NotifySubscriberRequest, requestId = 99
23:54:45.022 [main] INFO  c.r.j.RuoYiJobApplication - [logStarted,61] - Started RuoYiJobApplication in 28.781 seconds (JVM running for 35.16)
23:54:45.043 [main] INFO  c.a.c.n.r.NacosContextRefresher - [registerNacosListenersForApplications,105] - listening config: dataId=ruoyi-job, group=DEFAULT_GROUP
23:54:45.053 [main] INFO  c.a.c.n.r.NacosContextRefresher - [registerNacosListenersForApplications,105] - listening config: dataId=ruoyi-job-dev.yml, group=DEFAULT_GROUP
23:54:45.054 [main] INFO  c.a.c.n.r.NacosContextRefresher - [registerNacosListenersForApplications,105] - listening config: dataId=ruoyi-job.yml, group=DEFAULT_GROUP
23:54:46.082 [Quartz Scheduler [RuoyiScheduler]] INFO  o.q.c.QuartzScheduler - [start,547] - Scheduler RuoyiScheduler_$_xujianfeng1656258875979 started.
23:54:48.266 [http-nio-9203-exec-1] INFO  o.a.c.c.C.[.[.[/] - [log,173] - Initializing Spring DispatcherServlet 'dispatcherServlet'
23:59:00.074 [SpringApplicationShutdownHook] INFO  o.q.c.QuartzScheduler - [standby,585] - Scheduler RuoyiScheduler_$_xujianfeng1656258875979 paused.
23:59:00.285 [SpringApplicationShutdownHook] INFO  c.a.c.n.r.NacosServiceRegistry - [deregister,94] - De-registering from Nacos Server now...
23:59:00.290 [SpringApplicationShutdownHook] INFO  c.a.c.n.r.NacosServiceRegistry - [deregister,114] - De-registration finished.
23:59:00.598 [SpringApplicationShutdownHook] INFO  c.a.n.c.r.client - [shutdown,454] - Shutdown rpc client, set status to shutdown
23:59:00.598 [SpringApplicationShutdownHook] INFO  c.a.n.c.r.client - [shutdown,456] - Shutdown client event executor java.util.concurrent.ScheduledThreadPoolExecutor@76678b8f[Running, pool size = 2, active threads = 2, queued tasks = 0, completed tasks = 0]
23:59:00.598 [SpringApplicationShutdownHook] INFO  c.a.n.c.r.client - [closeConnection,591] - Close current connection 1656258707623_192.168.2.2_62996
23:59:00.601 [nacos-grpc-client-executor-67] INFO  c.a.n.c.r.c.g.GrpcClient - [printIfInfoEnabled,60] - [1656258707623_192.168.2.2_62996]Ignore complete event,isRunning:false,isAbandon=false
23:59:00.605 [SpringApplicationShutdownHook] INFO  c.a.n.c.r.c.g.GrpcClient - [shutdown,85] - Shutdown grpc executor java.util.concurrent.ThreadPoolExecutor@4b46528e[Running, pool size = 4, active threads = 0, queued tasks = 0, completed tasks = 68]
23:59:00.839 [SpringApplicationShutdownHook] INFO  o.q.c.QuartzScheduler - [shutdown,666] - Scheduler RuoyiScheduler_$_xujianfeng1656258875979 shutting down.
23:59:00.839 [SpringApplicationShutdownHook] INFO  o.q.c.QuartzScheduler - [standby,585] - Scheduler RuoyiScheduler_$_xujianfeng1656258875979 paused.
23:59:00.841 [SpringApplicationShutdownHook] INFO  o.q.c.QuartzScheduler - [shutdown,740] - Scheduler RuoyiScheduler_$_xujianfeng1656258875979 shutdown complete.
23:59:00.841 [SpringApplicationShutdownHook] INFO  c.z.h.HikariDataSource - [close,350] - HikariPool-1 - Shutdown initiated...
23:59:00.853 [SpringApplicationShutdownHook] INFO  c.z.h.HikariDataSource - [close,352] - HikariPool-1 - Shutdown completed.
23:59:34.741 [background-preinit] INFO  o.h.v.i.util.Version - [<clinit>,21] - HV000001: Hibernate Validator 6.2.3.Final
23:59:37.286 [main] INFO  c.a.n.c.r.client - [lambda$createClient$0,80] - [RpcClientFactory] create a new rpc client of 6f5e4c4f-4ab4-4296-a56d-16f5103a9bd0_config-0
23:59:37.560 [main] INFO  o.r.Reflections - [scan,232] - Reflections took 152 ms to scan 1 urls, producing 3 keys and 6 values 
23:59:37.690 [main] INFO  o.r.Reflections - [scan,232] - Reflections took 35 ms to scan 1 urls, producing 4 keys and 9 values 
23:59:37.755 [main] INFO  o.r.Reflections - [scan,232] - Reflections took 46 ms to scan 1 urls, producing 3 keys and 10 values 
23:59:38.226 [main] INFO  o.r.Reflections - [scan,232] - Reflections took 453 ms to scan 196 urls, producing 0 keys and 0 values 
23:59:38.248 [main] INFO  o.r.Reflections - [scan,232] - Reflections took 21 ms to scan 1 urls, producing 1 keys and 5 values 
23:59:38.281 [main] INFO  o.r.Reflections - [scan,232] - Reflections took 25 ms to scan 1 urls, producing 1 keys and 7 values 
23:59:38.315 [main] INFO  o.r.Reflections - [scan,232] - Reflections took 24 ms to scan 1 urls, producing 2 keys and 8 values 
23:59:38.730 [main] INFO  o.r.Reflections - [scan,232] - Reflections took 410 ms to scan 196 urls, producing 0 keys and 0 values 
23:59:38.741 [main] INFO  c.a.n.c.r.client - [printIfInfoEnabled,60] - [6f5e4c4f-4ab4-4296-a56d-16f5103a9bd0_config-0] RpcClient init label, labels = {module=config, Vipserver-Tag=null, source=sdk, Amory-Tag=null, Location-Tag=null, taskId=0, AppName=unknown}
23:59:38.743 [main] INFO  c.a.n.c.r.client - [printIfInfoEnabled,60] - [6f5e4c4f-4ab4-4296-a56d-16f5103a9bd0_config-0] Register server push request handler:com.alibaba.nacos.client.config.impl.ClientWorker$ConfigRpcTransportClient$$Lambda$380/1079733488
23:59:38.744 [main] INFO  c.a.n.c.r.client - [printIfInfoEnabled,60] - [6f5e4c4f-4ab4-4296-a56d-16f5103a9bd0_config-0] Register server push request handler:com.alibaba.nacos.client.config.impl.ClientWorker$ConfigRpcTransportClient$$Lambda$381/883915918
23:59:38.746 [main] INFO  c.a.n.c.r.client - [printIfInfoEnabled,60] - [6f5e4c4f-4ab4-4296-a56d-16f5103a9bd0_config-0] Registry connection listener to current client:com.alibaba.nacos.client.config.impl.ClientWorker$ConfigRpcTransportClient$1
23:59:38.747 [main] INFO  c.a.n.c.r.client - [printIfInfoEnabled,60] - [6f5e4c4f-4ab4-4296-a56d-16f5103a9bd0_config-0] RpcClient init, ServerListFactory = com.alibaba.nacos.client.config.impl.ClientWorker$ConfigRpcTransportClient$2
23:59:38.776 [main] INFO  c.a.n.c.r.client - [printIfInfoEnabled,60] - [6f5e4c4f-4ab4-4296-a56d-16f5103a9bd0_config-0] Try to connect to server on start up, server: {serverIp = '192.168.2.11', server main port = 8848}
23:59:42.186 [main] INFO  c.a.n.c.r.client - [printIfInfoEnabled,60] - [6f5e4c4f-4ab4-4296-a56d-16f5103a9bd0_config-0] Success to connect to server [192.168.2.11:8848] on start up, connectionId = 1656259008682_192.168.2.2_64659
23:59:42.188 [com.alibaba.nacos.client.remote.worker] INFO  c.a.n.c.r.client - [printIfInfoEnabled,60] - [6f5e4c4f-4ab4-4296-a56d-16f5103a9bd0_config-0] Notify connected event to listeners.
23:59:42.191 [main] INFO  c.a.n.c.r.client - [printIfInfoEnabled,60] - [6f5e4c4f-4ab4-4296-a56d-16f5103a9bd0_config-0] Register server push request handler:com.alibaba.nacos.common.remote.client.RpcClient$ConnectResetRequestHandler
23:59:42.193 [main] INFO  c.a.n.c.r.client - [printIfInfoEnabled,60] - [6f5e4c4f-4ab4-4296-a56d-16f5103a9bd0_config-0] Register server push request handler:com.alibaba.nacos.common.remote.client.RpcClient$$Lambda$390/1308384113
23:59:42.428 [main] INFO  c.r.j.RuoYiJobApplication - [logStartupProfileInfo,646] - The following 1 profile is active: "dev"
23:59:49.359 [main] INFO  o.a.c.h.Http11NioProtocol - [log,173] - Initializing ProtocolHandler ["http-nio-9203"]
23:59:49.360 [main] INFO  o.a.c.c.StandardService - [log,173] - Starting service [Tomcat]
23:59:49.360 [main] INFO  o.a.c.c.StandardEngine - [log,173] - Starting Servlet engine: [Apache Tomcat/9.0.62]
23:59:49.690 [main] INFO  o.a.c.c.C.[.[.[/] - [log,173] - Initializing Spring embedded WebApplicationContext
23:59:50.507 [main] INFO  o.q.i.StdSchedulerFactory - [instantiate,1220] - Using default implementation for ThreadExecutor
23:59:50.545 [main] INFO  o.q.c.SchedulerSignalerImpl - [<init>,61] - Initialized Scheduler Signaller of type: class org.quartz.core.SchedulerSignalerImpl
23:59:50.545 [main] INFO  o.q.c.QuartzScheduler - [<init>,229] - Quartz Scheduler v.2.3.2 created.
23:59:50.568 [main] INFO  c.z.h.HikariDataSource - [getConnection,110] - HikariPool-1 - Starting...
23:59:50.987 [main] INFO  c.z.h.HikariDataSource - [getConnection,123] - HikariPool-1 - Start completed.
23:59:51.024 [main] INFO  o.q.c.QuartzScheduler - [initialize,294] - Scheduler meta-data: Quartz Scheduler (v2.3.2) 'RuoyiScheduler' with instanceId 'xujianfeng1656259190509'
  Scheduler class: 'org.quartz.core.QuartzScheduler' - running locally.
  NOT STARTED.
  Currently in standby mode.
  Number of jobs executed: 0
  Using thread pool 'org.quartz.simpl.SimpleThreadPool' - with 20 threads.
  Using job-store 'org.springframework.scheduling.quartz.LocalDataSourceJobStore' - which supports persistence. and is clustered.

23:59:51.025 [main] INFO  o.q.i.StdSchedulerFactory - [instantiate,1374] - Quartz scheduler 'RuoyiScheduler' initialized from an externally provided properties instance.
23:59:51.025 [main] INFO  o.q.i.StdSchedulerFactory - [instantiate,1378] - Quartz scheduler version: 2.3.2
23:59:51.028 [main] INFO  o.q.c.QuartzScheduler - [setJobFactory,2293] - JobFactory set to: org.springframework.scheduling.quartz.AdaptableJobFactory@497cdb0b
