23:30:50.642 [background-preinit] INFO  o.h.v.i.util.Version - [<clinit>,21] - HV000001: Hibernate Validator 6.2.3.Final
23:30:52.323 [main] INFO  c.a.n.c.r.client - [lambda$createClient$0,80] - [RpcClientFactory] create a new rpc client of a5d10cf7-f996-4ec6-b389-93ca447d65c0_config-0
23:30:52.457 [main] INFO  o.r.Reflections - [scan,232] - Reflections took 73 ms to scan 1 urls, producing 3 keys and 6 values 
23:30:52.518 [main] INFO  o.r.Reflections - [scan,232] - Reflections took 21 ms to scan 1 urls, producing 4 keys and 9 values 
23:30:52.536 [main] INFO  o.r.Reflections - [scan,232] - Reflections took 13 ms to scan 1 urls, producing 3 keys and 10 values 
23:30:52.828 [main] INFO  o.r.Reflections - [scan,232] - Reflections took 286 ms to scan 196 urls, producing 0 keys and 0 values 
23:30:52.840 [main] INFO  o.r.Reflections - [scan,232] - Reflections took 11 ms to scan 1 urls, producing 1 keys and 5 values 
23:30:52.862 [main] INFO  o.r.Reflections - [scan,232] - Reflections took 17 ms to scan 1 urls, producing 1 keys and 7 values 
23:30:52.878 [main] INFO  o.r.Reflections - [scan,232] - Reflections took 11 ms to scan 1 urls, producing 2 keys and 8 values 
23:30:53.087 [main] INFO  o.r.Reflections - [scan,232] - Reflections took 205 ms to scan 196 urls, producing 0 keys and 0 values 
23:30:53.089 [main] INFO  c.a.n.c.r.client - [printIfInfoEnabled,60] - [a5d10cf7-f996-4ec6-b389-93ca447d65c0_config-0] RpcClient init label, labels = {module=config, Vipserver-Tag=null, source=sdk, Amory-Tag=null, Location-Tag=null, taskId=0, AppName=unknown}
23:30:53.091 [main] INFO  c.a.n.c.r.client - [printIfInfoEnabled,60] - [a5d10cf7-f996-4ec6-b389-93ca447d65c0_config-0] Register server push request handler:com.alibaba.nacos.client.config.impl.ClientWorker$ConfigRpcTransportClient$$Lambda$383/60624943
23:30:53.091 [main] INFO  c.a.n.c.r.client - [printIfInfoEnabled,60] - [a5d10cf7-f996-4ec6-b389-93ca447d65c0_config-0] Register server push request handler:com.alibaba.nacos.client.config.impl.ClientWorker$ConfigRpcTransportClient$$Lambda$384/1032332931
23:30:53.093 [main] INFO  c.a.n.c.r.client - [printIfInfoEnabled,60] - [a5d10cf7-f996-4ec6-b389-93ca447d65c0_config-0] Registry connection listener to current client:com.alibaba.nacos.client.config.impl.ClientWorker$ConfigRpcTransportClient$1
23:30:53.095 [main] INFO  c.a.n.c.r.client - [printIfInfoEnabled,60] - [a5d10cf7-f996-4ec6-b389-93ca447d65c0_config-0] RpcClient init, ServerListFactory = com.alibaba.nacos.client.config.impl.ClientWorker$ConfigRpcTransportClient$2
23:30:53.118 [main] INFO  c.a.n.c.r.client - [printIfInfoEnabled,60] - [a5d10cf7-f996-4ec6-b389-93ca447d65c0_config-0] Try to connect to server on start up, server: {serverIp = '192.168.2.11', server main port = 8848}
23:30:55.644 [main] INFO  c.a.n.c.r.client - [printIfInfoEnabled,60] - [a5d10cf7-f996-4ec6-b389-93ca447d65c0_config-0] Success to connect to server [192.168.2.11:8848] on start up, connectionId = 1655162909248_192.168.2.2_61489
23:30:55.645 [com.alibaba.nacos.client.remote.worker] INFO  c.a.n.c.r.client - [printIfInfoEnabled,60] - [a5d10cf7-f996-4ec6-b389-93ca447d65c0_config-0] Notify connected event to listeners.
23:30:55.646 [main] INFO  c.a.n.c.r.client - [printIfInfoEnabled,60] - [a5d10cf7-f996-4ec6-b389-93ca447d65c0_config-0] Register server push request handler:com.alibaba.nacos.common.remote.client.RpcClient$ConnectResetRequestHandler
23:30:55.647 [main] INFO  c.a.n.c.r.client - [printIfInfoEnabled,60] - [a5d10cf7-f996-4ec6-b389-93ca447d65c0_config-0] Register server push request handler:com.alibaba.nacos.common.remote.client.RpcClient$$Lambda$393/973705743
23:30:55.878 [main] INFO  c.r.j.RuoYiJobApplication - [logStartupProfileInfo,646] - The following 1 profile is active: "dev"
23:31:03.147 [main] INFO  o.a.c.h.Http11NioProtocol - [log,173] - Initializing ProtocolHandler ["http-nio-9203"]
23:31:03.153 [main] INFO  o.a.c.c.StandardService - [log,173] - Starting service [Tomcat]
23:31:03.154 [main] INFO  o.a.c.c.StandardEngine - [log,173] - Starting Servlet engine: [Apache Tomcat/9.0.62]
23:31:03.836 [main] INFO  o.a.c.c.C.[.[.[/] - [log,173] - Initializing Spring embedded WebApplicationContext
23:31:05.960 [main] INFO  o.q.i.StdSchedulerFactory - [instantiate,1220] - Using default implementation for ThreadExecutor
23:31:06.148 [main] INFO  o.q.c.SchedulerSignalerImpl - [<init>,61] - Initialized Scheduler Signaller of type: class org.quartz.core.SchedulerSignalerImpl
23:31:06.150 [main] INFO  o.q.c.QuartzScheduler - [<init>,229] - Quartz Scheduler v.2.3.2 created.
23:31:06.333 [main] INFO  c.z.h.HikariDataSource - [getConnection,110] - HikariPool-1 - Starting...
23:31:08.694 [main] INFO  c.z.h.HikariDataSource - [getConnection,123] - HikariPool-1 - Start completed.
23:31:08.782 [main] INFO  o.q.c.QuartzScheduler - [initialize,294] - Scheduler meta-data: Quartz Scheduler (v2.3.2) 'RuoyiScheduler' with instanceId 'xujianfeng1655134265977'
  Scheduler class: 'org.quartz.core.QuartzScheduler' - running locally.
  NOT STARTED.
  Currently in standby mode.
  Number of jobs executed: 0
  Using thread pool 'org.quartz.simpl.SimpleThreadPool' - with 20 threads.
  Using job-store 'org.springframework.scheduling.quartz.LocalDataSourceJobStore' - which supports persistence. and is clustered.

23:31:08.783 [main] INFO  o.q.i.StdSchedulerFactory - [instantiate,1374] - Quartz scheduler 'RuoyiScheduler' initialized from an externally provided properties instance.
23:31:08.783 [main] INFO  o.q.i.StdSchedulerFactory - [instantiate,1378] - Quartz scheduler version: 2.3.2
23:31:08.792 [main] INFO  o.q.c.QuartzScheduler - [setJobFactory,2293] - JobFactory set to: org.springframework.scheduling.quartz.AdaptableJobFactory@25aaed9e
23:31:12.433 [main] INFO  c.a.c.s.SentinelWebMvcConfigurer - [addInterceptors,52] - [Sentinel Starter] register SentinelWebInterceptor with urlPatterns: [/**].
23:31:13.534 [main] INFO  c.a.n.c.r.client - [lambda$createClient$0,80] - [RpcClientFactory] create a new rpc client of ec87d87e-91c7-4b38-9fd6-885c3d0618cc
23:31:13.535 [main] INFO  c.a.n.c.r.client - [printIfInfoEnabled,60] - [ec87d87e-91c7-4b38-9fd6-885c3d0618cc] RpcClient init label, labels = {module=naming, source=sdk}
23:31:13.545 [main] INFO  c.a.n.c.r.client - [printIfInfoEnabled,60] - [ec87d87e-91c7-4b38-9fd6-885c3d0618cc] RpcClient init, ServerListFactory = com.alibaba.nacos.client.naming.core.ServerListManager
23:31:13.546 [main] INFO  c.a.n.c.r.client - [printIfInfoEnabled,60] - [ec87d87e-91c7-4b38-9fd6-885c3d0618cc] Registry connection listener to current client:com.alibaba.nacos.client.naming.remote.gprc.redo.NamingGrpcRedoService
23:31:13.547 [main] INFO  c.a.n.c.r.client - [printIfInfoEnabled,60] - [ec87d87e-91c7-4b38-9fd6-885c3d0618cc] Register server push request handler:com.alibaba.nacos.client.naming.remote.gprc.NamingPushRequestHandler
23:31:13.549 [main] INFO  c.a.n.c.r.client - [printIfInfoEnabled,60] - [ec87d87e-91c7-4b38-9fd6-885c3d0618cc] Try to connect to server on start up, server: {serverIp = '192.168.2.11', server main port = 8848}
23:31:13.709 [main] INFO  c.a.n.c.r.client - [printIfInfoEnabled,60] - [ec87d87e-91c7-4b38-9fd6-885c3d0618cc] Success to connect to server [192.168.2.11:8848] on start up, connectionId = 1655162927613_192.168.2.2_61576
23:31:13.710 [com.alibaba.nacos.client.remote.worker] INFO  c.a.n.c.r.client - [printIfInfoEnabled,60] - [ec87d87e-91c7-4b38-9fd6-885c3d0618cc] Notify connected event to listeners.
23:31:13.710 [main] INFO  c.a.n.c.r.client - [printIfInfoEnabled,60] - [ec87d87e-91c7-4b38-9fd6-885c3d0618cc] Register server push request handler:com.alibaba.nacos.common.remote.client.RpcClient$ConnectResetRequestHandler
23:31:13.711 [main] INFO  c.a.n.c.r.client - [printIfInfoEnabled,60] - [ec87d87e-91c7-4b38-9fd6-885c3d0618cc] Register server push request handler:com.alibaba.nacos.common.remote.client.RpcClient$$Lambda$393/973705743
23:31:16.501 [main] INFO  o.a.c.h.Http11NioProtocol - [log,173] - Starting ProtocolHandler ["http-nio-9203"]
23:31:16.548 [main] INFO  c.a.c.n.r.NacosServiceRegistry - [register,75] - nacos registry, DEFAULT_GROUP ruoyi-job 192.168.182.1:9203 register finished
23:31:17.005 [nacos-grpc-client-executor-8] INFO  c.a.n.c.r.client - [printIfInfoEnabled,60] - [ec87d87e-91c7-4b38-9fd6-885c3d0618cc] Receive server push request, request = NotifySubscriberRequest, requestId = 22
23:31:17.010 [nacos-grpc-client-executor-8] INFO  c.a.n.c.r.client - [printIfInfoEnabled,60] - [ec87d87e-91c7-4b38-9fd6-885c3d0618cc] Ack server push request, request = NotifySubscriberRequest, requestId = 22
23:31:17.187 [main] INFO  c.r.j.RuoYiJobApplication - [logStarted,61] - Started RuoYiJobApplication in 27.81 seconds (JVM running for 35.945)
23:31:17.209 [main] INFO  c.a.c.n.r.NacosContextRefresher - [registerNacosListenersForApplications,105] - listening config: dataId=ruoyi-job, group=DEFAULT_GROUP
23:31:17.215 [main] INFO  c.a.c.n.r.NacosContextRefresher - [registerNacosListenersForApplications,105] - listening config: dataId=ruoyi-job-dev.yml, group=DEFAULT_GROUP
23:31:17.216 [main] INFO  c.a.c.n.r.NacosContextRefresher - [registerNacosListenersForApplications,105] - listening config: dataId=ruoyi-job.yml, group=DEFAULT_GROUP
23:31:18.193 [Quartz Scheduler [RuoyiScheduler]] INFO  o.q.c.QuartzScheduler - [start,547] - Scheduler RuoyiScheduler_$_xujianfeng1655134265977 started.
23:31:23.994 [http-nio-9203-exec-1] INFO  o.a.c.c.C.[.[.[/] - [log,173] - Initializing Spring DispatcherServlet 'dispatcherServlet'
