22:55:23.973 [main] INFO  c.a.n.c.r.client - [lambda$createClient$0,80] - [RpcClientFactory] create a new rpc client of 4e505697-0b01-4fa9-9841-8ea483b982b7_config-0
22:55:24.102 [main] INFO  o.r.Reflections - [scan,232] - Reflections took 74 ms to scan 1 urls, producing 3 keys and 6 values 
22:55:24.158 [main] INFO  o.r.Reflections - [scan,232] - Reflections took 23 ms to scan 1 urls, producing 4 keys and 9 values 
22:55:24.178 [main] INFO  o.r.Reflections - [scan,232] - Reflections took 14 ms to scan 1 urls, producing 3 keys and 10 values 
22:55:24.370 [main] INFO  o.r.Reflections - [scan,232] - Reflections took 183 ms to scan 147 urls, producing 0 keys and 0 values 
22:55:24.382 [main] INFO  o.r.Reflections - [scan,232] - Reflections took 11 ms to scan 1 urls, producing 1 keys and 5 values 
22:55:24.401 [main] INFO  o.r.Reflections - [scan,232] - Reflections took 12 ms to scan 1 urls, producing 1 keys and 7 values 
22:55:24.417 [main] INFO  o.r.Reflections - [scan,232] - Reflections took 11 ms to scan 1 urls, producing 2 keys and 8 values 
22:55:24.583 [main] INFO  o.r.Reflections - [scan,232] - Reflections took 161 ms to scan 147 urls, producing 0 keys and 0 values 
22:55:24.590 [main] INFO  c.a.n.c.r.client - [printIfInfoEnabled,60] - [4e505697-0b01-4fa9-9841-8ea483b982b7_config-0] RpcClient init label, labels = {module=config, Vipserver-Tag=null, source=sdk, Amory-Tag=null, Location-Tag=null, taskId=0, AppName=unknown}
22:55:24.593 [main] INFO  c.a.n.c.r.client - [printIfInfoEnabled,60] - [4e505697-0b01-4fa9-9841-8ea483b982b7_config-0] Register server push request handler:com.alibaba.nacos.client.config.impl.ClientWorker$ConfigRpcTransportClient$$Lambda$373/157655183
22:55:24.593 [main] INFO  c.a.n.c.r.client - [printIfInfoEnabled,60] - [4e505697-0b01-4fa9-9841-8ea483b982b7_config-0] Register server push request handler:com.alibaba.nacos.client.config.impl.ClientWorker$ConfigRpcTransportClient$$Lambda$374/100007718
22:55:24.595 [main] INFO  c.a.n.c.r.client - [printIfInfoEnabled,60] - [4e505697-0b01-4fa9-9841-8ea483b982b7_config-0] Registry connection listener to current client:com.alibaba.nacos.client.config.impl.ClientWorker$ConfigRpcTransportClient$1
22:55:24.597 [main] INFO  c.a.n.c.r.client - [printIfInfoEnabled,60] - [4e505697-0b01-4fa9-9841-8ea483b982b7_config-0] RpcClient init, ServerListFactory = com.alibaba.nacos.client.config.impl.ClientWorker$ConfigRpcTransportClient$2
22:55:24.618 [main] INFO  c.a.n.c.r.client - [printIfInfoEnabled,60] - [4e505697-0b01-4fa9-9841-8ea483b982b7_config-0] Try to connect to server on start up, server: {serverIp = '192.168.2.11', server main port = 8848}
22:55:26.820 [main] INFO  c.a.n.c.r.client - [printIfInfoEnabled,60] - [4e505697-0b01-4fa9-9841-8ea483b982b7_config-0] Success to connect to server [192.168.2.11:8848] on start up, connectionId = 1655160780528_192.168.2.2_51260
22:55:26.822 [com.alibaba.nacos.client.remote.worker] INFO  c.a.n.c.r.client - [printIfInfoEnabled,60] - [4e505697-0b01-4fa9-9841-8ea483b982b7_config-0] Notify connected event to listeners.
22:55:26.823 [main] INFO  c.a.n.c.r.client - [printIfInfoEnabled,60] - [4e505697-0b01-4fa9-9841-8ea483b982b7_config-0] Register server push request handler:com.alibaba.nacos.common.remote.client.RpcClient$ConnectResetRequestHandler
22:55:26.824 [main] INFO  c.a.n.c.r.client - [printIfInfoEnabled,60] - [4e505697-0b01-4fa9-9841-8ea483b982b7_config-0] Register server push request handler:com.alibaba.nacos.common.remote.client.RpcClient$$Lambda$383/1448037695
22:55:27.046 [main] INFO  c.r.m.m.RuoYiMonitorApplication - [logStartupProfileInfo,646] - The following 1 profile is active: "dev"
22:55:30.160 [main] INFO  o.a.c.h.Http11NioProtocol - [log,173] - Initializing ProtocolHandler ["http-nio-9100"]
22:55:30.161 [main] INFO  o.a.c.c.StandardService - [log,173] - Starting service [Tomcat]
22:55:30.161 [main] INFO  o.a.c.c.StandardEngine - [log,173] - Starting Servlet engine: [Apache Tomcat/9.0.62]
22:55:30.346 [main] INFO  o.a.c.c.C.[.[.[/] - [log,173] - Initializing Spring embedded WebApplicationContext
22:55:31.296 [main] INFO  c.a.c.s.SentinelWebMvcConfigurer - [addInterceptors,52] - [Sentinel Starter] register SentinelWebInterceptor with urlPatterns: [/**].
22:55:31.998 [main] INFO  c.a.n.c.r.client - [lambda$createClient$0,80] - [RpcClientFactory] create a new rpc client of 02ec8108-ab9b-4e0f-89da-ab26bec2b0c8
22:55:31.999 [main] INFO  c.a.n.c.r.client - [printIfInfoEnabled,60] - [02ec8108-ab9b-4e0f-89da-ab26bec2b0c8] RpcClient init label, labels = {module=naming, source=sdk}
22:55:32.006 [main] INFO  c.a.n.c.r.client - [printIfInfoEnabled,60] - [02ec8108-ab9b-4e0f-89da-ab26bec2b0c8] RpcClient init, ServerListFactory = com.alibaba.nacos.client.naming.core.ServerListManager
22:55:32.006 [main] INFO  c.a.n.c.r.client - [printIfInfoEnabled,60] - [02ec8108-ab9b-4e0f-89da-ab26bec2b0c8] Registry connection listener to current client:com.alibaba.nacos.client.naming.remote.gprc.redo.NamingGrpcRedoService
22:55:32.008 [main] INFO  c.a.n.c.r.client - [printIfInfoEnabled,60] - [02ec8108-ab9b-4e0f-89da-ab26bec2b0c8] Register server push request handler:com.alibaba.nacos.client.naming.remote.gprc.NamingPushRequestHandler
22:55:32.008 [main] INFO  c.a.n.c.r.client - [printIfInfoEnabled,60] - [02ec8108-ab9b-4e0f-89da-ab26bec2b0c8] Try to connect to server on start up, server: {serverIp = '192.168.2.11', server main port = 8848}
22:55:32.157 [main] INFO  c.a.n.c.r.client - [printIfInfoEnabled,60] - [02ec8108-ab9b-4e0f-89da-ab26bec2b0c8] Success to connect to server [192.168.2.11:8848] on start up, connectionId = 1655160786130_192.168.2.2_51272
22:55:32.157 [main] INFO  c.a.n.c.r.client - [printIfInfoEnabled,60] - [02ec8108-ab9b-4e0f-89da-ab26bec2b0c8] Register server push request handler:com.alibaba.nacos.common.remote.client.RpcClient$ConnectResetRequestHandler
22:55:32.157 [com.alibaba.nacos.client.remote.worker] INFO  c.a.n.c.r.client - [printIfInfoEnabled,60] - [02ec8108-ab9b-4e0f-89da-ab26bec2b0c8] Notify connected event to listeners.
22:55:32.158 [main] INFO  c.a.n.c.r.client - [printIfInfoEnabled,60] - [02ec8108-ab9b-4e0f-89da-ab26bec2b0c8] Register server push request handler:com.alibaba.nacos.common.remote.client.RpcClient$$Lambda$383/1448037695
22:55:34.845 [main] INFO  o.a.c.h.Http11NioProtocol - [log,173] - Starting ProtocolHandler ["http-nio-9100"]
22:55:35.345 [nacos-grpc-client-executor-13] INFO  c.a.n.c.r.client - [printIfInfoEnabled,60] - [02ec8108-ab9b-4e0f-89da-ab26bec2b0c8] Receive server push request, request = NotifySubscriberRequest, requestId = 7
22:55:35.347 [nacos-grpc-client-executor-13] INFO  c.a.n.c.r.client - [printIfInfoEnabled,60] - [02ec8108-ab9b-4e0f-89da-ab26bec2b0c8] Ack server push request, request = NotifySubscriberRequest, requestId = 7
22:55:35.420 [nacos-grpc-client-executor-14] INFO  c.a.n.c.r.client - [printIfInfoEnabled,60] - [02ec8108-ab9b-4e0f-89da-ab26bec2b0c8] Receive server push request, request = NotifySubscriberRequest, requestId = 8
22:55:35.421 [nacos-grpc-client-executor-14] INFO  c.a.n.c.r.client - [printIfInfoEnabled,60] - [02ec8108-ab9b-4e0f-89da-ab26bec2b0c8] Ack server push request, request = NotifySubscriberRequest, requestId = 8
22:55:35.517 [nacos-grpc-client-executor-15] INFO  c.a.n.c.r.client - [printIfInfoEnabled,60] - [02ec8108-ab9b-4e0f-89da-ab26bec2b0c8] Receive server push request, request = NotifySubscriberRequest, requestId = 9
22:55:35.518 [nacos-grpc-client-executor-15] INFO  c.a.n.c.r.client - [printIfInfoEnabled,60] - [02ec8108-ab9b-4e0f-89da-ab26bec2b0c8] Ack server push request, request = NotifySubscriberRequest, requestId = 9
22:55:35.521 [nacos-grpc-client-executor-16] INFO  c.a.n.c.r.client - [printIfInfoEnabled,60] - [02ec8108-ab9b-4e0f-89da-ab26bec2b0c8] Receive server push request, request = NotifySubscriberRequest, requestId = 10
22:55:35.522 [nacos-grpc-client-executor-16] INFO  c.a.n.c.r.client - [printIfInfoEnabled,60] - [02ec8108-ab9b-4e0f-89da-ab26bec2b0c8] Ack server push request, request = NotifySubscriberRequest, requestId = 10
22:55:37.632 [main] INFO  c.a.n.c.r.client - [shutdown,454] - Shutdown rpc client, set status to shutdown
22:55:37.632 [main] INFO  c.a.n.c.r.client - [shutdown,456] - Shutdown client event executor java.util.concurrent.ScheduledThreadPoolExecutor@6fb8793d[Running, pool size = 2, active threads = 2, queued tasks = 0, completed tasks = 0]
22:55:37.633 [main] INFO  c.a.n.c.r.client - [closeConnection,591] - Close current connection 1655160786130_192.168.2.2_51272
22:55:37.636 [nacos-grpc-client-executor-22] INFO  c.a.n.c.r.c.g.GrpcClient - [printIfInfoEnabled,60] - [1655160786130_192.168.2.2_51272]Ignore complete event,isRunning:false,isAbandon=false
22:55:37.643 [main] INFO  c.a.n.c.r.c.g.GrpcClient - [shutdown,85] - Shutdown grpc executor java.util.concurrent.ThreadPoolExecutor@27785d15[Running, pool size = 23, active threads = 0, queued tasks = 0, completed tasks = 23]
22:55:37.648 [main] INFO  c.a.n.c.r.client - [lambda$createClient$0,80] - [RpcClientFactory] create a new rpc client of 89022558-8df1-4d58-b1c4-d7d8005623fa
22:55:37.650 [main] INFO  c.a.n.c.r.client - [printIfInfoEnabled,60] - [89022558-8df1-4d58-b1c4-d7d8005623fa] RpcClient init label, labels = {module=naming, source=sdk}
22:55:37.651 [main] INFO  c.a.n.c.r.client - [printIfInfoEnabled,60] - [89022558-8df1-4d58-b1c4-d7d8005623fa] RpcClient init, ServerListFactory = com.alibaba.nacos.client.naming.core.ServerListManager
22:55:37.651 [main] INFO  c.a.n.c.r.client - [printIfInfoEnabled,60] - [89022558-8df1-4d58-b1c4-d7d8005623fa] Registry connection listener to current client:com.alibaba.nacos.client.naming.remote.gprc.redo.NamingGrpcRedoService
22:55:37.651 [main] INFO  c.a.n.c.r.client - [printIfInfoEnabled,60] - [89022558-8df1-4d58-b1c4-d7d8005623fa] Register server push request handler:com.alibaba.nacos.client.naming.remote.gprc.NamingPushRequestHandler
22:55:37.652 [main] INFO  c.a.n.c.r.client - [printIfInfoEnabled,60] - [89022558-8df1-4d58-b1c4-d7d8005623fa] Try to connect to server on start up, server: {serverIp = '192.168.2.11', server main port = 8848}
22:55:37.786 [main] INFO  c.a.n.c.r.client - [printIfInfoEnabled,60] - [89022558-8df1-4d58-b1c4-d7d8005623fa] Success to connect to server [192.168.2.11:8848] on start up, connectionId = 1655160791758_192.168.2.2_51317
22:55:37.786 [main] INFO  c.a.n.c.r.client - [printIfInfoEnabled,60] - [89022558-8df1-4d58-b1c4-d7d8005623fa] Register server push request handler:com.alibaba.nacos.common.remote.client.RpcClient$ConnectResetRequestHandler
22:55:37.786 [com.alibaba.nacos.client.remote.worker] INFO  c.a.n.c.r.client - [printIfInfoEnabled,60] - [89022558-8df1-4d58-b1c4-d7d8005623fa] Notify connected event to listeners.
22:55:37.787 [main] INFO  c.a.n.c.r.client - [printIfInfoEnabled,60] - [89022558-8df1-4d58-b1c4-d7d8005623fa] Register server push request handler:com.alibaba.nacos.common.remote.client.RpcClient$$Lambda$383/1448037695
22:55:37.803 [main] INFO  o.a.c.h.Http11NioProtocol - [log,173] - Pausing ProtocolHandler ["http-nio-9100"]
22:55:37.803 [main] INFO  o.a.c.c.StandardService - [log,173] - Stopping service [Tomcat]
22:55:37.813 [main] INFO  o.a.c.h.Http11NioProtocol - [log,173] - Stopping ProtocolHandler ["http-nio-9100"]
22:55:37.814 [main] INFO  o.a.c.h.Http11NioProtocol - [log,173] - Destroying ProtocolHandler ["http-nio-9100"]
23:28:42.049 [main] INFO  c.a.n.c.r.client - [lambda$createClient$0,80] - [RpcClientFactory] create a new rpc client of b351be7c-3666-4067-9928-071e170faffd_config-0
23:28:42.216 [main] INFO  o.r.Reflections - [scan,232] - Reflections took 75 ms to scan 1 urls, producing 3 keys and 6 values 
23:28:42.277 [main] INFO  o.r.Reflections - [scan,232] - Reflections took 24 ms to scan 1 urls, producing 4 keys and 9 values 
23:28:42.297 [main] INFO  o.r.Reflections - [scan,232] - Reflections took 14 ms to scan 1 urls, producing 3 keys and 10 values 
23:28:42.488 [main] INFO  o.r.Reflections - [scan,232] - Reflections took 183 ms to scan 147 urls, producing 0 keys and 0 values 
23:28:42.501 [main] INFO  o.r.Reflections - [scan,232] - Reflections took 12 ms to scan 1 urls, producing 1 keys and 5 values 
23:28:42.521 [main] INFO  o.r.Reflections - [scan,232] - Reflections took 13 ms to scan 1 urls, producing 1 keys and 7 values 
23:28:42.539 [main] INFO  o.r.Reflections - [scan,232] - Reflections took 13 ms to scan 1 urls, producing 2 keys and 8 values 
23:28:42.707 [main] INFO  o.r.Reflections - [scan,232] - Reflections took 163 ms to scan 147 urls, producing 0 keys and 0 values 
23:28:42.714 [main] INFO  c.a.n.c.r.client - [printIfInfoEnabled,60] - [b351be7c-3666-4067-9928-071e170faffd_config-0] RpcClient init label, labels = {module=config, Vipserver-Tag=null, source=sdk, Amory-Tag=null, Location-Tag=null, taskId=0, AppName=unknown}
23:28:42.716 [main] INFO  c.a.n.c.r.client - [printIfInfoEnabled,60] - [b351be7c-3666-4067-9928-071e170faffd_config-0] Register server push request handler:com.alibaba.nacos.client.config.impl.ClientWorker$ConfigRpcTransportClient$$Lambda$373/1006902922
23:28:42.716 [main] INFO  c.a.n.c.r.client - [printIfInfoEnabled,60] - [b351be7c-3666-4067-9928-071e170faffd_config-0] Register server push request handler:com.alibaba.nacos.client.config.impl.ClientWorker$ConfigRpcTransportClient$$Lambda$374/1970028793
23:28:42.718 [main] INFO  c.a.n.c.r.client - [printIfInfoEnabled,60] - [b351be7c-3666-4067-9928-071e170faffd_config-0] Registry connection listener to current client:com.alibaba.nacos.client.config.impl.ClientWorker$ConfigRpcTransportClient$1
23:28:42.719 [main] INFO  c.a.n.c.r.client - [printIfInfoEnabled,60] - [b351be7c-3666-4067-9928-071e170faffd_config-0] RpcClient init, ServerListFactory = com.alibaba.nacos.client.config.impl.ClientWorker$ConfigRpcTransportClient$2
23:28:42.742 [main] INFO  c.a.n.c.r.client - [printIfInfoEnabled,60] - [b351be7c-3666-4067-9928-071e170faffd_config-0] Try to connect to server on start up, server: {serverIp = '192.168.2.11', server main port = 8848}
23:28:45.023 [main] INFO  c.a.n.c.r.client - [printIfInfoEnabled,60] - [b351be7c-3666-4067-9928-071e170faffd_config-0] Success to connect to server [192.168.2.11:8848] on start up, connectionId = 1655162778686_192.168.2.2_60761
23:28:45.024 [com.alibaba.nacos.client.remote.worker] INFO  c.a.n.c.r.client - [printIfInfoEnabled,60] - [b351be7c-3666-4067-9928-071e170faffd_config-0] Notify connected event to listeners.
23:28:45.025 [main] INFO  c.a.n.c.r.client - [printIfInfoEnabled,60] - [b351be7c-3666-4067-9928-071e170faffd_config-0] Register server push request handler:com.alibaba.nacos.common.remote.client.RpcClient$ConnectResetRequestHandler
23:28:45.026 [main] INFO  c.a.n.c.r.client - [printIfInfoEnabled,60] - [b351be7c-3666-4067-9928-071e170faffd_config-0] Register server push request handler:com.alibaba.nacos.common.remote.client.RpcClient$$Lambda$383/1644406826
23:28:45.273 [main] INFO  c.r.m.m.RuoYiMonitorApplication - [logStartupProfileInfo,646] - The following 1 profile is active: "dev"
23:28:48.327 [main] INFO  o.a.c.h.Http11NioProtocol - [log,173] - Initializing ProtocolHandler ["http-nio-9100"]
23:28:48.328 [main] INFO  o.a.c.c.StandardService - [log,173] - Starting service [Tomcat]
23:28:48.328 [main] INFO  o.a.c.c.StandardEngine - [log,173] - Starting Servlet engine: [Apache Tomcat/9.0.62]
23:28:48.520 [main] INFO  o.a.c.c.C.[.[.[/] - [log,173] - Initializing Spring embedded WebApplicationContext
23:28:49.486 [main] INFO  c.a.c.s.SentinelWebMvcConfigurer - [addInterceptors,52] - [Sentinel Starter] register SentinelWebInterceptor with urlPatterns: [/**].
23:28:50.349 [main] INFO  c.a.n.c.r.client - [lambda$createClient$0,80] - [RpcClientFactory] create a new rpc client of 8bf0b9f5-0db1-423a-a017-5f2d625c534d
23:28:50.350 [main] INFO  c.a.n.c.r.client - [printIfInfoEnabled,60] - [8bf0b9f5-0db1-423a-a017-5f2d625c534d] RpcClient init label, labels = {module=naming, source=sdk}
23:28:50.356 [main] INFO  c.a.n.c.r.client - [printIfInfoEnabled,60] - [8bf0b9f5-0db1-423a-a017-5f2d625c534d] RpcClient init, ServerListFactory = com.alibaba.nacos.client.naming.core.ServerListManager
23:28:50.357 [main] INFO  c.a.n.c.r.client - [printIfInfoEnabled,60] - [8bf0b9f5-0db1-423a-a017-5f2d625c534d] Registry connection listener to current client:com.alibaba.nacos.client.naming.remote.gprc.redo.NamingGrpcRedoService
23:28:50.358 [main] INFO  c.a.n.c.r.client - [printIfInfoEnabled,60] - [8bf0b9f5-0db1-423a-a017-5f2d625c534d] Register server push request handler:com.alibaba.nacos.client.naming.remote.gprc.NamingPushRequestHandler
23:28:50.359 [main] INFO  c.a.n.c.r.client - [printIfInfoEnabled,60] - [8bf0b9f5-0db1-423a-a017-5f2d625c534d] Try to connect to server on start up, server: {serverIp = '192.168.2.11', server main port = 8848}
23:28:50.491 [main] INFO  c.a.n.c.r.client - [printIfInfoEnabled,60] - [8bf0b9f5-0db1-423a-a017-5f2d625c534d] Success to connect to server [192.168.2.11:8848] on start up, connectionId = 1655162784412_192.168.2.2_60775
23:28:50.491 [com.alibaba.nacos.client.remote.worker] INFO  c.a.n.c.r.client - [printIfInfoEnabled,60] - [8bf0b9f5-0db1-423a-a017-5f2d625c534d] Notify connected event to listeners.
23:28:50.491 [main] INFO  c.a.n.c.r.client - [printIfInfoEnabled,60] - [8bf0b9f5-0db1-423a-a017-5f2d625c534d] Register server push request handler:com.alibaba.nacos.common.remote.client.RpcClient$ConnectResetRequestHandler
23:28:50.492 [main] INFO  c.a.n.c.r.client - [printIfInfoEnabled,60] - [8bf0b9f5-0db1-423a-a017-5f2d625c534d] Register server push request handler:com.alibaba.nacos.common.remote.client.RpcClient$$Lambda$383/1644406826
23:28:53.003 [main] INFO  o.a.c.h.Http11NioProtocol - [log,173] - Starting ProtocolHandler ["http-nio-9100"]
23:28:53.221 [main] INFO  c.a.c.n.r.NacosServiceRegistry - [register,75] - nacos registry, DEFAULT_GROUP ruoyi-monitor 192.168.182.1:9100 register finished
23:28:53.539 [nacos-grpc-client-executor-15] INFO  c.a.n.c.r.client - [printIfInfoEnabled,60] - [8bf0b9f5-0db1-423a-a017-5f2d625c534d] Receive server push request, request = NotifySubscriberRequest, requestId = 11
23:28:53.545 [nacos-grpc-client-executor-15] INFO  c.a.n.c.r.client - [printIfInfoEnabled,60] - [8bf0b9f5-0db1-423a-a017-5f2d625c534d] Ack server push request, request = NotifySubscriberRequest, requestId = 11
23:28:53.605 [nacos-grpc-client-executor-16] INFO  c.a.n.c.r.client - [printIfInfoEnabled,60] - [8bf0b9f5-0db1-423a-a017-5f2d625c534d] Receive server push request, request = NotifySubscriberRequest, requestId = 12
23:28:53.605 [nacos-grpc-client-executor-16] INFO  c.a.n.c.r.client - [printIfInfoEnabled,60] - [8bf0b9f5-0db1-423a-a017-5f2d625c534d] Ack server push request, request = NotifySubscriberRequest, requestId = 12
23:28:53.806 [nacos-grpc-client-executor-21] INFO  c.a.n.c.r.client - [printIfInfoEnabled,60] - [8bf0b9f5-0db1-423a-a017-5f2d625c534d] Receive server push request, request = NotifySubscriberRequest, requestId = 13
23:28:53.811 [nacos-grpc-client-executor-21] INFO  c.a.n.c.r.client - [printIfInfoEnabled,60] - [8bf0b9f5-0db1-423a-a017-5f2d625c534d] Ack server push request, request = NotifySubscriberRequest, requestId = 13
23:28:53.878 [main] INFO  c.r.m.m.RuoYiMonitorApplication - [logStarted,61] - Started RuoYiMonitorApplication in 14.619 seconds (JVM running for 22.885)
23:28:53.899 [main] INFO  c.a.c.n.r.NacosContextRefresher - [registerNacosListenersForApplications,105] - listening config: dataId=ruoyi-monitor, group=DEFAULT_GROUP
23:28:53.905 [main] INFO  c.a.c.n.r.NacosContextRefresher - [registerNacosListenersForApplications,105] - listening config: dataId=ruoyi-monitor-dev.yml, group=DEFAULT_GROUP
23:28:53.906 [main] INFO  c.a.c.n.r.NacosContextRefresher - [registerNacosListenersForApplications,105] - listening config: dataId=ruoyi-monitor.yml, group=DEFAULT_GROUP
23:28:54.174 [http-nio-9100-exec-1] INFO  o.a.c.c.C.[.[.[/] - [log,173] - Initializing Spring DispatcherServlet 'dispatcherServlet'
23:28:54.210 [nacos-grpc-client-executor-28] INFO  c.a.n.c.r.client - [printIfInfoEnabled,60] - [8bf0b9f5-0db1-423a-a017-5f2d625c534d] Receive server push request, request = NotifySubscriberRequest, requestId = 14
23:28:54.210 [nacos-grpc-client-executor-28] INFO  c.a.n.c.r.client - [printIfInfoEnabled,60] - [8bf0b9f5-0db1-423a-a017-5f2d625c534d] Ack server push request, request = NotifySubscriberRequest, requestId = 14
23:30:23.730 [nacos-grpc-client-executor-71] INFO  c.a.n.c.r.client - [printIfInfoEnabled,60] - [8bf0b9f5-0db1-423a-a017-5f2d625c534d] Receive server push request, request = NotifySubscriberRequest, requestId = 18
23:30:23.746 [nacos-grpc-client-executor-71] INFO  c.a.n.c.r.client - [printIfInfoEnabled,60] - [8bf0b9f5-0db1-423a-a017-5f2d625c534d] Ack server push request, request = NotifySubscriberRequest, requestId = 18
23:30:53.814 [nacos-grpc-client-executor-85] INFO  c.a.n.c.r.client - [printIfInfoEnabled,60] - [8bf0b9f5-0db1-423a-a017-5f2d625c534d] Receive server push request, request = NotifySubscriberRequest, requestId = 21
23:30:53.816 [nacos-grpc-client-executor-85] INFO  c.a.n.c.r.client - [printIfInfoEnabled,60] - [8bf0b9f5-0db1-423a-a017-5f2d625c534d] Ack server push request, request = NotifySubscriberRequest, requestId = 21
23:31:24.341 [nacos-grpc-client-executor-99] INFO  c.a.n.c.r.client - [printIfInfoEnabled,60] - [8bf0b9f5-0db1-423a-a017-5f2d625c534d] Receive server push request, request = NotifySubscriberRequest, requestId = 24
23:31:24.341 [nacos-grpc-client-executor-99] INFO  c.a.n.c.r.client - [printIfInfoEnabled,60] - [8bf0b9f5-0db1-423a-a017-5f2d625c534d] Ack server push request, request = NotifySubscriberRequest, requestId = 24
