02:49:35.498 [SpringApplicationShutdownHook] INFO  c.a.c.n.r.NacosServiceRegistry - [deregister,94] - De-registering from Nacos Server now...
02:49:35.503 [SpringApplicationShutdownHook] INFO  c.a.c.n.r.NacosServiceRegistry - [deregister,114] - De-registration finished.
02:49:35.839 [SpringApplicationShutdownHook] INFO  c.a.n.c.r.client - [shutdown,454] - Shutdown rpc client, set status to shutdown
02:49:35.840 [SpringApplicationShutdownHook] INFO  c.a.n.c.r.client - [shutdown,456] - Shutdown client event executor java.util.concurrent.ScheduledThreadPoolExecutor@6217bb06[Running, pool size = 2, active threads = 2, queued tasks = 0, completed tasks = 0]
02:49:35.840 [SpringApplicationShutdownHook] INFO  c.a.n.c.r.client - [closeConnection,591] - Close current connection 1656160602888_192.168.2.2_54556
02:49:35.849 [SpringApplicationShutdownHook] INFO  c.a.n.c.r.c.g.GrpcClient - [shutdown,85] - Shutdown grpc executor java.util.concurrent.ThreadPoolExecutor@3007d8ca[Running, pool size = 4, active threads = 0, queued tasks = 0, completed tasks = 4474]
14:13:37.955 [background-preinit] INFO  o.h.v.i.util.Version - [<clinit>,21] - HV000001: Hibernate Validator 6.2.3.Final
14:13:41.652 [main] INFO  c.a.n.c.r.client - [lambda$createClient$0,80] - [RpcClientFactory] create a new rpc client of 1b9ae432-3127-445e-8c9a-f6ab97356c11_config-0
14:13:41.958 [main] INFO  o.r.Reflections - [scan,232] - Reflections took 149 ms to scan 1 urls, producing 3 keys and 6 values 
14:13:42.126 [main] INFO  o.r.Reflections - [scan,232] - Reflections took 58 ms to scan 1 urls, producing 4 keys and 9 values 
14:13:42.171 [main] INFO  o.r.Reflections - [scan,232] - Reflections took 32 ms to scan 1 urls, producing 3 keys and 10 values 
14:13:42.980 [main] INFO  o.r.Reflections - [scan,232] - Reflections took 801 ms to scan 198 urls, producing 0 keys and 0 values 
14:13:43.023 [main] INFO  o.r.Reflections - [scan,232] - Reflections took 40 ms to scan 1 urls, producing 1 keys and 5 values 
14:13:43.068 [main] INFO  o.r.Reflections - [scan,232] - Reflections took 34 ms to scan 1 urls, producing 1 keys and 7 values 
14:13:43.117 [main] INFO  o.r.Reflections - [scan,232] - Reflections took 40 ms to scan 1 urls, producing 2 keys and 8 values 
14:13:43.751 [main] INFO  o.r.Reflections - [scan,232] - Reflections took 625 ms to scan 198 urls, producing 0 keys and 0 values 
14:13:43.764 [main] INFO  c.a.n.c.r.client - [printIfInfoEnabled,60] - [1b9ae432-3127-445e-8c9a-f6ab97356c11_config-0] RpcClient init label, labels = {module=config, Vipserver-Tag=null, source=sdk, Amory-Tag=null, Location-Tag=null, taskId=0, AppName=unknown}
14:13:43.767 [main] INFO  c.a.n.c.r.client - [printIfInfoEnabled,60] - [1b9ae432-3127-445e-8c9a-f6ab97356c11_config-0] Register server push request handler:com.alibaba.nacos.client.config.impl.ClientWorker$ConfigRpcTransportClient$$Lambda$379/1027640320
14:13:43.768 [main] INFO  c.a.n.c.r.client - [printIfInfoEnabled,60] - [1b9ae432-3127-445e-8c9a-f6ab97356c11_config-0] Register server push request handler:com.alibaba.nacos.client.config.impl.ClientWorker$ConfigRpcTransportClient$$Lambda$380/1983300267
14:13:43.770 [main] INFO  c.a.n.c.r.client - [printIfInfoEnabled,60] - [1b9ae432-3127-445e-8c9a-f6ab97356c11_config-0] Registry connection listener to current client:com.alibaba.nacos.client.config.impl.ClientWorker$ConfigRpcTransportClient$1
14:13:43.772 [main] INFO  c.a.n.c.r.client - [printIfInfoEnabled,60] - [1b9ae432-3127-445e-8c9a-f6ab97356c11_config-0] RpcClient init, ServerListFactory = com.alibaba.nacos.client.config.impl.ClientWorker$ConfigRpcTransportClient$2
14:13:43.822 [main] INFO  c.a.n.c.r.client - [printIfInfoEnabled,60] - [1b9ae432-3127-445e-8c9a-f6ab97356c11_config-0] Try to connect to server on start up, server: {serverIp = '192.168.2.11', server main port = 8848}
14:13:48.781 [main] INFO  c.a.n.c.r.client - [printIfInfoEnabled,60] - [1b9ae432-3127-445e-8c9a-f6ab97356c11_config-0] Success to connect to server [192.168.2.11:8848] on start up, connectionId = 1656223855590_192.168.2.2_59997
14:13:48.784 [com.alibaba.nacos.client.remote.worker] INFO  c.a.n.c.r.client - [printIfInfoEnabled,60] - [1b9ae432-3127-445e-8c9a-f6ab97356c11_config-0] Notify connected event to listeners.
14:13:48.788 [main] INFO  c.a.n.c.r.client - [printIfInfoEnabled,60] - [1b9ae432-3127-445e-8c9a-f6ab97356c11_config-0] Register server push request handler:com.alibaba.nacos.common.remote.client.RpcClient$ConnectResetRequestHandler
14:13:48.791 [main] INFO  c.a.n.c.r.client - [printIfInfoEnabled,60] - [1b9ae432-3127-445e-8c9a-f6ab97356c11_config-0] Register server push request handler:com.alibaba.nacos.common.remote.client.RpcClient$$Lambda$389/12458947
14:13:49.215 [main] INFO  c.r.f.RuoYiFileApplication - [logStartupProfileInfo,646] - The following 1 profile is active: "dev"
14:13:57.988 [main] INFO  o.a.c.h.Http11NioProtocol - [log,173] - Initializing ProtocolHandler ["http-nio-9300"]
14:13:57.989 [main] INFO  o.a.c.c.StandardService - [log,173] - Starting service [Tomcat]
14:13:57.989 [main] INFO  o.a.c.c.StandardEngine - [log,173] - Starting Servlet engine: [Apache Tomcat/9.0.62]
14:13:58.441 [main] INFO  o.a.c.c.C.[.[.[/] - [log,173] - Initializing Spring embedded WebApplicationContext
14:14:00.820 [main] INFO  c.a.c.s.SentinelWebMvcConfigurer - [addInterceptors,52] - [Sentinel Starter] register SentinelWebInterceptor with urlPatterns: [/**].
14:14:01.475 [main] INFO  c.a.n.c.r.client - [lambda$createClient$0,80] - [RpcClientFactory] create a new rpc client of 6903121a-7fc0-435b-9d26-984a28a10e70
14:14:01.476 [main] INFO  c.a.n.c.r.client - [printIfInfoEnabled,60] - [6903121a-7fc0-435b-9d26-984a28a10e70] RpcClient init label, labels = {module=naming, source=sdk}
14:14:01.485 [main] INFO  c.a.n.c.r.client - [printIfInfoEnabled,60] - [6903121a-7fc0-435b-9d26-984a28a10e70] RpcClient init, ServerListFactory = com.alibaba.nacos.client.naming.core.ServerListManager
14:14:01.487 [main] INFO  c.a.n.c.r.client - [printIfInfoEnabled,60] - [6903121a-7fc0-435b-9d26-984a28a10e70] Registry connection listener to current client:com.alibaba.nacos.client.naming.remote.gprc.redo.NamingGrpcRedoService
14:14:01.489 [main] INFO  c.a.n.c.r.client - [printIfInfoEnabled,60] - [6903121a-7fc0-435b-9d26-984a28a10e70] Register server push request handler:com.alibaba.nacos.client.naming.remote.gprc.NamingPushRequestHandler
14:14:01.490 [main] INFO  c.a.n.c.r.client - [printIfInfoEnabled,60] - [6903121a-7fc0-435b-9d26-984a28a10e70] Try to connect to server on start up, server: {serverIp = '192.168.2.11', server main port = 8848}
14:14:01.611 [main] INFO  c.a.n.c.r.client - [printIfInfoEnabled,60] - [6903121a-7fc0-435b-9d26-984a28a10e70] Success to connect to server [192.168.2.11:8848] on start up, connectionId = 1656223868957_192.168.2.2_60278
14:14:01.612 [com.alibaba.nacos.client.remote.worker] INFO  c.a.n.c.r.client - [printIfInfoEnabled,60] - [6903121a-7fc0-435b-9d26-984a28a10e70] Notify connected event to listeners.
14:14:01.612 [main] INFO  c.a.n.c.r.client - [printIfInfoEnabled,60] - [6903121a-7fc0-435b-9d26-984a28a10e70] Register server push request handler:com.alibaba.nacos.common.remote.client.RpcClient$ConnectResetRequestHandler
14:14:01.614 [main] INFO  c.a.n.c.r.client - [printIfInfoEnabled,60] - [6903121a-7fc0-435b-9d26-984a28a10e70] Register server push request handler:com.alibaba.nacos.common.remote.client.RpcClient$$Lambda$389/12458947
14:14:04.113 [main] INFO  o.a.c.h.Http11NioProtocol - [log,173] - Starting ProtocolHandler ["http-nio-9300"]
14:14:04.169 [main] INFO  c.a.c.n.r.NacosServiceRegistry - [register,75] - nacos registry, DEFAULT_GROUP ruoyi-file 192.168.182.1:9300 register finished
14:14:04.650 [nacos-grpc-client-executor-8] INFO  c.a.n.c.r.client - [printIfInfoEnabled,60] - [6903121a-7fc0-435b-9d26-984a28a10e70] Receive server push request, request = NotifySubscriberRequest, requestId = 2
14:14:04.665 [nacos-grpc-client-executor-8] INFO  c.a.n.c.r.client - [printIfInfoEnabled,60] - [6903121a-7fc0-435b-9d26-984a28a10e70] Ack server push request, request = NotifySubscriberRequest, requestId = 2
14:14:04.953 [main] INFO  c.r.f.RuoYiFileApplication - [logStarted,61] - Started RuoYiFileApplication in 29.374 seconds (JVM running for 37.805)
14:14:04.989 [main] INFO  c.a.c.n.r.NacosContextRefresher - [registerNacosListenersForApplications,105] - listening config: dataId=ruoyi-file-dev.yml, group=DEFAULT_GROUP
14:14:04.991 [main] INFO  c.a.c.n.r.NacosContextRefresher - [registerNacosListenersForApplications,105] - listening config: dataId=ruoyi-file, group=DEFAULT_GROUP
14:14:04.993 [main] INFO  c.a.c.n.r.NacosContextRefresher - [registerNacosListenersForApplications,105] - listening config: dataId=ruoyi-file.yml, group=DEFAULT_GROUP
14:14:29.995 [http-nio-9300-exec-1] INFO  o.a.c.c.C.[.[.[/] - [log,173] - Initializing Spring DispatcherServlet 'dispatcherServlet'
14:34:56.372 [SpringApplicationShutdownHook] INFO  c.a.c.n.r.NacosServiceRegistry - [deregister,94] - De-registering from Nacos Server now...
14:34:56.380 [SpringApplicationShutdownHook] INFO  c.a.c.n.r.NacosServiceRegistry - [deregister,114] - De-registration finished.
14:34:56.709 [SpringApplicationShutdownHook] INFO  c.a.n.c.r.client - [shutdown,454] - Shutdown rpc client, set status to shutdown
14:34:56.710 [SpringApplicationShutdownHook] INFO  c.a.n.c.r.client - [shutdown,456] - Shutdown client event executor java.util.concurrent.ScheduledThreadPoolExecutor@d6d25db[Running, pool size = 2, active threads = 2, queued tasks = 0, completed tasks = 0]
14:34:56.710 [SpringApplicationShutdownHook] INFO  c.a.n.c.r.client - [closeConnection,591] - Close current connection 1656223868957_192.168.2.2_60278
14:34:56.714 [nacos-grpc-client-executor-294] INFO  c.a.n.c.r.c.g.GrpcClient - [printIfInfoEnabled,60] - [1656223868957_192.168.2.2_60278]Ignore complete event,isRunning:false,isAbandon=false
14:34:56.721 [SpringApplicationShutdownHook] INFO  c.a.n.c.r.c.g.GrpcClient - [shutdown,85] - Shutdown grpc executor java.util.concurrent.ThreadPoolExecutor@72ba9469[Running, pool size = 5, active threads = 0, queued tasks = 0, completed tasks = 295]
14:41:55.168 [background-preinit] INFO  o.h.v.i.util.Version - [<clinit>,21] - HV000001: Hibernate Validator 6.2.3.Final
14:41:57.534 [main] INFO  c.a.n.c.r.client - [lambda$createClient$0,80] - [RpcClientFactory] create a new rpc client of 40e655ce-3c33-4a34-8245-19f5e2462005_config-0
14:41:57.758 [main] INFO  o.r.Reflections - [scan,232] - Reflections took 122 ms to scan 1 urls, producing 3 keys and 6 values 
14:41:57.854 [main] INFO  o.r.Reflections - [scan,232] - Reflections took 30 ms to scan 1 urls, producing 4 keys and 9 values 
14:41:57.883 [main] INFO  o.r.Reflections - [scan,232] - Reflections took 20 ms to scan 1 urls, producing 3 keys and 10 values 
14:41:58.300 [main] INFO  o.r.Reflections - [scan,232] - Reflections took 408 ms to scan 198 urls, producing 0 keys and 0 values 
14:41:58.314 [main] INFO  o.r.Reflections - [scan,232] - Reflections took 13 ms to scan 1 urls, producing 1 keys and 5 values 
14:41:58.344 [main] INFO  o.r.Reflections - [scan,232] - Reflections took 23 ms to scan 1 urls, producing 1 keys and 7 values 
14:41:58.363 [main] INFO  o.r.Reflections - [scan,232] - Reflections took 13 ms to scan 1 urls, producing 2 keys and 8 values 
14:41:58.901 [main] INFO  o.r.Reflections - [scan,232] - Reflections took 533 ms to scan 198 urls, producing 0 keys and 0 values 
14:41:58.905 [main] INFO  c.a.n.c.r.client - [printIfInfoEnabled,60] - [40e655ce-3c33-4a34-8245-19f5e2462005_config-0] RpcClient init label, labels = {module=config, Vipserver-Tag=null, source=sdk, Amory-Tag=null, Location-Tag=null, taskId=0, AppName=unknown}
14:41:58.908 [main] INFO  c.a.n.c.r.client - [printIfInfoEnabled,60] - [40e655ce-3c33-4a34-8245-19f5e2462005_config-0] Register server push request handler:com.alibaba.nacos.client.config.impl.ClientWorker$ConfigRpcTransportClient$$Lambda$379/1001672364
14:41:58.917 [main] INFO  c.a.n.c.r.client - [printIfInfoEnabled,60] - [40e655ce-3c33-4a34-8245-19f5e2462005_config-0] Register server push request handler:com.alibaba.nacos.client.config.impl.ClientWorker$ConfigRpcTransportClient$$Lambda$380/2006165770
14:41:58.924 [main] INFO  c.a.n.c.r.client - [printIfInfoEnabled,60] - [40e655ce-3c33-4a34-8245-19f5e2462005_config-0] Registry connection listener to current client:com.alibaba.nacos.client.config.impl.ClientWorker$ConfigRpcTransportClient$1
14:41:58.927 [main] INFO  c.a.n.c.r.client - [printIfInfoEnabled,60] - [40e655ce-3c33-4a34-8245-19f5e2462005_config-0] RpcClient init, ServerListFactory = com.alibaba.nacos.client.config.impl.ClientWorker$ConfigRpcTransportClient$2
14:41:58.961 [main] INFO  c.a.n.c.r.client - [printIfInfoEnabled,60] - [40e655ce-3c33-4a34-8245-19f5e2462005_config-0] Try to connect to server on start up, server: {serverIp = '192.168.2.11', server main port = 8848}
14:42:02.603 [main] INFO  c.a.n.c.r.client - [printIfInfoEnabled,60] - [40e655ce-3c33-4a34-8245-19f5e2462005_config-0] Success to connect to server [192.168.2.11:8848] on start up, connectionId = 1656225549488_192.168.2.2_49534
14:42:02.605 [com.alibaba.nacos.client.remote.worker] INFO  c.a.n.c.r.client - [printIfInfoEnabled,60] - [40e655ce-3c33-4a34-8245-19f5e2462005_config-0] Notify connected event to listeners.
14:42:02.608 [main] INFO  c.a.n.c.r.client - [printIfInfoEnabled,60] - [40e655ce-3c33-4a34-8245-19f5e2462005_config-0] Register server push request handler:com.alibaba.nacos.common.remote.client.RpcClient$ConnectResetRequestHandler
14:42:02.609 [main] INFO  c.a.n.c.r.client - [printIfInfoEnabled,60] - [40e655ce-3c33-4a34-8245-19f5e2462005_config-0] Register server push request handler:com.alibaba.nacos.common.remote.client.RpcClient$$Lambda$389/478944104
14:42:02.974 [main] INFO  c.r.f.RuoYiFileApplication - [logStartupProfileInfo,646] - The following 1 profile is active: "dev"
14:42:12.821 [main] INFO  o.a.c.h.Http11NioProtocol - [log,173] - Initializing ProtocolHandler ["http-nio-9300"]
14:42:12.822 [main] INFO  o.a.c.c.StandardService - [log,173] - Starting service [Tomcat]
14:42:12.823 [main] INFO  o.a.c.c.StandardEngine - [log,173] - Starting Servlet engine: [Apache Tomcat/9.0.62]
14:42:13.446 [main] INFO  o.a.c.c.C.[.[.[/] - [log,173] - Initializing Spring embedded WebApplicationContext
14:42:16.849 [main] INFO  c.a.c.s.SentinelWebMvcConfigurer - [addInterceptors,52] - [Sentinel Starter] register SentinelWebInterceptor with urlPatterns: [/**].
14:42:18.254 [main] INFO  c.a.n.c.r.client - [lambda$createClient$0,80] - [RpcClientFactory] create a new rpc client of 9fab92bc-ae75-437f-b82d-4a4dc423e053
14:42:18.255 [main] INFO  c.a.n.c.r.client - [printIfInfoEnabled,60] - [9fab92bc-ae75-437f-b82d-4a4dc423e053] RpcClient init label, labels = {module=naming, source=sdk}
14:42:18.266 [main] INFO  c.a.n.c.r.client - [printIfInfoEnabled,60] - [9fab92bc-ae75-437f-b82d-4a4dc423e053] RpcClient init, ServerListFactory = com.alibaba.nacos.client.naming.core.ServerListManager
14:42:18.267 [main] INFO  c.a.n.c.r.client - [printIfInfoEnabled,60] - [9fab92bc-ae75-437f-b82d-4a4dc423e053] Registry connection listener to current client:com.alibaba.nacos.client.naming.remote.gprc.redo.NamingGrpcRedoService
14:42:18.269 [main] INFO  c.a.n.c.r.client - [printIfInfoEnabled,60] - [9fab92bc-ae75-437f-b82d-4a4dc423e053] Register server push request handler:com.alibaba.nacos.client.naming.remote.gprc.NamingPushRequestHandler
14:42:18.271 [main] INFO  c.a.n.c.r.client - [printIfInfoEnabled,60] - [9fab92bc-ae75-437f-b82d-4a4dc423e053] Try to connect to server on start up, server: {serverIp = '192.168.2.11', server main port = 8848}
14:42:18.487 [main] INFO  c.a.n.c.r.client - [printIfInfoEnabled,60] - [9fab92bc-ae75-437f-b82d-4a4dc423e053] Success to connect to server [192.168.2.11:8848] on start up, connectionId = 1656225565780_192.168.2.2_49798
14:42:18.488 [com.alibaba.nacos.client.remote.worker] INFO  c.a.n.c.r.client - [printIfInfoEnabled,60] - [9fab92bc-ae75-437f-b82d-4a4dc423e053] Notify connected event to listeners.
14:42:18.488 [main] INFO  c.a.n.c.r.client - [printIfInfoEnabled,60] - [9fab92bc-ae75-437f-b82d-4a4dc423e053] Register server push request handler:com.alibaba.nacos.common.remote.client.RpcClient$ConnectResetRequestHandler
14:42:18.489 [main] INFO  c.a.n.c.r.client - [printIfInfoEnabled,60] - [9fab92bc-ae75-437f-b82d-4a4dc423e053] Register server push request handler:com.alibaba.nacos.common.remote.client.RpcClient$$Lambda$389/478944104
14:42:23.975 [main] INFO  o.a.c.h.Http11NioProtocol - [log,173] - Starting ProtocolHandler ["http-nio-9300"]
14:42:24.050 [main] INFO  c.a.c.n.r.NacosServiceRegistry - [register,75] - nacos registry, DEFAULT_GROUP ruoyi-file 192.168.182.1:9300 register finished
14:42:24.522 [nacos-grpc-client-executor-6] INFO  c.a.n.c.r.client - [printIfInfoEnabled,60] - [9fab92bc-ae75-437f-b82d-4a4dc423e053] Receive server push request, request = NotifySubscriberRequest, requestId = 30
14:42:24.536 [nacos-grpc-client-executor-6] INFO  c.a.n.c.r.client - [printIfInfoEnabled,60] - [9fab92bc-ae75-437f-b82d-4a4dc423e053] Ack server push request, request = NotifySubscriberRequest, requestId = 30
14:42:25.502 [main] INFO  c.r.f.RuoYiFileApplication - [logStarted,61] - Started RuoYiFileApplication in 32.412 seconds (JVM running for 39.05)
14:42:25.536 [main] INFO  c.a.c.n.r.NacosContextRefresher - [registerNacosListenersForApplications,105] - listening config: dataId=ruoyi-file-dev.yml, group=DEFAULT_GROUP
14:42:25.538 [main] INFO  c.a.c.n.r.NacosContextRefresher - [registerNacosListenersForApplications,105] - listening config: dataId=ruoyi-file, group=DEFAULT_GROUP
14:42:25.540 [main] INFO  c.a.c.n.r.NacosContextRefresher - [registerNacosListenersForApplications,105] - listening config: dataId=ruoyi-file.yml, group=DEFAULT_GROUP
14:42:38.994 [http-nio-9300-exec-5] INFO  o.a.c.c.C.[.[.[/] - [log,173] - Initializing Spring DispatcherServlet 'dispatcherServlet'
18:36:27.131 [SpringApplicationShutdownHook] INFO  c.a.c.n.r.NacosServiceRegistry - [deregister,94] - De-registering from Nacos Server now...
18:36:27.144 [SpringApplicationShutdownHook] INFO  c.a.c.n.r.NacosServiceRegistry - [deregister,114] - De-registration finished.
18:36:27.478 [SpringApplicationShutdownHook] INFO  c.a.n.c.r.client - [shutdown,454] - Shutdown rpc client, set status to shutdown
18:36:27.478 [SpringApplicationShutdownHook] INFO  c.a.n.c.r.client - [shutdown,456] - Shutdown client event executor java.util.concurrent.ScheduledThreadPoolExecutor@34280919[Running, pool size = 2, active threads = 2, queued tasks = 0, completed tasks = 0]
18:36:27.478 [SpringApplicationShutdownHook] INFO  c.a.n.c.r.client - [closeConnection,591] - Close current connection 1656225565780_192.168.2.2_49798
18:36:27.482 [nacos-grpc-client-executor-2905] INFO  c.a.n.c.r.c.g.GrpcClient - [printIfInfoEnabled,60] - [1656225565780_192.168.2.2_49798]Ignore complete event,isRunning:false,isAbandon=false
18:36:27.504 [SpringApplicationShutdownHook] INFO  c.a.n.c.r.c.g.GrpcClient - [shutdown,85] - Shutdown grpc executor java.util.concurrent.ThreadPoolExecutor@40c8be20[Running, pool size = 4, active threads = 0, queued tasks = 0, completed tasks = 2906]
18:36:38.027 [background-preinit] INFO  o.h.v.i.util.Version - [<clinit>,21] - HV000001: Hibernate Validator 6.2.3.Final
18:36:39.132 [main] INFO  c.a.n.c.r.client - [lambda$createClient$0,80] - [RpcClientFactory] create a new rpc client of 05c208c0-019d-4a83-a6ec-76b9ceae2d65_config-0
18:36:39.262 [main] INFO  o.r.Reflections - [scan,232] - Reflections took 64 ms to scan 1 urls, producing 3 keys and 6 values 
18:36:39.332 [main] INFO  o.r.Reflections - [scan,232] - Reflections took 23 ms to scan 1 urls, producing 4 keys and 9 values 
18:36:39.363 [main] INFO  o.r.Reflections - [scan,232] - Reflections took 26 ms to scan 1 urls, producing 3 keys and 10 values 
18:36:39.634 [main] INFO  o.r.Reflections - [scan,232] - Reflections took 266 ms to scan 198 urls, producing 0 keys and 0 values 
18:36:39.647 [main] INFO  o.r.Reflections - [scan,232] - Reflections took 12 ms to scan 1 urls, producing 1 keys and 5 values 
18:36:39.673 [main] INFO  o.r.Reflections - [scan,232] - Reflections took 22 ms to scan 1 urls, producing 1 keys and 7 values 
18:36:39.692 [main] INFO  o.r.Reflections - [scan,232] - Reflections took 16 ms to scan 1 urls, producing 2 keys and 8 values 
18:36:39.929 [main] INFO  o.r.Reflections - [scan,232] - Reflections took 233 ms to scan 198 urls, producing 0 keys and 0 values 
18:36:39.939 [main] INFO  c.a.n.c.r.client - [printIfInfoEnabled,60] - [05c208c0-019d-4a83-a6ec-76b9ceae2d65_config-0] RpcClient init label, labels = {module=config, Vipserver-Tag=null, source=sdk, Amory-Tag=null, Location-Tag=null, taskId=0, AppName=unknown}
18:36:39.940 [main] INFO  c.a.n.c.r.client - [printIfInfoEnabled,60] - [05c208c0-019d-4a83-a6ec-76b9ceae2d65_config-0] Register server push request handler:com.alibaba.nacos.client.config.impl.ClientWorker$ConfigRpcTransportClient$$Lambda$380/512934838
18:36:39.941 [main] INFO  c.a.n.c.r.client - [printIfInfoEnabled,60] - [05c208c0-019d-4a83-a6ec-76b9ceae2d65_config-0] Register server push request handler:com.alibaba.nacos.client.config.impl.ClientWorker$ConfigRpcTransportClient$$Lambda$381/1861536737
18:36:39.942 [main] INFO  c.a.n.c.r.client - [printIfInfoEnabled,60] - [05c208c0-019d-4a83-a6ec-76b9ceae2d65_config-0] Registry connection listener to current client:com.alibaba.nacos.client.config.impl.ClientWorker$ConfigRpcTransportClient$1
18:36:39.942 [main] INFO  c.a.n.c.r.client - [printIfInfoEnabled,60] - [05c208c0-019d-4a83-a6ec-76b9ceae2d65_config-0] RpcClient init, ServerListFactory = com.alibaba.nacos.client.config.impl.ClientWorker$ConfigRpcTransportClient$2
18:36:39.956 [main] INFO  c.a.n.c.r.client - [printIfInfoEnabled,60] - [05c208c0-019d-4a83-a6ec-76b9ceae2d65_config-0] Try to connect to server on start up, server: {serverIp = '192.168.2.11', server main port = 8848}
18:36:42.145 [main] INFO  c.a.n.c.r.client - [printIfInfoEnabled,60] - [05c208c0-019d-4a83-a6ec-76b9ceae2d65_config-0] Success to connect to server [192.168.2.11:8848] on start up, connectionId = 1656239629096_192.168.2.2_58654
18:36:42.146 [com.alibaba.nacos.client.remote.worker] INFO  c.a.n.c.r.client - [printIfInfoEnabled,60] - [05c208c0-019d-4a83-a6ec-76b9ceae2d65_config-0] Notify connected event to listeners.
18:36:42.147 [main] INFO  c.a.n.c.r.client - [printIfInfoEnabled,60] - [05c208c0-019d-4a83-a6ec-76b9ceae2d65_config-0] Register server push request handler:com.alibaba.nacos.common.remote.client.RpcClient$ConnectResetRequestHandler
18:36:42.148 [main] INFO  c.a.n.c.r.client - [printIfInfoEnabled,60] - [05c208c0-019d-4a83-a6ec-76b9ceae2d65_config-0] Register server push request handler:com.alibaba.nacos.common.remote.client.RpcClient$$Lambda$390/2102621718
18:36:42.303 [main] INFO  c.r.f.RuoYiFileApplication - [logStartupProfileInfo,646] - The following 1 profile is active: "dev"
18:36:47.059 [main] INFO  o.a.c.h.Http11NioProtocol - [log,173] - Initializing ProtocolHandler ["http-nio-9300"]
18:36:47.060 [main] INFO  o.a.c.c.StandardService - [log,173] - Starting service [Tomcat]
18:36:47.061 [main] INFO  o.a.c.c.StandardEngine - [log,173] - Starting Servlet engine: [Apache Tomcat/9.0.62]
18:36:47.390 [main] INFO  o.a.c.c.C.[.[.[/] - [log,173] - Initializing Spring embedded WebApplicationContext
18:36:49.052 [main] INFO  c.a.c.s.SentinelWebMvcConfigurer - [addInterceptors,52] - [Sentinel Starter] register SentinelWebInterceptor with urlPatterns: [/**].
18:36:49.648 [main] INFO  c.a.n.c.r.client - [lambda$createClient$0,80] - [RpcClientFactory] create a new rpc client of 71622b40-1ecc-4528-958a-eb790718cc08
18:36:49.649 [main] INFO  c.a.n.c.r.client - [printIfInfoEnabled,60] - [71622b40-1ecc-4528-958a-eb790718cc08] RpcClient init label, labels = {module=naming, source=sdk}
18:36:49.661 [main] INFO  c.a.n.c.r.client - [printIfInfoEnabled,60] - [71622b40-1ecc-4528-958a-eb790718cc08] RpcClient init, ServerListFactory = com.alibaba.nacos.client.naming.core.ServerListManager
18:36:49.662 [main] INFO  c.a.n.c.r.client - [printIfInfoEnabled,60] - [71622b40-1ecc-4528-958a-eb790718cc08] Registry connection listener to current client:com.alibaba.nacos.client.naming.remote.gprc.redo.NamingGrpcRedoService
18:36:49.663 [main] INFO  c.a.n.c.r.client - [printIfInfoEnabled,60] - [71622b40-1ecc-4528-958a-eb790718cc08] Register server push request handler:com.alibaba.nacos.client.naming.remote.gprc.NamingPushRequestHandler
18:36:49.669 [main] INFO  c.a.n.c.r.client - [printIfInfoEnabled,60] - [71622b40-1ecc-4528-958a-eb790718cc08] Try to connect to server on start up, server: {serverIp = '192.168.2.11', server main port = 8848}
18:36:49.799 [main] INFO  c.a.n.c.r.client - [printIfInfoEnabled,60] - [71622b40-1ecc-4528-958a-eb790718cc08] Success to connect to server [192.168.2.11:8848] on start up, connectionId = 1656239636935_192.168.2.2_58752
18:36:49.803 [com.alibaba.nacos.client.remote.worker] INFO  c.a.n.c.r.client - [printIfInfoEnabled,60] - [71622b40-1ecc-4528-958a-eb790718cc08] Notify connected event to listeners.
18:36:49.803 [main] INFO  c.a.n.c.r.client - [printIfInfoEnabled,60] - [71622b40-1ecc-4528-958a-eb790718cc08] Register server push request handler:com.alibaba.nacos.common.remote.client.RpcClient$ConnectResetRequestHandler
18:36:49.805 [main] INFO  c.a.n.c.r.client - [printIfInfoEnabled,60] - [71622b40-1ecc-4528-958a-eb790718cc08] Register server push request handler:com.alibaba.nacos.common.remote.client.RpcClient$$Lambda$390/2102621718
18:36:52.444 [main] INFO  o.a.c.h.Http11NioProtocol - [log,173] - Starting ProtocolHandler ["http-nio-9300"]
18:36:52.493 [main] INFO  c.a.c.n.r.NacosServiceRegistry - [register,75] - nacos registry, DEFAULT_GROUP ruoyi-file 192.168.182.1:9300 register finished
18:36:52.996 [nacos-grpc-client-executor-6] INFO  c.a.n.c.r.client - [printIfInfoEnabled,60] - [71622b40-1ecc-4528-958a-eb790718cc08] Receive server push request, request = NotifySubscriberRequest, requestId = 56
18:36:53.018 [nacos-grpc-client-executor-6] INFO  c.a.n.c.r.client - [printIfInfoEnabled,60] - [71622b40-1ecc-4528-958a-eb790718cc08] Ack server push request, request = NotifySubscriberRequest, requestId = 56
18:36:53.341 [main] INFO  c.r.f.RuoYiFileApplication - [logStarted,61] - Started RuoYiFileApplication in 16.453 seconds (JVM running for 21.747)
18:36:53.373 [main] INFO  c.a.c.n.r.NacosContextRefresher - [registerNacosListenersForApplications,105] - listening config: dataId=ruoyi-file-dev.yml, group=DEFAULT_GROUP
18:36:53.374 [main] INFO  c.a.c.n.r.NacosContextRefresher - [registerNacosListenersForApplications,105] - listening config: dataId=ruoyi-file, group=DEFAULT_GROUP
18:36:53.375 [main] INFO  c.a.c.n.r.NacosContextRefresher - [registerNacosListenersForApplications,105] - listening config: dataId=ruoyi-file.yml, group=DEFAULT_GROUP
18:37:05.549 [http-nio-9300-exec-1] INFO  o.a.c.c.C.[.[.[/] - [log,173] - Initializing Spring DispatcherServlet 'dispatcherServlet'
23:53:56.497 [SpringApplicationShutdownHook] INFO  c.a.c.n.r.NacosServiceRegistry - [deregister,94] - De-registering from Nacos Server now...
23:53:56.503 [SpringApplicationShutdownHook] INFO  c.a.c.n.r.NacosServiceRegistry - [deregister,114] - De-registration finished.
23:53:56.844 [SpringApplicationShutdownHook] INFO  c.a.n.c.r.client - [shutdown,454] - Shutdown rpc client, set status to shutdown
23:53:56.844 [SpringApplicationShutdownHook] INFO  c.a.n.c.r.client - [shutdown,456] - Shutdown client event executor java.util.concurrent.ScheduledThreadPoolExecutor@2d2ef8fc[Running, pool size = 2, active threads = 2, queued tasks = 0, completed tasks = 0]
23:53:56.845 [SpringApplicationShutdownHook] INFO  c.a.n.c.r.client - [closeConnection,591] - Close current connection 1656239636935_192.168.2.2_58752
23:53:56.848 [nacos-grpc-client-executor-3948] INFO  c.a.n.c.r.c.g.GrpcClient - [printIfInfoEnabled,60] - [1656239636935_192.168.2.2_58752]Ignore complete event,isRunning:false,isAbandon=false
23:53:56.853 [SpringApplicationShutdownHook] INFO  c.a.n.c.r.c.g.GrpcClient - [shutdown,85] - Shutdown grpc executor java.util.concurrent.ThreadPoolExecutor@2bf22b87[Running, pool size = 6, active threads = 0, queued tasks = 0, completed tasks = 3949]
23:54:05.648 [background-preinit] INFO  o.h.v.i.util.Version - [<clinit>,21] - HV000001: Hibernate Validator 6.2.3.Final
23:54:06.646 [main] INFO  c.a.n.c.r.client - [lambda$createClient$0,80] - [RpcClientFactory] create a new rpc client of 366b6e2d-529c-4e7d-ac38-8816dd314656_config-0
23:54:06.733 [main] INFO  o.r.Reflections - [scan,232] - Reflections took 37 ms to scan 1 urls, producing 3 keys and 6 values 
23:54:06.782 [main] INFO  o.r.Reflections - [scan,232] - Reflections took 26 ms to scan 1 urls, producing 4 keys and 9 values 
23:54:06.807 [main] INFO  o.r.Reflections - [scan,232] - Reflections took 20 ms to scan 1 urls, producing 3 keys and 10 values 
23:54:07.066 [main] INFO  o.r.Reflections - [scan,232] - Reflections took 255 ms to scan 198 urls, producing 0 keys and 0 values 
23:54:07.077 [main] INFO  o.r.Reflections - [scan,232] - Reflections took 10 ms to scan 1 urls, producing 1 keys and 5 values 
23:54:07.102 [main] INFO  o.r.Reflections - [scan,232] - Reflections took 21 ms to scan 1 urls, producing 1 keys and 7 values 
23:54:07.124 [main] INFO  o.r.Reflections - [scan,232] - Reflections took 17 ms to scan 1 urls, producing 2 keys and 8 values 
23:54:07.414 [main] INFO  o.r.Reflections - [scan,232] - Reflections took 286 ms to scan 198 urls, producing 0 keys and 0 values 
23:54:07.421 [main] INFO  c.a.n.c.r.client - [printIfInfoEnabled,60] - [366b6e2d-529c-4e7d-ac38-8816dd314656_config-0] RpcClient init label, labels = {module=config, Vipserver-Tag=null, source=sdk, Amory-Tag=null, Location-Tag=null, taskId=0, AppName=unknown}
23:54:07.422 [main] INFO  c.a.n.c.r.client - [printIfInfoEnabled,60] - [366b6e2d-529c-4e7d-ac38-8816dd314656_config-0] Register server push request handler:com.alibaba.nacos.client.config.impl.ClientWorker$ConfigRpcTransportClient$$Lambda$380/355222677
23:54:07.423 [main] INFO  c.a.n.c.r.client - [printIfInfoEnabled,60] - [366b6e2d-529c-4e7d-ac38-8816dd314656_config-0] Register server push request handler:com.alibaba.nacos.client.config.impl.ClientWorker$ConfigRpcTransportClient$$Lambda$381/1589745212
23:54:07.426 [main] INFO  c.a.n.c.r.client - [printIfInfoEnabled,60] - [366b6e2d-529c-4e7d-ac38-8816dd314656_config-0] Registry connection listener to current client:com.alibaba.nacos.client.config.impl.ClientWorker$ConfigRpcTransportClient$1
23:54:07.427 [main] INFO  c.a.n.c.r.client - [printIfInfoEnabled,60] - [366b6e2d-529c-4e7d-ac38-8816dd314656_config-0] RpcClient init, ServerListFactory = com.alibaba.nacos.client.config.impl.ClientWorker$ConfigRpcTransportClient$2
23:54:07.445 [main] INFO  c.a.n.c.r.client - [printIfInfoEnabled,60] - [366b6e2d-529c-4e7d-ac38-8816dd314656_config-0] Try to connect to server on start up, server: {serverIp = '192.168.2.11', server main port = 8848}
23:54:09.400 [main] INFO  c.a.n.c.r.client - [printIfInfoEnabled,60] - [366b6e2d-529c-4e7d-ac38-8816dd314656_config-0] Success to connect to server [192.168.2.11:8848] on start up, connectionId = 1656258676153_192.168.2.2_62495
23:54:09.400 [com.alibaba.nacos.client.remote.worker] INFO  c.a.n.c.r.client - [printIfInfoEnabled,60] - [366b6e2d-529c-4e7d-ac38-8816dd314656_config-0] Notify connected event to listeners.
23:54:09.401 [main] INFO  c.a.n.c.r.client - [printIfInfoEnabled,60] - [366b6e2d-529c-4e7d-ac38-8816dd314656_config-0] Register server push request handler:com.alibaba.nacos.common.remote.client.RpcClient$ConnectResetRequestHandler
23:54:09.401 [main] INFO  c.a.n.c.r.client - [printIfInfoEnabled,60] - [366b6e2d-529c-4e7d-ac38-8816dd314656_config-0] Register server push request handler:com.alibaba.nacos.common.remote.client.RpcClient$$Lambda$390/467185608
23:54:09.522 [main] INFO  c.r.f.RuoYiFileApplication - [logStartupProfileInfo,646] - The following 1 profile is active: "dev"
23:54:13.636 [main] INFO  o.a.c.h.Http11NioProtocol - [log,173] - Initializing ProtocolHandler ["http-nio-9300"]
23:54:13.638 [main] INFO  o.a.c.c.StandardService - [log,173] - Starting service [Tomcat]
23:54:13.638 [main] INFO  o.a.c.c.StandardEngine - [log,173] - Starting Servlet engine: [Apache Tomcat/9.0.62]
23:54:13.874 [main] INFO  o.a.c.c.C.[.[.[/] - [log,173] - Initializing Spring embedded WebApplicationContext
23:54:15.591 [main] INFO  c.a.c.s.SentinelWebMvcConfigurer - [addInterceptors,52] - [Sentinel Starter] register SentinelWebInterceptor with urlPatterns: [/**].
23:54:16.162 [main] INFO  c.a.n.c.r.client - [lambda$createClient$0,80] - [RpcClientFactory] create a new rpc client of 2588693f-3ea7-4d3b-b1ba-598d8d10122d
23:54:16.163 [main] INFO  c.a.n.c.r.client - [printIfInfoEnabled,60] - [2588693f-3ea7-4d3b-b1ba-598d8d10122d] RpcClient init label, labels = {module=naming, source=sdk}
23:54:16.167 [main] INFO  c.a.n.c.r.client - [printIfInfoEnabled,60] - [2588693f-3ea7-4d3b-b1ba-598d8d10122d] RpcClient init, ServerListFactory = com.alibaba.nacos.client.naming.core.ServerListManager
23:54:16.167 [main] INFO  c.a.n.c.r.client - [printIfInfoEnabled,60] - [2588693f-3ea7-4d3b-b1ba-598d8d10122d] Registry connection listener to current client:com.alibaba.nacos.client.naming.remote.gprc.redo.NamingGrpcRedoService
23:54:16.169 [main] INFO  c.a.n.c.r.client - [printIfInfoEnabled,60] - [2588693f-3ea7-4d3b-b1ba-598d8d10122d] Register server push request handler:com.alibaba.nacos.client.naming.remote.gprc.NamingPushRequestHandler
23:54:16.171 [main] INFO  c.a.n.c.r.client - [printIfInfoEnabled,60] - [2588693f-3ea7-4d3b-b1ba-598d8d10122d] Try to connect to server on start up, server: {serverIp = '192.168.2.11', server main port = 8848}
23:54:16.309 [main] INFO  c.a.n.c.r.client - [printIfInfoEnabled,60] - [2588693f-3ea7-4d3b-b1ba-598d8d10122d] Success to connect to server [192.168.2.11:8848] on start up, connectionId = 1656258683173_192.168.2.2_62589
23:54:16.310 [com.alibaba.nacos.client.remote.worker] INFO  c.a.n.c.r.client - [printIfInfoEnabled,60] - [2588693f-3ea7-4d3b-b1ba-598d8d10122d] Notify connected event to listeners.
23:54:16.310 [main] INFO  c.a.n.c.r.client - [printIfInfoEnabled,60] - [2588693f-3ea7-4d3b-b1ba-598d8d10122d] Register server push request handler:com.alibaba.nacos.common.remote.client.RpcClient$ConnectResetRequestHandler
23:54:16.311 [main] INFO  c.a.n.c.r.client - [printIfInfoEnabled,60] - [2588693f-3ea7-4d3b-b1ba-598d8d10122d] Register server push request handler:com.alibaba.nacos.common.remote.client.RpcClient$$Lambda$390/467185608
23:54:18.090 [main] INFO  o.a.c.h.Http11NioProtocol - [log,173] - Starting ProtocolHandler ["http-nio-9300"]
23:54:18.155 [main] INFO  c.a.c.n.r.NacosServiceRegistry - [register,75] - nacos registry, DEFAULT_GROUP ruoyi-file 192.168.182.1:9300 register finished
23:54:18.614 [nacos-grpc-client-executor-6] INFO  c.a.n.c.r.client - [printIfInfoEnabled,60] - [2588693f-3ea7-4d3b-b1ba-598d8d10122d] Receive server push request, request = NotifySubscriberRequest, requestId = 97
23:54:18.637 [nacos-grpc-client-executor-6] INFO  c.a.n.c.r.client - [printIfInfoEnabled,60] - [2588693f-3ea7-4d3b-b1ba-598d8d10122d] Ack server push request, request = NotifySubscriberRequest, requestId = 97
23:54:18.968 [main] INFO  c.r.f.RuoYiFileApplication - [logStarted,61] - Started RuoYiFileApplication in 14.32 seconds (JVM running for 19.417)
23:54:18.999 [main] INFO  c.a.c.n.r.NacosContextRefresher - [registerNacosListenersForApplications,105] - listening config: dataId=ruoyi-file-dev.yml, group=DEFAULT_GROUP
23:54:19.000 [main] INFO  c.a.c.n.r.NacosContextRefresher - [registerNacosListenersForApplications,105] - listening config: dataId=ruoyi-file, group=DEFAULT_GROUP
23:54:19.001 [main] INFO  c.a.c.n.r.NacosContextRefresher - [registerNacosListenersForApplications,105] - listening config: dataId=ruoyi-file.yml, group=DEFAULT_GROUP
23:54:48.210 [http-nio-9300-exec-1] INFO  o.a.c.c.C.[.[.[/] - [log,173] - Initializing Spring DispatcherServlet 'dispatcherServlet'
23:59:00.122 [SpringApplicationShutdownHook] INFO  c.a.c.n.r.NacosServiceRegistry - [deregister,94] - De-registering from Nacos Server now...
23:59:00.127 [SpringApplicationShutdownHook] INFO  c.a.c.n.r.NacosServiceRegistry - [deregister,114] - De-registration finished.
23:59:00.460 [SpringApplicationShutdownHook] INFO  c.a.n.c.r.client - [shutdown,454] - Shutdown rpc client, set status to shutdown
23:59:00.460 [SpringApplicationShutdownHook] INFO  c.a.n.c.r.client - [shutdown,456] - Shutdown client event executor java.util.concurrent.ScheduledThreadPoolExecutor@77292f4b[Running, pool size = 2, active threads = 2, queued tasks = 0, completed tasks = 0]
23:59:00.460 [SpringApplicationShutdownHook] INFO  c.a.n.c.r.client - [closeConnection,591] - Close current connection 1656258683173_192.168.2.2_62589
23:59:00.463 [nacos-grpc-client-executor-68] INFO  c.a.n.c.r.c.g.GrpcClient - [printIfInfoEnabled,60] - [1656258683173_192.168.2.2_62589]Ignore complete event,isRunning:false,isAbandon=false
23:59:00.466 [SpringApplicationShutdownHook] INFO  c.a.n.c.r.c.g.GrpcClient - [shutdown,85] - Shutdown grpc executor java.util.concurrent.ThreadPoolExecutor@63611ae6[Running, pool size = 5, active threads = 0, queued tasks = 0, completed tasks = 69]
23:59:09.990 [background-preinit] INFO  o.h.v.i.util.Version - [<clinit>,21] - HV000001: Hibernate Validator 6.2.3.Final
23:59:11.213 [main] INFO  c.a.n.c.r.client - [lambda$createClient$0,80] - [RpcClientFactory] create a new rpc client of 2be80bb0-fa6a-48b6-98cc-aa3afdddd12a_config-0
23:59:11.331 [main] INFO  o.r.Reflections - [scan,232] - Reflections took 69 ms to scan 1 urls, producing 3 keys and 6 values 
23:59:11.381 [main] INFO  o.r.Reflections - [scan,232] - Reflections took 22 ms to scan 1 urls, producing 4 keys and 9 values 
23:59:11.403 [main] INFO  o.r.Reflections - [scan,232] - Reflections took 18 ms to scan 1 urls, producing 3 keys and 10 values 
23:59:11.770 [main] INFO  o.r.Reflections - [scan,232] - Reflections took 361 ms to scan 198 urls, producing 0 keys and 0 values 
23:59:11.783 [main] INFO  o.r.Reflections - [scan,232] - Reflections took 11 ms to scan 1 urls, producing 1 keys and 5 values 
23:59:11.815 [main] INFO  o.r.Reflections - [scan,232] - Reflections took 27 ms to scan 1 urls, producing 1 keys and 7 values 
23:59:11.840 [main] INFO  o.r.Reflections - [scan,232] - Reflections took 21 ms to scan 1 urls, producing 2 keys and 8 values 
23:59:12.127 [main] INFO  o.r.Reflections - [scan,232] - Reflections took 283 ms to scan 198 urls, producing 0 keys and 0 values 
23:59:12.132 [main] INFO  c.a.n.c.r.client - [printIfInfoEnabled,60] - [2be80bb0-fa6a-48b6-98cc-aa3afdddd12a_config-0] RpcClient init label, labels = {module=config, Vipserver-Tag=null, source=sdk, Amory-Tag=null, Location-Tag=null, taskId=0, AppName=unknown}
23:59:12.133 [main] INFO  c.a.n.c.r.client - [printIfInfoEnabled,60] - [2be80bb0-fa6a-48b6-98cc-aa3afdddd12a_config-0] Register server push request handler:com.alibaba.nacos.client.config.impl.ClientWorker$ConfigRpcTransportClient$$Lambda$380/989171574
23:59:12.133 [main] INFO  c.a.n.c.r.client - [printIfInfoEnabled,60] - [2be80bb0-fa6a-48b6-98cc-aa3afdddd12a_config-0] Register server push request handler:com.alibaba.nacos.client.config.impl.ClientWorker$ConfigRpcTransportClient$$Lambda$381/783117220
23:59:12.134 [main] INFO  c.a.n.c.r.client - [printIfInfoEnabled,60] - [2be80bb0-fa6a-48b6-98cc-aa3afdddd12a_config-0] Registry connection listener to current client:com.alibaba.nacos.client.config.impl.ClientWorker$ConfigRpcTransportClient$1
23:59:12.135 [main] INFO  c.a.n.c.r.client - [printIfInfoEnabled,60] - [2be80bb0-fa6a-48b6-98cc-aa3afdddd12a_config-0] RpcClient init, ServerListFactory = com.alibaba.nacos.client.config.impl.ClientWorker$ConfigRpcTransportClient$2
23:59:12.149 [main] INFO  c.a.n.c.r.client - [printIfInfoEnabled,60] - [2be80bb0-fa6a-48b6-98cc-aa3afdddd12a_config-0] Try to connect to server on start up, server: {serverIp = '192.168.2.11', server main port = 8848}
23:59:14.184 [main] INFO  c.a.n.c.r.client - [printIfInfoEnabled,60] - [2be80bb0-fa6a-48b6-98cc-aa3afdddd12a_config-0] Success to connect to server [192.168.2.11:8848] on start up, connectionId = 1656258980826_192.168.2.2_64166
23:59:14.186 [com.alibaba.nacos.client.remote.worker] INFO  c.a.n.c.r.client - [printIfInfoEnabled,60] - [2be80bb0-fa6a-48b6-98cc-aa3afdddd12a_config-0] Notify connected event to listeners.
23:59:14.188 [main] INFO  c.a.n.c.r.client - [printIfInfoEnabled,60] - [2be80bb0-fa6a-48b6-98cc-aa3afdddd12a_config-0] Register server push request handler:com.alibaba.nacos.common.remote.client.RpcClient$ConnectResetRequestHandler
23:59:14.191 [main] INFO  c.a.n.c.r.client - [printIfInfoEnabled,60] - [2be80bb0-fa6a-48b6-98cc-aa3afdddd12a_config-0] Register server push request handler:com.alibaba.nacos.common.remote.client.RpcClient$$Lambda$390/104912388
23:59:14.436 [main] INFO  c.r.f.RuoYiFileApplication - [logStartupProfileInfo,646] - The following 1 profile is active: "dev"
23:59:19.031 [main] INFO  o.a.c.h.Http11NioProtocol - [log,173] - Initializing ProtocolHandler ["http-nio-9300"]
23:59:19.039 [main] INFO  o.a.c.c.StandardService - [log,173] - Starting service [Tomcat]
23:59:19.040 [main] INFO  o.a.c.c.StandardEngine - [log,173] - Starting Servlet engine: [Apache Tomcat/9.0.62]
23:59:19.563 [main] INFO  o.a.c.c.C.[.[.[/] - [log,173] - Initializing Spring embedded WebApplicationContext
