20:39:24.786 [background-preinit] INFO  o.h.v.i.util.Version - [<clinit>,21] - HV000001: Hibernate Validator 6.2.3.Final
20:39:25.995 [main] INFO  c.a.n.c.r.client - [lambda$createClient$0,80] - [RpcClientFactory] create a new rpc client of e74c92e5-dcd9-49c3-8e2a-a35e25888fb7_config-0
20:39:26.105 [main] INFO  o.r.Reflections - [scan,232] - Reflections took 52 ms to scan 1 urls, producing 3 keys and 6 values 
20:39:26.150 [main] INFO  o.r.Reflections - [scan,232] - Reflections took 14 ms to scan 1 urls, producing 4 keys and 9 values 
20:39:26.166 [main] INFO  o.r.Reflections - [scan,232] - Reflections took 12 ms to scan 1 urls, producing 3 keys and 10 values 
20:39:26.372 [main] INFO  o.r.Reflections - [scan,232] - Reflections took 202 ms to scan 198 urls, producing 0 keys and 0 values 
20:39:26.385 [main] INFO  o.r.Reflections - [scan,232] - Reflections took 11 ms to scan 1 urls, producing 1 keys and 5 values 
20:39:26.403 [main] INFO  o.r.Reflections - [scan,232] - Reflections took 14 ms to scan 1 urls, producing 1 keys and 7 values 
20:39:26.416 [main] INFO  o.r.Reflections - [scan,232] - Reflections took 10 ms to scan 1 urls, producing 2 keys and 8 values 
20:39:26.610 [main] INFO  o.r.Reflections - [scan,232] - Reflections took 191 ms to scan 198 urls, producing 0 keys and 0 values 
20:39:26.616 [main] INFO  c.a.n.c.r.client - [printIfInfoEnabled,60] - [e74c92e5-dcd9-49c3-8e2a-a35e25888fb7_config-0] RpcClient init label, labels = {module=config, Vipserver-Tag=null, source=sdk, Amory-Tag=null, Location-Tag=null, taskId=0, AppName=unknown}
20:39:26.617 [main] INFO  c.a.n.c.r.client - [printIfInfoEnabled,60] - [e74c92e5-dcd9-49c3-8e2a-a35e25888fb7_config-0] Register server push request handler:com.alibaba.nacos.client.config.impl.ClientWorker$ConfigRpcTransportClient$$Lambda$380/1344418667
20:39:26.617 [main] INFO  c.a.n.c.r.client - [printIfInfoEnabled,60] - [e74c92e5-dcd9-49c3-8e2a-a35e25888fb7_config-0] Register server push request handler:com.alibaba.nacos.client.config.impl.ClientWorker$ConfigRpcTransportClient$$Lambda$381/1029622903
20:39:26.619 [main] INFO  c.a.n.c.r.client - [printIfInfoEnabled,60] - [e74c92e5-dcd9-49c3-8e2a-a35e25888fb7_config-0] Registry connection listener to current client:com.alibaba.nacos.client.config.impl.ClientWorker$ConfigRpcTransportClient$1
20:39:26.619 [main] INFO  c.a.n.c.r.client - [printIfInfoEnabled,60] - [e74c92e5-dcd9-49c3-8e2a-a35e25888fb7_config-0] RpcClient init, ServerListFactory = com.alibaba.nacos.client.config.impl.ClientWorker$ConfigRpcTransportClient$2
20:39:26.633 [main] INFO  c.a.n.c.r.client - [printIfInfoEnabled,60] - [e74c92e5-dcd9-49c3-8e2a-a35e25888fb7_config-0] Try to connect to server on start up, server: {serverIp = '192.168.2.11', server main port = 8848}
20:39:28.312 [main] INFO  c.a.n.c.r.client - [printIfInfoEnabled,60] - [e74c92e5-dcd9-49c3-8e2a-a35e25888fb7_config-0] Success to connect to server [192.168.2.11:8848] on start up, connectionId = 1656160597163_192.168.2.2_54536
20:39:28.313 [com.alibaba.nacos.client.remote.worker] INFO  c.a.n.c.r.client - [printIfInfoEnabled,60] - [e74c92e5-dcd9-49c3-8e2a-a35e25888fb7_config-0] Notify connected event to listeners.
20:39:28.314 [main] INFO  c.a.n.c.r.client - [printIfInfoEnabled,60] - [e74c92e5-dcd9-49c3-8e2a-a35e25888fb7_config-0] Register server push request handler:com.alibaba.nacos.common.remote.client.RpcClient$ConnectResetRequestHandler
20:39:28.314 [main] INFO  c.a.n.c.r.client - [printIfInfoEnabled,60] - [e74c92e5-dcd9-49c3-8e2a-a35e25888fb7_config-0] Register server push request handler:com.alibaba.nacos.common.remote.client.RpcClient$$Lambda$390/1239813492
20:39:28.496 [main] INFO  c.r.f.RuoYiFileApplication - [logStartupProfileInfo,646] - The following 1 profile is active: "dev"
20:39:31.735 [main] INFO  o.a.c.h.Http11NioProtocol - [log,173] - Initializing ProtocolHandler ["http-nio-9300"]
20:39:31.736 [main] INFO  o.a.c.c.StandardService - [log,173] - Starting service [Tomcat]
20:39:31.736 [main] INFO  o.a.c.c.StandardEngine - [log,173] - Starting Servlet engine: [Apache Tomcat/9.0.62]
20:39:31.928 [main] INFO  o.a.c.c.C.[.[.[/] - [log,173] - Initializing Spring embedded WebApplicationContext
20:39:32.973 [main] INFO  c.a.c.s.SentinelWebMvcConfigurer - [addInterceptors,52] - [Sentinel Starter] register SentinelWebInterceptor with urlPatterns: [/**].
20:39:33.325 [main] INFO  c.a.n.c.r.client - [lambda$createClient$0,80] - [RpcClientFactory] create a new rpc client of dfc2c91b-4611-4c43-a72b-59be46e0450c
20:39:33.325 [main] INFO  c.a.n.c.r.client - [printIfInfoEnabled,60] - [dfc2c91b-4611-4c43-a72b-59be46e0450c] RpcClient init label, labels = {module=naming, source=sdk}
20:39:33.330 [main] INFO  c.a.n.c.r.client - [printIfInfoEnabled,60] - [dfc2c91b-4611-4c43-a72b-59be46e0450c] RpcClient init, ServerListFactory = com.alibaba.nacos.client.naming.core.ServerListManager
20:39:33.330 [main] INFO  c.a.n.c.r.client - [printIfInfoEnabled,60] - [dfc2c91b-4611-4c43-a72b-59be46e0450c] Registry connection listener to current client:com.alibaba.nacos.client.naming.remote.gprc.redo.NamingGrpcRedoService
20:39:33.331 [main] INFO  c.a.n.c.r.client - [printIfInfoEnabled,60] - [dfc2c91b-4611-4c43-a72b-59be46e0450c] Register server push request handler:com.alibaba.nacos.client.naming.remote.gprc.NamingPushRequestHandler
20:39:33.332 [main] INFO  c.a.n.c.r.client - [printIfInfoEnabled,60] - [dfc2c91b-4611-4c43-a72b-59be46e0450c] Try to connect to server on start up, server: {serverIp = '192.168.2.11', server main port = 8848}
20:39:33.872 [main] INFO  c.a.n.c.r.client - [printIfInfoEnabled,60] - [dfc2c91b-4611-4c43-a72b-59be46e0450c] Success to connect to server [192.168.2.11:8848] on start up, connectionId = 1656160602888_192.168.2.2_54556
20:39:33.872 [com.alibaba.nacos.client.remote.worker] INFO  c.a.n.c.r.client - [printIfInfoEnabled,60] - [dfc2c91b-4611-4c43-a72b-59be46e0450c] Notify connected event to listeners.
20:39:33.872 [main] INFO  c.a.n.c.r.client - [printIfInfoEnabled,60] - [dfc2c91b-4611-4c43-a72b-59be46e0450c] Register server push request handler:com.alibaba.nacos.common.remote.client.RpcClient$ConnectResetRequestHandler
20:39:33.872 [main] INFO  c.a.n.c.r.client - [printIfInfoEnabled,60] - [dfc2c91b-4611-4c43-a72b-59be46e0450c] Register server push request handler:com.alibaba.nacos.common.remote.client.RpcClient$$Lambda$390/1239813492
20:39:35.014 [main] INFO  o.a.c.h.Http11NioProtocol - [log,173] - Starting ProtocolHandler ["http-nio-9300"]
20:39:35.049 [main] INFO  c.a.c.n.r.NacosServiceRegistry - [register,75] - nacos registry, DEFAULT_GROUP ruoyi-file 192.168.182.1:9300 register finished
20:39:35.424 [main] INFO  c.r.f.RuoYiFileApplication - [logStarted,61] - Started RuoYiFileApplication in 11.648 seconds (JVM running for 15.438)
20:39:35.442 [main] INFO  c.a.c.n.r.NacosContextRefresher - [registerNacosListenersForApplications,105] - listening config: dataId=ruoyi-file-dev.yml, group=DEFAULT_GROUP
20:39:35.443 [main] INFO  c.a.c.n.r.NacosContextRefresher - [registerNacosListenersForApplications,105] - listening config: dataId=ruoyi-file, group=DEFAULT_GROUP
20:39:35.444 [main] INFO  c.a.c.n.r.NacosContextRefresher - [registerNacosListenersForApplications,105] - listening config: dataId=ruoyi-file.yml, group=DEFAULT_GROUP
20:39:35.612 [nacos-grpc-client-executor-8] INFO  c.a.n.c.r.client - [printIfInfoEnabled,60] - [dfc2c91b-4611-4c43-a72b-59be46e0450c] Receive server push request, request = NotifySubscriberRequest, requestId = 8
20:39:35.620 [nacos-grpc-client-executor-8] INFO  c.a.n.c.r.client - [printIfInfoEnabled,60] - [dfc2c91b-4611-4c43-a72b-59be46e0450c] Ack server push request, request = NotifySubscriberRequest, requestId = 8
20:41:52.074 [http-nio-9300-exec-1] INFO  o.a.c.c.C.[.[.[/] - [log,173] - Initializing Spring DispatcherServlet 'dispatcherServlet'
