23:29:45.699 [background-preinit] INFO  o.h.v.i.util.Version - [<clinit>,21] - HV000001: Hibernate Validator 6.2.3.Final
23:29:47.270 [main] INFO  c.a.n.c.r.client - [lambda$createClient$0,80] - [RpcClientFactory] create a new rpc client of 5cd3d684-59b7-4326-9609-1c405de9b05f_config-0
23:29:47.406 [main] INFO  o.r.Reflections - [scan,232] - Reflections took 77 ms to scan 1 urls, producing 3 keys and 6 values 
23:29:47.464 [main] INFO  o.r.Reflections - [scan,232] - Reflections took 19 ms to scan 1 urls, producing 4 keys and 9 values 
23:29:47.484 [main] INFO  o.r.Reflections - [scan,232] - Reflections took 15 ms to scan 1 urls, producing 3 keys and 10 values 
23:29:47.750 [main] INFO  o.r.Reflections - [scan,232] - Reflections took 260 ms to scan 199 urls, producing 0 keys and 0 values 
23:29:47.764 [main] INFO  o.r.Reflections - [scan,232] - Reflections took 13 ms to scan 1 urls, producing 1 keys and 5 values 
23:29:47.790 [main] INFO  o.r.Reflections - [scan,232] - Reflections took 18 ms to scan 1 urls, producing 1 keys and 7 values 
23:29:47.807 [main] INFO  o.r.Reflections - [scan,232] - Reflections took 11 ms to scan 1 urls, producing 2 keys and 8 values 
23:29:48.020 [main] INFO  o.r.Reflections - [scan,232] - Reflections took 206 ms to scan 199 urls, producing 0 keys and 0 values 
23:29:48.022 [main] INFO  c.a.n.c.r.client - [printIfInfoEnabled,60] - [5cd3d684-59b7-4326-9609-1c405de9b05f_config-0] RpcClient init label, labels = {module=config, Vipserver-Tag=null, source=sdk, Amory-Tag=null, Location-Tag=null, taskId=0, AppName=unknown}
23:29:48.024 [main] INFO  c.a.n.c.r.client - [printIfInfoEnabled,60] - [5cd3d684-59b7-4326-9609-1c405de9b05f_config-0] Register server push request handler:com.alibaba.nacos.client.config.impl.ClientWorker$ConfigRpcTransportClient$$Lambda$383/634756892
23:29:48.024 [main] INFO  c.a.n.c.r.client - [printIfInfoEnabled,60] - [5cd3d684-59b7-4326-9609-1c405de9b05f_config-0] Register server push request handler:com.alibaba.nacos.client.config.impl.ClientWorker$ConfigRpcTransportClient$$Lambda$384/1262223204
23:29:48.026 [main] INFO  c.a.n.c.r.client - [printIfInfoEnabled,60] - [5cd3d684-59b7-4326-9609-1c405de9b05f_config-0] Registry connection listener to current client:com.alibaba.nacos.client.config.impl.ClientWorker$ConfigRpcTransportClient$1
23:29:48.027 [main] INFO  c.a.n.c.r.client - [printIfInfoEnabled,60] - [5cd3d684-59b7-4326-9609-1c405de9b05f_config-0] RpcClient init, ServerListFactory = com.alibaba.nacos.client.config.impl.ClientWorker$ConfigRpcTransportClient$2
23:29:48.049 [main] INFO  c.a.n.c.r.client - [printIfInfoEnabled,60] - [5cd3d684-59b7-4326-9609-1c405de9b05f_config-0] Try to connect to server on start up, server: {serverIp = '192.168.2.11', server main port = 8848}
23:29:50.294 [main] INFO  c.a.n.c.r.client - [printIfInfoEnabled,60] - [5cd3d684-59b7-4326-9609-1c405de9b05f_config-0] Success to connect to server [192.168.2.11:8848] on start up, connectionId = 1655162843930_192.168.2.2_61083
23:29:50.295 [com.alibaba.nacos.client.remote.worker] INFO  c.a.n.c.r.client - [printIfInfoEnabled,60] - [5cd3d684-59b7-4326-9609-1c405de9b05f_config-0] Notify connected event to listeners.
23:29:50.296 [main] INFO  c.a.n.c.r.client - [printIfInfoEnabled,60] - [5cd3d684-59b7-4326-9609-1c405de9b05f_config-0] Register server push request handler:com.alibaba.nacos.common.remote.client.RpcClient$ConnectResetRequestHandler
23:29:50.297 [main] INFO  c.a.n.c.r.client - [printIfInfoEnabled,60] - [5cd3d684-59b7-4326-9609-1c405de9b05f_config-0] Register server push request handler:com.alibaba.nacos.common.remote.client.RpcClient$$Lambda$393/162416825
23:29:50.466 [main] INFO  c.r.f.RuoYiFileApplication - [logStartupProfileInfo,646] - The following 1 profile is active: "dev"
23:29:54.469 [main] INFO  o.a.c.h.Http11NioProtocol - [log,173] - Initializing ProtocolHandler ["http-nio-9300"]
23:29:54.470 [main] INFO  o.a.c.c.StandardService - [log,173] - Starting service [Tomcat]
23:29:54.471 [main] INFO  o.a.c.c.StandardEngine - [log,173] - Starting Servlet engine: [Apache Tomcat/9.0.62]
23:29:54.696 [main] INFO  o.a.c.c.C.[.[.[/] - [log,173] - Initializing Spring embedded WebApplicationContext
23:29:56.104 [main] INFO  c.a.c.s.SentinelWebMvcConfigurer - [addInterceptors,52] - [Sentinel Starter] register SentinelWebInterceptor with urlPatterns: [/**].
23:29:56.519 [main] INFO  c.a.n.c.r.client - [lambda$createClient$0,80] - [RpcClientFactory] create a new rpc client of 2d06b9f8-507a-4423-a4d9-6d6eb7609737
23:29:56.520 [main] INFO  c.a.n.c.r.client - [printIfInfoEnabled,60] - [2d06b9f8-507a-4423-a4d9-6d6eb7609737] RpcClient init label, labels = {module=naming, source=sdk}
23:29:56.527 [main] INFO  c.a.n.c.r.client - [printIfInfoEnabled,60] - [2d06b9f8-507a-4423-a4d9-6d6eb7609737] RpcClient init, ServerListFactory = com.alibaba.nacos.client.naming.core.ServerListManager
23:29:56.528 [main] INFO  c.a.n.c.r.client - [printIfInfoEnabled,60] - [2d06b9f8-507a-4423-a4d9-6d6eb7609737] Registry connection listener to current client:com.alibaba.nacos.client.naming.remote.gprc.redo.NamingGrpcRedoService
23:29:56.530 [main] INFO  c.a.n.c.r.client - [printIfInfoEnabled,60] - [2d06b9f8-507a-4423-a4d9-6d6eb7609737] Register server push request handler:com.alibaba.nacos.client.naming.remote.gprc.NamingPushRequestHandler
23:29:56.531 [main] INFO  c.a.n.c.r.client - [printIfInfoEnabled,60] - [2d06b9f8-507a-4423-a4d9-6d6eb7609737] Try to connect to server on start up, server: {serverIp = '192.168.2.11', server main port = 8848}
23:29:56.666 [main] INFO  c.a.n.c.r.client - [printIfInfoEnabled,60] - [2d06b9f8-507a-4423-a4d9-6d6eb7609737] Success to connect to server [192.168.2.11:8848] on start up, connectionId = 1655162850589_192.168.2.2_61102
23:29:56.667 [com.alibaba.nacos.client.remote.worker] INFO  c.a.n.c.r.client - [printIfInfoEnabled,60] - [2d06b9f8-507a-4423-a4d9-6d6eb7609737] Notify connected event to listeners.
23:29:56.667 [main] INFO  c.a.n.c.r.client - [printIfInfoEnabled,60] - [2d06b9f8-507a-4423-a4d9-6d6eb7609737] Register server push request handler:com.alibaba.nacos.common.remote.client.RpcClient$ConnectResetRequestHandler
23:29:56.668 [main] INFO  c.a.n.c.r.client - [printIfInfoEnabled,60] - [2d06b9f8-507a-4423-a4d9-6d6eb7609737] Register server push request handler:com.alibaba.nacos.common.remote.client.RpcClient$$Lambda$393/162416825
23:29:58.251 [main] INFO  o.a.c.h.Http11NioProtocol - [log,173] - Starting ProtocolHandler ["http-nio-9300"]
23:29:58.290 [main] INFO  c.a.c.n.r.NacosServiceRegistry - [register,75] - nacos registry, DEFAULT_GROUP ruoyi-file 192.168.182.1:9300 register finished
23:29:58.764 [main] INFO  c.r.f.RuoYiFileApplication - [logStarted,61] - Started RuoYiFileApplication in 14.288 seconds (JVM running for 21.759)
23:29:58.790 [main] INFO  c.a.c.n.r.NacosContextRefresher - [registerNacosListenersForApplications,105] - listening config: dataId=ruoyi-file-dev.yml, group=DEFAULT_GROUP
23:29:58.791 [main] INFO  c.a.c.n.r.NacosContextRefresher - [registerNacosListenersForApplications,105] - listening config: dataId=ruoyi-file, group=DEFAULT_GROUP
23:29:58.791 [main] INFO  c.a.c.n.r.NacosContextRefresher - [registerNacosListenersForApplications,105] - listening config: dataId=ruoyi-file.yml, group=DEFAULT_GROUP
23:29:58.815 [nacos-grpc-client-executor-7] INFO  c.a.n.c.r.client - [printIfInfoEnabled,60] - [2d06b9f8-507a-4423-a4d9-6d6eb7609737] Receive server push request, request = NotifySubscriberRequest, requestId = 16
23:29:58.821 [nacos-grpc-client-executor-7] INFO  c.a.n.c.r.client - [printIfInfoEnabled,60] - [2d06b9f8-507a-4423-a4d9-6d6eb7609737] Ack server push request, request = NotifySubscriberRequest, requestId = 16
23:30:24.891 [http-nio-9300-exec-1] INFO  o.a.c.c.C.[.[.[/] - [log,173] - Initializing Spring DispatcherServlet 'dispatcherServlet'
